0.002101 49
2.682399 1
0.264998 1
0.203803 1
0.218901 1
0.120153 1
0.242750 1
0.015872 1
0.869877 1
0.299066 1
0.134937 1
0.303637 1
0.465693 11
2.147734 18
0.003140 25
1.111766 1
0.273683 1
0.112280 1
0.207845 1
0.097527 1
0.649295 1
0.325476 1
0.321819 2
0.065589 37
3.405294 1
0.055038 1
0.527528 1
0.307117 1
0.234768 1
0.409196 2
0.014846 414
4.197852 1
0.337220 1
0.184979 1
0.148634 1
0.200919 1
0.271031 1
0.258453 1
0.207142 1
0.202253 1
0.108278 1
0.178945 1
0.065424 1
0.182783 1
0.797223 1
0.211477 1
0.155500 1
0.139814 1
0.467155 1
0.466820 1
0.115513 1
0.223597 1
0.101855 1
0.138275 1
0.135990 1
0.111406 1
0.327963 4
0.070955 1
0.135472 1
0.961095 1
0.189123 1
0.080356 1
0.209435 1
0.198954 1
0.537129 1
0.058665 1
0.255300 1
0.782926 1
1.150000 1
0.423381 1
0.095920 1
0.212647 1
0.188451 1
0.295444 1
0.135401 1
0.306356 1
0.261989 2
0.567636 29
0.706094 43
1.591182 4
0.562291 1
0.481401 1
0.500186 1
0.029566 1
0.032262 1
0.027114 1
0.029957 1
0.029106 1
0.030361 1
0.030412 1
0.029358 1
0.710584 3
0.589765 23
0.117449 19
0.957734 1
0.500181 1
0.028510 1
0.029772 1
0.030465 1
0.031085 1
0.032634 1
0.026699 1
0.029350 1
0.030283 1
0.029750 1
0.029492 1
0.030706 1
0.029348 1
0.030653 1
0.318423 1
0.348321 5
0.130401 5
0.259434 2
0.539817 29
0.371582 43
1.732103 4
0.436127 1
0.601659 1
0.500439 1
0.029680 1
0.029028 1
0.030823 1
0.031525 1
0.028038 1
0.030171 1
0.217932 1
0.242629 23
0.115881 19
0.254386 1
0.502257 1
0.027755 1
0.030720 1
0.030473 1
0.029345 1
0.030429 1
0.029209 1
0.029329 1
0.030445 1
0.030726 1
0.029444 1
0.029290 1
0.030433 1
0.181689 1
0.204141 1
0.196283 5
0.203265 5
0.385080 2
0.480530 29
0.635811 43
1.198795 4
0.700938 1
0.557252 1
0.500205 1
0.030661 1
0.033556 1
0.025563 1
0.030297 1
0.030508 1
0.030562 1
0.028743 1
0.248179 1
1.219689 22
0.947860 19
0.343902 1
0.500815 1
0.028310 1
0.030613 1
0.029057 1
0.031629 1
0.028457 1
0.029880 1
0.029598 1
0.164235 1
0.209510 1
0.178313 1
0.199872 1
0.156484 1
0.228810 1
0.206917 1
0.663892 5
0.570398 5
0.653759 2
0.514248 29
3.301687 1
0.295658 1
0.156457 1
0.187684 1
0.197592 1
0.112239 1
0.373090 4
0.190569 4
0.170476 4
0.169954 4
0.135884 1
0.190536 1
0.318967 4
0.162490 4
0.140860 1
0.135268 1
0.235685 1
0.206997 1
0.303868 4
0.162648 4
0.106788 1
0.171924 1
0.121962 1
0.209254 1
0.064170 1
0.169462 1
0.177164 2
0.008125 440
5.356125 1
0.232688 1
0.179473 1
0.468274 1
0.196787 1
0.114167 1
0.115701 1
0.189823 1
0.177606 1
0.080198 1
0.401149 1
0.471937 1
0.269631 2
0.008330 1247
3.823744 1
0.197368 1
0.262925 1
0.121473 1
1.601925 1
0.092198 1
0.568790 1
0.111823 1
0.476935 1
0.102923 1
0.234313 1
0.862573 1
0.453099 1
0.210893 1
0.206032 1
0.146451 1
0.094025 1
0.217048 1
0.294909 1
0.367753 1
1.145171 4
0.290663 1
0.363684 1
0.422988 4
0.190603 4
0.074880 1
0.377157 1
1.055512 1
0.438372 1
0.210673 1
0.230688 1
0.188391 1
0.179568 1
0.127346 1
0.133484 1
0.251459 1
2.541609 2
0.057417 29
1.312122 30
0.349400 4
0.137746 1
0.231592 1
0.500374 1
0.028260 1
0.030510 1
0.030431 1
0.030305 1
0.491937 17
0.414385 17
1.527058 13
0.509952 2
0.044461 29
0.513524 29
0.872523 4
0.572518 1
0.409947 1
0.500470 1
0.030145 1
0.029921 1
0.029990 1
1.555350 1
0.413746 17
0.218595 17
0.151632 17
0.127269 13
0.266490 13
0.106701 13
0.232505 13
1.724611 13
0.297163 13
0.393358 2
0.058494 29
1.031316 32
0.879739 4
0.336359 1
0.370338 1
0.500928 1
0.029656 1
0.028302 1
0.218664 1
0.178846 1
1.287055 17
0.198029 17
0.207729 17
0.186698 17
0.184930 17
0.150794 17
0.063976 13
0.320231 13
0.375079 17
0.223104 13
0.372389 13
0.540525 2
0.060386 29
2.094884 1
0.140393 1
0.187778 1
0.117753 1
0.210956 1
0.117802 1
0.152272 1
0.133087 1
0.199125 1
0.115233 1
0.171773 1
1.077023 1
0.851800 1
0.167376 1
0.199369 1
0.324382 1
0.074664 1
0.116271 1
0.161619 1
0.602176 1
0.748822 1
0.212147 1
0.242090 1
0.239084 1
0.199785 1
0.086657 1
0.430841 1
0.132816 1
0.204453 1
0.478935 1
0.201065 2
0.028072 333
6.235371 1
0.217966 1
0.126538 1
0.123036 1
0.970076 1
0.204533 1
0.140608 1
0.225399 1
0.142613 1
0.766271 1
0.480765 1
0.644864 1
1.782158 3
0.913320 3
0.152371 3
0.392614 3
1.567522 3
1.559939 1
0.760264 1
0.242329 1
0.196193 1
0.257264 1
0.255404 1
0.231192 1
0.250804 1
0.144139 1
0.204501 1
0.937218 1
0.565237 1
1.540563 1
0.231526 1
0.472630 1
0.148043 1
0.195227 1
0.098436 1
2.432556 1
2.211960 1
1.420805 1
11.123137 66
2.948970 2
0.007361 85
0.008305 43
0.312262 114
0.226390 12
0.458951 40
0.231565 190
0.227623 101
0.224507 101
0.225055 101
0.238498 101
0.213917 101
0.226691 101
0.237841 101
0.358836 101
0.191404 101
0.202190 101
0.201295 101
0.200336 101
0.211983 101
0.201281 101
0.224858 101
0.232063 101
0.220263 101
0.225387 101
0.224744 101
0.224363 101
0.230115 101
0.225296 101
0.222307 101
0.257537 101
0.199869 101
0.221444 101
0.225760 101
0.226344 101
0.226118 101
0.230354 101
0.222271 101
0.229829 101
0.317744 101
0.193232 101
0.141705 198
0.009317 128
0.000874 114
0.219442 12
0.440960 40
0.224368 190
0.221142 101
0.217185 101
0.218121 101
0.233358 101
0.220875 101
0.220977 101
0.203000 101
0.219292 101
0.218637 101
0.218656 101
0.220001 101
0.217560 101
0.221256 101
0.219621 101
0.216246 101
0.200292 101
0.201150 101
0.200858 101
0.200975 101
0.204666 101
0.200019 101
0.202212 101
0.198693 101
0.395406 101
0.209097 101
0.278029 101
0.200815 101
0.200999 101
0.025093 198
0.013624 128
0.000912 114
0.216493 12
0.435349 40
0.220490 190
0.215972 101
0.220261 101
0.211039 101
0.219339 101
0.212953 101
0.216644 101
0.215492 101
0.333440 101
0.201762 101
0.200555 101
0.199920 101
0.203043 101
0.216697 101
0.216875 101
0.216083 101
0.214473 101
0.217687 101
1.540642 101
0.190597 101
0.306405 101
0.201202 101
0.201142 101
0.200026 101
0.201280 101
0.204121 101
0.201901 101
0.216583 101
1.795068 101
0.214041 101
0.273859 101
0.201011 101
0.200883 101
0.200445 101
0.200290 101
0.218635 101
0.020103 198
0.014514 128
0.001035 114
0.224452 12
0.454450 40
0.227800 190
0.223837 101
0.224026 101
0.233530 101
0.298860 101
0.552495 101
0.078065 101
0.200796 101
0.201672 101
0.225677 101
0.223462 101
0.222271 101
0.224006 101
0.223922 101
0.223662 101
0.224740 101
0.224899 101
0.223493 101
0.225184 101
0.220892 101
0.223257 101
0.266849 101
0.216087 101
0.266605 101
0.191129 101
0.208907 101
0.224306 101
0.224169 101
0.224019 101
0.221576 101
0.259232 101
0.212252 101
0.223656 101
0.223380 101
0.225495 101
0.005243 227
1.144258 1
0.207380 1
0.133952 1
1.361127 1
0.336467 1
0.478041 1
0.333767 1
0.453306 4
0.169538 1
0.567629 1
0.460379 1
0.143708 1
0.146417 1
1.010295 1
0.322430 2
0.014593 7
0.003285 388
4.331468 1
0.145471 1
0.205974 1
0.088032 1
0.521586 1
0.207211 1
0.042857 1
0.120372 1
0.204553 2
0.021292 228
3.044376 1
0.105259 1
0.180485 1
0.053332 1
0.493943 1
0.090856 1
0.138985 1
0.133483 1
0.222842 1
0.131715 1
0.172926 1
0.149637 1
1.416288 1
0.118959 1
0.154757 1
0.209501 1
0.065693 1
0.112554 1
0.138586 1
0.765416 1
0.074806 1
0.235350 1
0.242235 1
0.097943 1
0.235063 1
0.212389 1
0.451010 1
0.245739 1
0.200579 1
0.076403 1
0.145069 1
0.219797 1
0.291597 1
0.782607 1
0.145453 1
0.211213 1
0.234090 1
0.078667 1
0.140469 1
0.119434 1
0.557027 1
0.222759 1
0.163323 1
0.200683 1
0.116331 1
0.170085 1
0.216253 2
0.012234 220
0.000417 29
6.444923 1
0.246011 1
0.166357 1
0.105909 1
0.123479 1
0.583206 1
0.339990 4
0.059996 1
0.418182 1
0.843809 1
0.372732 1
0.215963 1
0.272145 1
0.093977 1
0.225328 1
0.068497 1
0.088027 1
0.220769 1
0.661322 1
0.224804 1
0.347452 1
0.392069 1
0.270580 1
0.214844 1
1.726093 1
0.338677 1
0.151502 1
0.413348 1
0.311108 1
0.330487 1
0.225270 1
0.148296 1
0.076294 1
0.147357 1
0.080574 1
0.650327 1
0.247435 1
0.121439 1
0.305638 1
0.458238 1
0.097282 1
0.281772 1
0.066783 1
0.174440 1
0.136224 1
0.205157 1
0.042731 1
11.375880 1
0.465757 1
0.144275 1
0.602289 1
0.554790 554
0.780318 2
0.011714 160
0.010738 115
0.041588 12
0.086044 40
0.162009 222
0.000194 94
5.545102 694
0.062088 155
0.043959 12
0.089890 40
0.325780 185
0.199754 101
0.332170 101
0.199775 101
0.062685 212
6.946658 1
0.198665 1
0.214560 1
0.160083 1
0.661825 1
0.617181 1
0.452156 1
0.348632 1
0.283605 1
0.263422 1
0.263028 1
0.076244 1
0.250368 1
0.076273 1
0.227565 1
0.058449 1
0.069746 1
1.330848 1
0.300087 1
0.215632 1
0.189652 1
0.352610 1
0.339900 1
0.308474 1
0.302181 2
0.010421 33
3.016106 19
3.149228 29
6.418349 1
0.198546 1
0.234612 1
0.164898 1
0.179945 1
0.151275 1
0.723225 1
0.197968 1
0.221428 1
0.218078 1
0.089944 1
0.075039 1
0.096253 1
0.563507 1
0.293615 1
0.101809 1
0.408093 1
0.148472 1
0.353978 1
0.203104 1
0.389524 4
0.179413 1
0.191648 1
0.161657 1
0.246727 1
0.119175 1
0.191613 1
0.084855 1
0.175863 1
0.507643 1
2.264801 2
0.095316 328
7.458847 1
0.383376 1
0.148022 1
0.163798 1
0.175913 1
0.096039 1
0.322682 4
0.170081 4
0.176815 4
0.163288 4
0.111619 1
0.390276 1
0.173521 1
0.133495 1
0.202644 1
0.523028 1
2.007669 4
0.194056 4
0.262161 1
0.214886 1
0.223096 1
0.179589 1
0.068475 1
0.182679 1
0.092082 1
0.096033 1
0.182762 1
0.726267 1
0.373675 1
0.138907 1
0.237553 1
0.156701 1
0.202958 1
0.241809 1
0.221490 1
0.069762 1
0.194291 1
0.081833 1
0.140326 1
0.336330 1
0.358785 1
0.257649 1
0.191361 1
0.132330 1
0.153462 1
0.350493 2
0.185196 29
1.681063 1
0.095731 1
0.204732 1
0.188057 1
0.241458 1
0.211027 1
0.097333 1
0.274172 1
0.220182 4
0.153100 4
0.145947 4
0.170139 4
0.253942 1
0.377074 1
0.092265 1
0.181959 1
0.154548 1
0.063917 1
0.140072 1
0.112571 1
0.181108 2
0.015027 12
0.001509 1624
6.726481 1
0.423323 1
0.167433 1
0.172000 1
0.186557 1
0.144091 1
0.574570 4
0.191255 4
0.172170 4
0.153619 4
0.096180 1
0.169059 1
0.189126 1
0.143521 1
0.276714 1
0.192085 1
0.813379 4
0.160130 4
0.096147 1
0.142579 1
0.164332 1
0.209003 1
0.268298 1
0.113346 1
0.166608 1
0.121523 1
0.184544 1
0.194350 1
0.112783 1
0.132843 1
0.215497 2
0.005842 4095
0.000012 32
2.085088 1
0.119362 1
0.343740 1
0.808377 1
0.341588 1
0.182906 1
0.150386 1
0.164217 1
3.153571 1
0.122758 1
0.175983 1
0.168866 1
0.240453 1
0.134428 1
0.269740 1
0.159938 1
2.657911 2
0.007175 4095
0.000014 115
9.118729 1
0.134695 1
0.180046 1
0.119150 1
0.257955 1
0.095867 1
0.132113 1
0.090137 1
0.588721 1
0.220467 1
0.137242 1
0.108830 1
0.253182 1
0.097929 1
0.170886 1
0.097421 1
0.058860 1
0.132101 1
0.220417 1
0.111596 1
0.137438 1
0.117774 1
0.222674 2
0.022677 88
3.423990 22
0.120808 1
0.498935 1
0.029657 1
0.031535 1
0.028716 1
0.029753 1
0.733056 5
0.380695 5
0.284702 5
0.249056 5
0.711087 5
0.499859 5
0.027766 5
0.031070 5
0.029255 5
0.030933 5
0.030200 5
0.028922 5
0.029557 5
0.030229 5
0.941719 5
0.490753 3
0.256413 11
0.187045 11
0.295286 13
0.382416 13
0.133381 11
0.124284 11
0.141407 11
0.259594 11
0.411996 2
0.006941 94
0.860968 21
1.405266 1
0.198763 1
0.176083 1
0.170437 1
0.173159 1
0.292941 15
0.142354 15
0.148145 15
0.148199 15
0.153098 15
0.170790 15
0.312919 11
0.161663 11
0.130469 11
0.206551 11
0.752706 11
0.119647 11
0.124150 11
0.138698 11
0.230701 2
0.020083 98
0.740266 23
0.382529 1
0.201347 1
0.167915 1
0.175048 1
0.130625 1
1.152804 15
0.500355 15
0.042316 15
0.020205 15
0.030133 15
0.028957 15
0.028108 15
0.271675 15
0.188509 15
0.224708 15
0.218224 11
0.114532 11
0.214534 11
0.243069 11
0.101059 11
0.269748 11
0.104228 11
0.185999 11
0.514611 11
0.187403 11
0.086787 11
0.289377 2
0.017456 102
0.789209 24
0.178454 1
0.502595 1
0.176667 1
0.146879 1
0.630765 13
0.499992 13
0.030598 11
0.033112 13
0.024912 13
0.033089 13
0.027165 13
0.029942 13
0.029664 13
0.030058 13
0.030000 11
0.312718 13
0.377146 9
0.133624 9
0.106952 9
0.106649 9
0.091729 9
0.194313 9
0.135204 9
0.192356 9
0.107744 9
3.631899 2
0.012298 98
5.744725 1
0.584254 1
0.182987 1
0.101636 1
0.147575 1
0.623522 1
0.334823 1
1.209126 1
0.225412 1
0.171048 1
0.117464 1
0.130055 1
1.104700 4
0.707751 1
0.295780 1
1.392341 1
0.224341 1
0.100342 1
0.168435 1
0.362581 1
0.607611 1
0.386160 4
0.195609 1
0.194037 1
0.127947 1
0.222567 1
0.065665 1
0.839136 1
0.247452 1
0.170555 1
0.226933 1
0.259700 1
0.320898 1
0.268326 1
0.129696 1
0.112224 1
0.106924 1
0.085461 1
0.307824 1
0.793543 4
0.072891 1
0.311271 1
0.241514 1
0.149424 1
0.220592 1
0.100138 1
0.276744 1
0.101755 1
0.172976 1
0.102898 1
0.213369 1
0.053546 1
2.200302 1
8.258642 1
0.133442 1
0.290348 1
0.772076 554
0.762681 2
0.033203 111
0.014258 49
0.017839 115
0.040838 12
0.085125 40
0.163032 222
0.000323 94
3.413142 694
0.061315 155
0.044162 12
0.090308 40
0.347702 192
0.200146 101
0.243872 101
0.197052 213
6.374883 1
0.138455 1
0.113636 1
0.435096 1
0.204844 1
0.247404 1
0.254229 1
0.161277 1
0.208965 1
0.106893 1
0.065620 1
0.198870 1
1.308491 1
0.154173 1
0.171139 1
0.101714 1
0.254519 1
0.514513 1
0.155345 1
0.244879 1
0.138897 1
0.367501 1
0.467453 1
0.220061 1
0.152839 1
0.124452 1
0.273880 1
0.160286 1
1.021226 1
1.131686 1
0.493649 1
0.342553 4
0.134866 1
0.215189 1
0.202590 1
0.150755 1
1.411294 1
0.253551 1
0.194981 1
0.063844 1
0.143270 1
0.274765 1
0.751334 1
0.285825 1
0.121472 1
0.272389 1
0.139514 1
0.187003 2
0.427046 29
3.124064 1
0.130230 1
0.219807 1
0.068036 1
0.108388 1
0.193922 1
0.233877 1
0.369337 4
0.133290 1
0.151175 1
0.155376 1
0.097616 1
0.247153 1
0.258249 1
0.141587 1
0.234606 1
0.122830 1
1.125108 1
1.071240 1
0.342619 1
0.218549 1
0.111911 1
0.119237 1
0.117668 1
0.647277 1
0.137713 1
1.035226 1
0.245119 3
0.240644 3
0.215144 3
0.198489 3
0.242043 3
0.360952 7
0.100033 3
0.144311 3
1.381221 3
0.452214 3
0.347686 7
0.303662 3
0.109483 3
0.161774 3
0.185808 3
0.175907 3
0.144798 3
0.070042 3
0.436845 2
0.018947 72
6.125975 1
0.117568 1
0.203988 1
0.143992 1
0.597354 1
1.036625 5
0.564982 123
0.438564 2
0.007239 70
8.513675 1
0.197161 1
0.097654 1
0.111156 1
0.203855 1
0.081446 1
0.209011 2
0.015123 35
0.547786 1
0.214671 1
0.119193 1
0.136448 1
0.270250 2
0.002212 8
0.005256 49
0.375475 1
0.229270 1
0.153635 1
0.119893 1
0.237723 11
0.000038 6
