0.001499 49
6.287571 1
0.193207 1
0.186335 1
0.189040 1
0.102070 1
0.196838 1
0.085535 1
0.128298 1
0.217129 1
0.154461 1
0.133819 1
0.305799 2
0.000011 9
2.118410 53
0.054111 45
2.004419 1
0.238076 1
0.263048 1
0.303922 1
0.159753 1
0.311164 1
0.162838 1
0.181162 1
0.181270 1
0.209758 1
0.184991 1
0.137517 1
2.263253 1
0.317968 1
0.965947 1
0.848032 1
1.281365 4
0.567611 1
0.229256 1
0.208140 1
1.209645 1
0.085478 1
0.197186 1
0.219940 1
0.339701 1
0.153701 1
0.294961 1
1.088622 1
0.205679 1
0.262946 1
0.160303 1
0.053598 1
0.901998 1
0.233196 1
0.512148 4
0.531758 1
0.211638 1
0.122932 1
0.175179 1
0.547949 1
0.367610 4
0.672742 1
0.165504 1
0.762527 4
1.373767 1
0.245424 1
0.307773 1
0.488490 1
0.090753 1
0.208179 1
0.281359 1
0.080693 1
0.187967 1
0.167638 1
0.048029 1
0.212920 1
0.414122 1
0.198782 4
1.740485 1
0.359458 1
0.279601 1
0.714743 1
0.328532 1
0.117535 1
0.193889 1
0.204221 1
0.080056 1
0.090893 1
0.597718 1
1.160023 4
0.485113 1
0.275240 1
0.230947 1
0.101555 1
0.198697 1
0.074934 1
0.247568 1
0.201750 1
0.228288 1
0.177499 1
0.537955 1
0.159578 1
0.209567 4
2.196077 1
0.187365 1
0.199431 1
1.476596 1
0.661448 1
0.155918 1
0.080239 1
0.222407 1
0.048075 1
0.518725 1
0.333066 1
1.986622 4
0.296953 1
0.267861 1
0.147264 1
0.154330 2
0.391636 45
0.473051 100
0.070840 23
0.000461 22
6.047246 1
0.075330 1
0.199417 1
0.053483 1
0.348596 4
0.146456 1
0.397868 4
0.149286 4
0.063972 1
0.117893 1
0.164167 1
0.610899 1
0.337672 1
0.282477 2
0.141630 20
0.000304 19
0.767490 1
0.316343 1
0.354992 1
0.338963 1
9.434511 14
1.741538 1
0.095857 1
0.217198 4
5.550186 15
0.964387 1
0.352468 1
0.776060 4
3.983141 6
0.771608 4
1.033187 1
0.195394 1
0.336399 4
0.107136 1
0.313363 1
0.849566 4
0.185393 4
0.277511 1
0.327833 4
0.080191 1
0.584139 1
0.754942 1
0.096194 1
0.193563 1
0.233392 1
0.133704 1
0.199004 1
0.516780 1
0.085526 1
0.353851 1
0.254867 1
0.181440 4
1.249375 1
0.245168 1
0.244941 1
0.408021 4
0.156187 4
0.332635 1
0.273764 1
0.713063 1
0.163033 1
0.189092 1
0.181629 1
0.211584 1
0.096471 1
0.112199 1
0.817112 1
0.244281 4
4.531946 12
1.067635 4
3.639493 11
0.795985 4
0.861508 1
0.201031 1
0.117851 1
0.161607 2
0.284795 45
1.387601 101
0.427771 101
0.399820 101
0.400761 101
0.368906 101
0.394578 101
1.000635 101
1.218124 101
0.721870 101
1.280095 101
0.598362 101
0.401769 101
0.433779 101
0.550633 101
0.714665 101
0.302726 101
0.558007 101
0.443168 101
0.306439 101
0.537290 101
0.785385 101
0.336800 101
0.556164 101
0.426805 101
0.549424 101
0.504823 101
0.308958 101
0.501020 101
0.656299 101
0.425459 101
0.393438 101
0.375337 101
0.342908 101
0.303231 101
0.481358 101
0.322776 101
0.534095 101
0.368658 101
0.534523 101
0.722543 101
0.518642 101
0.392650 101
0.533738 101
0.665380 101
0.405837 101
0.531717 101
0.361708 101
0.513560 101
0.597951 101
0.380872 101
0.346285 101
0.579220 101
0.618615 101
0.484181 101
0.405980 101
0.409625 101
0.530370 101
0.798903 101
0.448702 101
0.529046 101
0.471350 101
0.476301 101
0.429177 101
0.536358 101
0.402293 101
0.312214 101
0.420799 101
0.387151 101
0.363822 101
0.660808 101
0.306747 101
0.390589 101
0.303843 101
0.368809 101
0.301782 101
0.330569 101
0.524310 101
0.308602 101
0.325540 101
0.561697 101
0.721157 101
0.356424 101
0.655387 101
0.551378 101
0.306564 101
0.520931 101
0.319934 101
0.447781 101
0.405094 101
0.739521 101
0.471922 101
0.539962 101
0.582986 101
0.468493 101
1.199247 101
0.345268 101
0.549221 101
0.682871 101
0.313710 101
0.591911 101
0.518789 101
0.624438 101
0.375153 101
0.748939 101
0.750680 101
0.502041 101
0.673228 101
0.327658 101
1.001311 101
0.737613 101
1.263501 101
0.322215 101
0.502015 101
0.645683 101
0.442320 101
0.314392 101
0.429005 101
0.344750 101
0.416015 101
0.329306 101
0.456764 101
0.535512 101
0.352075 101
0.528757 101
0.381836 101
0.499478 101
0.500875 101
0.582880 101
0.417443 101
0.406943 101
0.500078 101
1.094092 101
0.307135 101
0.348109 101
0.346885 101
0.698699 101
0.301220 101
0.317866 101
0.459696 101
1.224484 101
0.455686 101
0.394297 101
0.364215 101
0.365071 101
0.321046 101
0.476836 101
0.309703 101
0.313762 101
0.451865 101
0.549697 101
0.456629 101
0.530756 101
0.316456 101
0.362591 101
0.334315 101
0.308882 101
0.595029 101
0.312676 101
0.408943 101
0.375841 101
0.487521 101
0.513060 101
0.304191 101
0.545336 101
0.340836 101
0.534454 101
0.387777 101
0.535674 101
0.352902 101
0.367353 101
0.538787 101
0.599249 101
0.499017 101
0.765335 101
0.638451 101
0.545384 101
0.614031 101
0.439740 101
0.438701 101
0.537871 101
0.631050 101
0.307343 101
1.086778 101
0.322116 101
0.553309 101
0.634672 101
0.490371 101
0.486988 101
0.422089 101
1.092782 101
0.611746 101
0.388135 101
1.001456 101
0.790080 101
0.794231 101
0.345475 101
1.071920 101
0.773336 101
0.686745 101
0.540903 101
0.304914 101
0.511184 101
0.686027 101
0.300131 101
0.540851 101
0.523140 101
1.136899 101
0.500728 101
0.349307 101
1.151049 101
0.302031 101
0.545687 101
0.626350 101
0.518573 101
0.551655 101
0.456565 101
0.717769 101
0.800361 101
0.302967 101
0.630231 101
0.550979 101
0.748725 101
0.541319 101
0.553518 101
0.636475 101
0.522667 101
0.800414 101
0.308204 101
0.513015 101
0.307830 101
1.071284 101
0.480221 101
0.521548 101
0.719044 101
0.624032 101
0.555050 101
0.714388 101
0.388797 101
0.444953 101
0.556861 101
0.407604 101
0.555374 101
0.300347 101
0.549034 101
0.398829 101
0.552627 101
1.237749 101
0.500728 101
0.499148 101
0.375842 101
0.557241 101
0.328725 101
0.552015 101
0.307459 101
0.500897 101
0.380420 101
0.999871 101
0.702046 101
0.711403 101
0.540331 101
0.562461 101
0.486201 101
0.609447 101
0.390297 101
0.410969 101
0.552300 101
0.567433 101
0.470334 101
0.330862 101
0.553199 101
0.641206 101
0.478664 101
0.636106 101
0.364170 101
0.405562 101
0.539530 101
0.337952 101
0.340851 101
0.377310 101
0.634129 101
0.365810 101
0.648117 101
0.353340 101
0.786341 101
0.739750 101
0.473639 101
0.304448 101
0.544117 101
0.722373 101
0.431579 101
0.409844 101
0.549924 101
0.650226 101
0.391280 101
0.339623 101
0.494637 101
0.474588 101
0.434336 101
0.421061 101
0.554839 101
0.729268 101
0.554000 101
0.614468 101
0.386144 101
0.419164 101
0.554764 101
0.766971 101
0.311080 101
0.558646 101
0.392379 101
0.413435 101
0.524108 101
0.548120 101
0.515871 101
0.563081 101
0.300432 101
0.301342 101
0.308050 101
0.300330 101
0.326860 101
0.317284 101
0.472466 101
0.480807 101
0.301305 101
0.330880 101
0.490931 101
0.510344 101
0.660730 101
0.338884 101
0.318361 101
0.553372 101
0.666838 101
0.463512 101
1.000263 101
0.500719 101
0.499408 101
0.480601 101
0.519598 101
0.304174 101
0.562963 101
0.310410 101
0.548988 101
1.275784 101
0.316196 101
0.554394 101
1.130780 101
0.787851 101
0.750584 101
0.461578 101
0.414042 101
0.559706 101
0.302907 101
0.530820 101
0.311358 101
0.502282 101
0.381790 101
0.475630 101
0.525944 101
0.683826 101
0.316155 101
0.617924 101
0.383357 101
0.671365 101
0.329042 101
0.410996 101
0.559565 101
0.732504 101
1.298505 101
0.501135 101
0.498672 101
1.001340 101
0.393117 101
0.554973 101
0.664371 101
0.387883 101
0.327845 101
0.557570 101
1.118998 101
0.300260 101
0.525205 101
0.677866 101
0.300025 101
1.199778 101
0.300312 101
0.521155 101
0.693323 101
0.489060 101
0.323809 101
0.566208 101
0.755187 101
0.354946 101
0.423471 101
0.554226 101
0.632242 101
0.354451 101
0.559318 101
0.479347 101
0.349791 101
0.519690 101
0.387635 101
0.301054 101
0.443239 101
0.370521 101
0.459242 101
0.585691 101
0.451941 101
0.373716 101
0.340962 101
0.300876 101
0.531470 101
0.306582 101
0.308542 101
0.389645 101
0.483764 101
1.099789 101
0.628810 101
0.371441 101
0.753760 101
1.249349 101
0.408543 101
0.559648 101
0.302604 101
0.539122 101
0.792297 101
0.403908 101
0.566948 101
0.433158 101
1.000275 101
0.304110 101
0.556526 101
0.560191 101
0.554669 101
0.331130 101
0.553291 101
0.729694 101
0.412849 101
0.340245 101
0.557500 101
0.517064 101
0.182990 102
19.272888 101
0.410229 101
1.203443 101
1.001032 101
1.001123 101
0.333244 101
0.309151 101
0.291517 101
0.300030 101
0.299848 101
0.300288 101
0.299351 101
0.300335 101
0.299875 101
0.306320 101
0.294261 101
0.300413 101
0.299523 101
0.301159 101
0.409209 102
13.220623 101
0.277413 101
0.625665 101
0.345223 101
0.187064 102
0.400559 101
0.323891 101
0.299839 101
0.138737 102
0.232875 101
0.456086 101
0.336392 101
0.300417 101
0.299826 101
0.335788 101
0.293853 101
0.300227 101
0.299599 101
0.301756 101
0.220626 102
13.251938 101
0.500973 101
0.466205 101
0.287900 101
0.115859 102
6.513673 174
0.570446 24
0.069534 4095
0.000239 3807
0.162714 27
0.004503 23
0.046836 101
0.333492 101
0.326936 101
0.523160 101
0.445894 101
0.029397 101
1.207506 101
1.003319 101
0.499039 101
0.500215 101
1.001805 101
0.012895 203
0.500885 101
0.298191 203
1.000412 101
0.557958 101
0.363989 101
1.082467 101
0.003599 203
0.168089 203
0.456123 101
0.371273 101
0.304248 101
0.028968 203
0.304288 101
0.020991 203
0.502069 101
0.355863 101
0.052106 203
0.500877 101
0.476740 101
0.045928 203
0.500863 101
0.301153 101
0.002981 203
0.335094 101
0.531754 101
0.328690 101
0.718324 101
0.230751 203
0.766837 101
0.300875 101
0.434861 101
0.243479 203
0.307178 101
0.446945 101
0.308570 101
0.023064 203
0.695340 101
0.305624 101
0.314083 101
0.542062 101
0.368604 101
0.578230 101
0.421978 101
0.498704 101
0.303403 101
0.593705 101
0.043528 203
0.302754 101
0.306030 101
0.392508 101
0.306327 101
0.307669 101
0.385787 101
0.307888 101
0.332274 101
0.361231 101
0.307576 101
0.630953 101
0.369644 101
0.337684 101
0.355506 101
0.307511 101
0.321546 101
0.370618 101
0.308795 101
0.693528 101
0.307620 101
0.693148 101
0.308817 101
0.691935 101
0.308657 101
0.482471 101
0.518508 101
0.691041 101
0.308467 101
0.693090 101
0.309681 101
0.691065 101
0.300040 101
0.700449 101
0.308016 101
0.693048 101
0.309080 101
0.636973 101
0.364019 101
0.599472 101
0.373348 101
0.416410 101
0.302429 101
0.564138 101
0.436125 101
0.437808 101
0.562478 101
0.309413 101
0.411942 101
0.570094 101
0.164153 203
0.302304 101
0.500867 101
1.034329 101
1.001355 101
0.414085 101
0.556541 101
0.308669 101
0.512474 101
0.374132 101
0.604012 101
0.396405 101
0.840006 101
0.712049 101
0.449638 101
0.583971 101
0.417284 101
0.308228 101
0.485848 101
0.755360 101
0.452537 101
0.308508 101
0.530619 101
0.316193 101
0.518121 101
0.328514 101
0.784521 101
0.706368 101
0.348385 101
0.310102 101
0.551626 101
0.301931 101
0.300782 101
0.536499 101
1.001039 101
0.730705 101
0.432032 101
0.838852 101
0.626562 101
0.374525 101
0.477826 101
0.523780 101
1.001349 101
0.700089 101
0.300477 101
0.465924 101
0.535700 101
0.382471 101
0.541499 101
0.320418 101
0.461464 101
0.455214 101
0.410241 101
0.431139 101
0.335350 101
0.613519 101
0.456743 101
0.062251 203
0.533864 101
0.346871 101
0.652597 101
0.470330 101
0.483768 101
0.419822 101
0.320192 101
0.306991 101
0.344145 101
0.235915 203
0.359656 101
0.006849 203
0.300902 101
0.700199 101
0.302135 101
0.699088 101
0.007579 203
0.028223 203
0.976270 101
0.006793 203
0.002756 203
0.454580 101
0.284371 203
0.001925 203
0.448504 101
0.164012 203
0.018734 203
0.467480 101
0.370135 101
0.109515 203
0.361094 101
0.301948 101
0.018661 203
0.312417 101
0.068480 203
0.317856 101
0.088707 203
0.134903 203
0.041599 203
0.056136 203
0.020296 203
0.044090 203
0.025183 203
0.040442 203
0.056646 203
0.015082 203
0.023190 203
0.083313 203
0.035761 203
0.036542 203
0.035649 203
0.046165 203
0.004711 203
0.041351 203
0.037974 203
0.016824 203
0.087236 203
0.003847 203
0.148017 203
0.002008 203
0.323951 101
0.071559 203
0.299746 101
0.300261 101
0.304052 101
0.289263 203
0.047420 203
0.299324 101
0.300993 101
0.299160 101
0.301869 101
0.300980 101
0.301098 101
0.298468 101
0.300040 101
0.300460 101
0.299771 101
0.226653 203
0.043784 203
0.056309 203
0.092134 203
0.072817 203
0.042084 203
0.500728 101
0.393116 101
1.003718 101
0.501907 101
0.496465 101
0.321373 101
0.580568 101
0.309369 101
0.545305 101
1.245473 101
0.493892 101
0.507541 101
0.425563 101
0.575495 101
0.750045 101
1.252267 101
0.419825 101
0.581037 101
0.796518 101
1.204419 101
0.389379 101
0.547807 101
0.612835 101
0.452975 101
0.342614 101
0.559870 101
0.692513 101
0.032743 203
0.374509 101
0.378301 101
0.557375 101
0.691334 101
0.309207 101
1.066504 101
0.379368 101
0.565247 101
0.733211 101
0.323132 101
1.002407 101
0.332579 101
0.551303 101
0.759588 101
0.683404 101
0.563846 101
0.596921 101
0.424784 101
1.001216 101
0.500751 101
0.499821 101
1.001184 101
0.500397 101
0.500381 101
0.344079 101
0.557257 101
1.100408 101
0.500791 101
0.499880 101
0.328326 101
0.551386 101
0.605516 101
0.516281 101
0.520016 101
0.338645 101
0.541011 101
0.358855 101
0.432961 101
0.542907 101
1.268940 101
0.304165 101
0.501390 101
1.198274 101
0.501771 101
0.471479 101
0.544261 101
0.361256 101
1.123343 101
0.521023 101
0.374457 101
1.107217 101
0.628656 101
0.341842 101
0.345868 101
0.301369 101
0.384186 101
0.393868 101
0.540067 101
0.455733 101
0.490416 101
0.489707 101
0.411888 101
0.497943 101
0.421272 101
0.302337 101
0.435344 101
0.300709 101
0.345894 101
0.318926 101
0.315535 101
0.301292 101
0.386373 101
0.299809 101
0.301523 101
0.303119 101
0.324576 101
0.299740 101
0.319999 101
0.072448 102
0.020966 103
0.007850 103
1.836932 27
1.569125 30
0.002822 26
1.646736 29
0.167141 21
1.359769 101
0.002743 101
0.006485 101
0.003527 101
0.000768 101
0.000429 101
0.004941 101
0.002183 101
0.001338 101
0.000723 101
0.002776 101
0.004070 101
0.004248 303
0.000776 101
0.004108 101
0.001986 101
0.000517 101
0.000427 101
0.000768 101
0.003745 101
0.001137 101
0.037921 101
0.003096 303
0.009540 101
0.001237 202
0.003060 404
0.000547 101
0.000863 101
0.002678 707
0.007933 101
0.003319 303
0.002818 101
0.005275 1212
0.000326 3
0.639352 104
0.104375 101
0.009011 303
0.010321 101
0.006692 407
0.034205 104
0.062050 101
0.013951 505
0.043573 909
0.000230 1111
0.000168 1111
0.017940 202
0.013953 306
0.063512 104
0.024015 101
0.023883 1010
0.003884 205
0.027721 104
0.023980 101
0.009819 707
0.010278 205
0.022614 306
0.017126 101
0.013611 505
0.014448 101
0.010049 202
0.005326 202
0.003959 101
0.016470 811
0.021654 101
0.011090 505
0.009813 205
0.019888 101
0.017235 404
0.005371 205
0.016257 101
0.014116 808
0.004469 205
0.021069 101
0.046124 909
0.000239 1212
0.015385 912
0.095237 808
0.014218 101
0.010460 303
0.005452 104
0.022576 104
0.034768 707
0.003406 101
0.013308 909
0.013372 909
0.008846 404
0.004528 104
0.027259 407
0.010649 306
0.010955 101
0.019694 606
0.011301 707
0.018009 707
0.009375 609
0.020847 101
0.023042 202
0.018203 505
0.018149 404
0.012294 303
0.015778 303
0.019726 606
0.020476 404
0.016709 303
0.021709 707
0.005723 104
0.046392 101
0.013770 202
0.018476 303
0.017417 606
0.012771 606
0.016839 808
0.013245 606
0.014179 707
0.016828 707
0.011281 104
0.037655 609
0.041000 407
0.024017 707
0.014355 1111
0.014342 1717
0.013320 808
0.011572 202
0.018288 306
0.057940 404
0.020498 909
0.017373 909
0.018147 909
0.033764 1111
0.042694 205
0.054694 101
0.029288 707
0.015471 808
0.012683 909
0.018287 808
0.000639 104
0.072345 101
0.048775 101
0.017152 101
0.019597 101
0.035333 202
0.038677 202
0.008306 101
0.021988 101
0.019683 101
0.037071 101
0.040390 101
0.036300 101
0.028642 101
0.083237 101
0.101059 101
0.065584 101
0.050267 101
0.013327 101
0.028163 101
0.007839 101
0.038438 101
0.043169 101
0.041857 101
0.018677 101
0.030304 101
0.036924 101
0.033520 202
0.027151 303
0.062417 101
0.011406 205
0.086271 101
0.018074 202
0.011227 404
0.015235 202
0.003344 101
0.004713 101
0.003973 202
0.005060 202
0.008141 202
0.005836 303
0.002552 101
0.005507 101
0.004620 101
0.003329 101
0.003599 101
0.003518 202
0.014150 303
0.010452 306
0.030443 202
0.002997 101
0.016471 1720
0.013851 101
0.014726 808
0.005208 202
0.002438 306
0.016080 104
0.062719 101
0.054405 101
0.040857 101
0.022064 202
0.018004 101
0.020571 101
0.024602 101
0.034676 101
0.015282 101
0.045088 101
0.020159 101
0.030217 101
0.030252 101
0.042420 101
0.028109 101
0.035651 101
0.034847 202
0.030148 101
0.019940 101
0.039761 101
0.015400 101
0.033954 101
0.050319 101
0.030533 101
0.033240 101
0.036132 101
0.042192 101
0.028421 101
0.040463 101
0.019696 101
0.060528 101
0.019917 101
0.020121 101
0.023932 202
0.014914 101
0.031770 101
0.014265 101
0.026420 101
0.019615 101
0.044631 202
0.025780 101
0.020205 202
0.038650 104
0.028675 104
0.031778 101
0.101834 101
0.060324 101
0.041595 101
0.047942 101
0.060396 101
0.031807 101
0.115250 101
0.064100 101
0.040328 101
0.060595 101
0.048606 101
0.021399 101
0.040282 101
0.040207 101
0.060359 101
0.090493 101
0.052391 101
0.038254 101
0.055564 101
0.083993 101
0.060291 101
0.080123 101
0.063702 101
0.092595 101
0.072985 101
0.020081 101
0.030302 101
0.052044 101
0.038411 101
0.030199 101
0.029436 101
0.050509 101
0.019897 101
0.030025 101
0.016775 101
0.032862 101
0.039412 101
0.040634 101
0.030653 101
0.050002 101
0.049787 101
0.020138 101
0.050360 101
0.020033 101
0.041580 101
0.028741 101
0.052788 104
0.057116 104
0.042368 101
0.012367 303
0.015417 1616
0.006929 1417
0.019448 101
0.006613 306
0.014058 101
0.020451 1114
0.018736 101
0.005230 303
0.006849 306
0.017346 202
0.011774 710
0.013423 104
0.028360 1212
0.008733 609
0.019371 104
0.037036 1212
0.002594 303
0.013374 202
0.000948 104
0.051044 508
0.012378 104
0.027605 101
0.018248 808
0.011962 808
0.009237 508
0.020803 104
0.028237 606
0.007954 508
0.014376 104
0.023382 606
0.014003 505
0.006920 508
0.017025 104
0.016518 101
0.006789 202
0.015791 808
0.007892 104
0.026985 104
0.154983 508
0.018950 205
0.013662 306
0.014879 306
0.011961 306
0.013399 202
0.001448 101
0.006458 508
0.015358 104
0.045057 909
0.003477 306
0.022319 104
0.021372 710
0.024148 101
0.013034 811
0.013299 101
0.017320 1013
0.018711 101
0.041533 101
0.020081 202
0.027533 101
0.041501 101
0.015443 101
0.036593 202
0.015960 101
0.040091 101
0.031411 101
0.024234 101
0.037246 202
0.018560 101
0.015158 101
0.012407 101
0.037844 101
0.009136 101
0.018239 101
0.019997 202
0.020467 101
0.030412 303
0.033202 202
0.016736 101
0.025975 101
0.023533 101
0.032428 101
0.031144 101
0.030839 101
0.045721 101
0.031922 101
0.041809 101
0.018646 101
0.014941 101
0.050886 303
0.011625 104
0.127994 104
0.043597 101
0.012730 101
0.016296 303
0.012771 101
0.014553 101
0.018140 101
0.020161 101
0.020070 202
0.020302 202
0.019927 101
0.017254 101
0.022562 202
0.017205 101
0.012582 101
0.020260 101
0.022332 101
0.017087 202
0.020064 202
0.020050 202
0.020157 202
0.020129 202
0.020110 303
0.019005 303
0.010384 202
0.049639 101
0.012391 104
0.032587 306
0.009382 306
0.016279 609
0.018241 707
0.009577 407
0.017841 101
0.015376 202
0.016332 909
0.006989 306
0.034434 104
0.050351 303
0.020872 606
0.019097 505
0.011891 303
0.004014 202
0.002827 104
0.024154 101
0.011825 404
0.010722 606
0.010458 404
0.003009 101
0.013937 404
0.017247 407
0.032397 404
0.000500 101
0.015612 404
0.002573 205
0.024640 101
0.057502 101
0.020247 101
0.020127 101
0.020779 101
0.022141 101
0.051858 101
0.055159 101
0.042309 101
0.047982 101
0.051691 101
0.018139 101
0.033851 101
0.037323 101
0.019009 101
0.020472 101
0.050195 101
0.031136 101
0.029104 101
0.050359 101
0.050152 101
0.020026 101
0.062568 101
0.017895 101
0.040815 101
0.043526 101
0.026286 101
0.040950 101
0.051348 101
0.018970 101
0.019868 101
0.019166 101
0.015303 101
0.013294 101
0.035079 101
0.038684 101
0.028078 101
0.022954 101
0.039457 101
0.014509 101
0.043792 101
0.009673 101
0.040567 101
0.013106 104
0.017260 101
0.005045 303
0.001090 101
0.007685 404
0.014729 1316
0.024977 808
0.003830 101
0.004154 101
0.002055 101
0.001875 101
0.003416 104
0.040872 3434
0.000961 404
0.002076 609
0.027098 101
0.003905 101
0.006041 101
0.003676 101
0.010397 303
0.001650 101
0.005364 101
0.006377 202
0.002646 101
0.003333 101
0.004662 101
0.003672 101
0.002583 101
0.006415 101
0.003928 101
0.004559 101
0.005412 101
0.003484 202
0.003355 101
0.003821 202
0.006938 101
0.008698 202
0.001875 101
0.005022 101
0.007382 303
0.007728 202
0.002924 104
0.065035 3538
0.009619 101
0.001043 808
0.000707 202
0.003177 707
0.000913 202
0.003714 909
0.003270 410
0.041951 104
0.014059 101
0.004256 101
0.003636 101
0.003001 101
0.013415 1717
0.009542 2020
0.004162 101
0.002547 101
0.002102 101
0.006497 303
0.001684 104
0.034936 101
0.002904 1919
0.001076 104
0.015331 404
0.001109 101
0.002128 202
0.001044 101
0.003442 505
0.002065 101
0.001524 202
0.001876 606
0.003851 1212
0.002421 205
0.017962 104
0.008830 101
0.004837 2929
0.001392 303
0.001197 104
0.011981 101
0.001962 1117
0.028999 104
0.007899 202
0.000934 505
0.003817 410
0.032251 104
0.279206 104
0.031680 104
2.607630 4095
0.000146 3497
2.744074 2
0.023424 3244
0.003647 11
1.626600 20
0.003274 19
10.318007 77
1.457609 2
0.030953 99
0.122566 35
0.399700 115
0.069835 12
0.146529 40
0.134953 71
0.006172 148
0.200930 101
0.142118 199
0.000033 39
14.656005 1
0.217500 1
0.207916 1
0.137478 1
1.029266 1
0.124739 1
0.184559 1
0.116316 1
0.096050 1
0.167199 1
1.102494 1
0.370059 1
0.194386 1
0.172081 1
0.231023 1
0.085507 1
0.161746 1
0.117869 1
1.162769 1
0.246669 1
0.377532 2
0.003767 84
0.033529 39
7.684714 20
0.398406 1
0.822418 7
0.338264 2
0.008226 4095
0.000834 4095
0.000384 4095
0.000183 3205
66.152337 16
3.960269 2
0.039960 95
0.014683 51
0.003256 52
0.004148 51
0.009003 52
0.002767 51
0.002937 52
0.003046 51
0.002702 52
0.002473 51
0.005795 52
0.002960 51
0.003619 52
0.002739 51
0.002105 52
0.001916 51
0.002174 52
0.002188 51
0.002160 52
0.001885 51
0.001951 52
0.002489 51
0.003313 52
0.000975 39
121.821631 1
0.176360 1
0.096331 1
0.252119 1
0.098893 1
5.776379 1
0.318239 1
0.232276 1
0.063973 1
0.139235 1
0.168227 1
0.210387 1
0.144246 1
0.117784 1
0.090682 1
0.117601 1
0.085622 1
0.474161 1
0.136287 1
0.150730 1
0.217973 1
0.101546 1
0.263822 2
0.031403 62
0.001713 39
31.011273 61
0.020131 81
0.106119 37
0.020073 73
0.070507 12
0.147564 40
0.194877 60
0.000066 65
0.006986 52
0.002176 39
14.397814 86
0.489907 2
0.015608 105
0.132827 37
0.019709 73
0.068477 12
0.142034 40
0.221709 275
0.115406 91
0.067581 12
0.141817 40
0.377440 189
0.199877 101
0.201181 101
0.200022 101
0.199990 101
0.695376 101
0.199746 101
0.199980 101
0.088717 186
0.000062 39
6.550788 86
0.234073 219
0.265394 117
0.668506 85
0.626783 117
0.865583 87
1.524019 117
0.184835 85
0.313276 78
86.967372 43
0.474634 1
0.457264 1
0.386874 1
0.266229 1
0.260943 1
0.284998 2
0.012812 263
0.000841 39
7.882616 22
42.640843 2
0.006134 104
0.000014 39
181.371047 1
0.280484 1
0.188135 1
0.181743 1
0.271500 1
0.873222 1
0.547115 1
0.254759 1
0.112597 1
0.168024 1
0.206226 21
4.429520 2
0.008228 78
0.025624 3533
0.002260 425
0.003789 1231
0.014140 4095
0.000013 38
0.015452 2649
0.007592 1350
0.021210 4095
0.000176 4095
0.000157 549
0.016763 4095
0.000099 2030
0.003622 128
0.001325 531
0.010593 3182
0.027699 4095
0.000216 3335
0.015337 3504
0.018106 4647
0.017297 4095
0.000409 4095
0.000150 243
0.011382 4095
0.000029 563
0.013769 4095
0.000135 2606
0.021866 4095
0.000103 2874
0.017779 4095
0.000286 2141
0.031739 4095
0.003337 4095
0.000101 1132
0.016439 4095
0.000182 4095
0.000114 805
0.015602 4095
0.000378 4095
0.000097 1801
0.016941 4095
0.000227 4095
0.000151 2908
0.017608 4095
0.000658 4095
0.000164 1565
0.017304 4095
0.000133 4095
0.000130 1997
0.019128 4095
0.000197 2072
0.016464 3369
0.031662 4095
0.000270 2857
0.037930 4095
0.000136 4095
0.000123 4095
0.000201 2467
0.016293 1563
0.053216 781
0.016267 3975
0.002101 677
0.010732 4095
0.000597 3771
0.019160 4095
0.019367 1185
0.000166 338
0.007709 4095
0.000422 4095
0.000117 1822
0.019618 4095
0.000241 3705
0.030573 4095
0.000337 3684
0.016388 4095
0.000156 4095
0.000086 2799
0.020517 4095
0.000140 1751
0.013953 1937
0.001753 258
0.004974 20
0.002781 19
2.419399 1
0.157037 1
0.270218 1
0.128394 1
0.285749 1
0.371659 4
0.171432 4
0.402961 1
0.293825 1
0.260537 4
0.096328 1
0.404125 2
0.010939 13
0.001860 383
34.433839 38
5.137452 2
0.454506 45
1.491208 101
0.437753 101
0.381497 101
1.212699 101
0.005918 102
0.261791 101
0.325862 101
0.172436 102
0.521197 101
0.326808 101
0.305601 101
1.000979 101
0.427389 203
0.011620 101
0.330571 101
0.179901 102
0.033459 101
0.454497 101
0.319746 101
0.617157 101
0.137813 102
0.538120 101
0.298461 102
3.319268 67
0.003876 57
0.001018 63
0.568348 24
0.096097 1699
0.207121 28
0.025117 18
6.855766 1
0.813044 25
0.052028 101
0.196363 101
0.158460 203
0.052660 203
0.059243 203
0.003237 203
0.184678 203
0.120291 203
0.060682 203
0.062770 203
0.117956 203
0.132883 102
0.001147 103
0.002428 103
0.401377 27
0.935413 30
0.002426 26
0.931005 29
0.180976 21
0.568774 101
0.005940 101
0.006965 101
0.001932 101
0.074761 101
0.003819 303
0.002935 101
0.008195 101
0.001352 101
0.001858 202
0.003488 306
0.337722 104
0.262950 101
0.016563 101
0.001825 101
0.000616 101
0.020720 303
0.000107 101
0.002196 101
0.002352 104
0.043296 101
0.030610 303
0.014410 303
0.015630 303
0.040131 1313
0.013609 404
0.015389 404
0.040688 303
0.000134 606
0.019807 104
0.034062 104
0.123881 101
0.013065 707
0.038026 1111
0.000019 1111
0.000882 104
0.046808 104
0.028308 101
0.056725 202
0.020164 202
0.030068 101
0.017999 202
0.015225 202
0.034195 101
0.003532 101
0.114303 101
0.019392 101
0.016514 101
0.022542 202
0.017597 101
0.020090 202
0.020231 303
0.028914 101
0.099226 101
0.037400 202
0.015961 101
0.015907 202
0.016152 202
0.016006 101
0.019331 202
0.016130 202
0.012059 101
0.071495 101
0.034350 202
0.023097 101
0.021220 101
0.089977 101
0.078916 101
0.137144 104
0.231127 104
0.929597 808
0.000069 606
0.004977 101
0.003595 104
0.027291 101
0.016897 808
0.015548 710
0.040504 407
0.018246 101
0.009017 101
0.009167 202
0.014464 202
0.011992 202
0.041460 505
0.017046 303
0.017653 404
0.015698 303
0.013508 606
0.012347 606
0.015951 202
0.009464 101
0.087141 101
0.032556 101
0.016430 202
0.023854 104
0.047905 101
0.031670 202
0.087185 101
0.072196 202
0.005345 101
0.028528 202
0.018257 202
0.019567 202
0.022323 202
0.019086 202
0.018828 101
0.011546 101
0.006253 101
0.013446 101
0.007204 101
0.015109 202
0.017728 303
0.016317 202
0.014073 303
0.020116 202
0.018263 303
0.014554 202
0.020618 101
0.104600 104
0.114857 104
0.885944 101
0.008856 404
0.006261 202
0.001564 104
0.055333 101
0.003742 202
0.001790 202
0.001132 101
0.001234 101
0.002036 202
0.004109 303
0.007580 606
0.001205 101
0.001250 101
0.002275 303
0.007191 505
0.006556 303
0.002322 101
0.005389 101
0.003395 101
0.002346 101
0.004455 101
0.004404 101
0.003328 101
0.007845 410
0.615101 912
0.045375 104
0.016351 101
0.006340 202
0.001963 202
0.006000 101
0.004343 202
0.001403 101
0.003985 202
0.010508 202
0.001839 202
0.011983 606
0.005148 303
0.008058 404
0.009178 404
0.003040 202
0.002258 101
0.011311 101
0.006000 101
0.008937 101
0.004072 101
0.003606 101
0.009302 101
0.017696 404
0.012775 104
0.093852 1114
0.026589 1515
0.000793 101
0.003681 710
0.026277 202
0.003662 306
0.030051 104
0.248499 104
1.344634 104
2.463923 312
0.000187 208
0.000106 104
0.001235 208
0.000778 208
0.000553 208
0.003429 104
0.002389 104
0.001994 208
3.402438 2
0.039483 369
0.010950 11
3.262362 39
85.781554 1
0.247539 1
0.227309 1
0.956669 38
5.931678 1
0.494085 1
0.030437 1
0.029211 1
0.030320 1
0.031635 1
0.028193 1
0.030793 1
0.029513 1
0.030101 1
0.030130 1
0.030187 1
0.029990 1
0.029688 1
0.029949 1
0.029635 1
0.030860 1
0.029693 1
0.029406 1
0.031081 1
0.029359 1
0.029481 1
0.030352 1
0.029637 1
0.031012 1
0.562418 55
0.499500 55
0.031370 55
0.034026 55
0.028060 55
0.027234 55
0.029104 55
0.029783 55
0.031006 55
0.029933 55
0.029770 55
0.029359 100
0.246287 97
0.447822 2
0.077070 40
0.003459 84
0.002491 13
0.019725 2317
0.014144 2134
0.000015 712
2.389892 104
78.065783 1
102.879493 27
0.048121 31
0.311982 28
0.039929 29
0.648142 29
0.039951 28
0.568275 28
0.015721 29
0.016722 29
0.023321 28
0.255963 29
0.017168 195
0.023862 247
0.024357 479
0.401223 2047
0.001577 638
0.013013 539
0.032679 372
55.581434 125
0.500977 131
0.032253 72
0.029673 72
0.026753 72
0.035038 143
0.024207 72
0.040956 304
0.020685 126
0.042563 126
0.017967 72
0.444227 120
0.499792 161
0.032044 72
0.030832 105
0.028951 143
0.028483 99
0.232221 73
0.499369 167
0.032520 108
0.032099 100
0.032437 870
0.022430 28
0.031227 28
0.030221 28
0.029205 28
0.029428 28
0.030370 28
0.030486 28
0.030112 28
0.030370 29
0.831218 28
0.926588 28
0.888742 28
0.871286 28
0.439524 28
0.626785 28
0.747621 28
0.196784 28
0.182723 28
0.225764 28
0.244342 28
0.233220 28
0.207358 30
0.233044 29
0.212285 29
0.794512 43
0.238337 42
0.172687 41
0.175897 40
0.170813 31
1.182785 38
0.288030 38
0.165723 38
0.286459 38
1.156999 38
0.162069 38
0.180541 38
2.449573 31
0.883276 30
0.590357 30
0.223275 30
0.197333 30
0.259778 50
0.927625 30
0.466007 30
0.236755 30
0.138376 30
0.195185 31
0.809414 30
0.184299 30
0.172634 30
0.373761 30
0.730316 30
0.225902 30
0.370468 30
0.190262 30
0.227490 30
1.186967 31
12.319368 30
3.362325 29
0.500258 29
0.031480 29
0.031589 29
0.027679 29
0.030332 29
0.029387 29
0.028842 29
0.030319 29
0.030111 30
0.029986 29
0.029282 29
0.030202 29
0.030760 29
0.029548 29
0.029648 29
0.031361 29
0.029061 29
0.029937 29
1.549985 29
0.772087 49
0.201016 48
0.167818 47
0.155684 46
0.718834 45
0.140671 45
0.196188 45
0.053169 45
0.959437 29
0.868143 44
0.192643 43
0.163075 42
0.172360 41
0.500635 40
0.031552 39
0.030633 38
0.031026 37
0.029548 36
0.028421 35
0.028335 34
0.030751 33
0.030134 32
0.029048 31
0.030081 261
0.030190 78
13.134430 163
1.939360 84
0.918395 28
0.257589 28
0.500079 28
0.030756 28
0.031713 28
0.032008 28
0.029109 28
0.025899 28
0.031081 30
0.029356 29
0.029993 29
0.030969 29
0.028679 29
0.030953 29
0.029949 29
0.029925 29
0.030201 29
0.029151 29
0.030870 30
0.030413 29
0.029460 29
0.030002 29
0.029696 29
0.030125 29
0.208989 29
5.906644 30
0.193739 30
0.190944 30
0.279117 31
0.212877 30
0.236699 30
0.128311 30
0.599885 40
0.158534 40
0.188547 30
0.043764 30
1.090858 30
1.361849 30
0.246553 30
0.096378 30
0.166870 30
0.214975 30
0.187695 31
0.053106 30
1.905546 30
0.340724 30
0.240069 30
0.185881 30
0.155012 30
0.369417 30
0.278141 30
0.599422 40
0.149637 30
0.106568 30
0.468396 31
0.398616 41
0.266355 31
1.495081 30
0.818096 30
0.536698 30
0.482524 30
1.284403 30
0.867408 30
0.225757 30
0.189046 30
0.123223 30
0.239320 31
0.128533 30
0.122861 30
1.223448 40
0.199232 40
0.187186 41
0.157311 40
0.176739 40
0.221553 40
0.450095 30
0.238664 30
0.117319 30
0.211272 31
0.240866 30
0.326728 40
0.221733 30
0.114211 30
27.614793 42
0.100405 53
0.783276 56
0.915692 1
0.246977 1
0.890099 42
0.006488 21
0.001855 42
0.000530 39
2.234738 1
0.160127 1
0.214982 1
13.675459 1
0.351983 1
0.230930 1
0.107300 1
0.173755 1
0.731125 1
1.276011 28
5.605808 1
0.794406 58
0.735888 3
0.146186 3
0.179931 3
0.901085 9
0.501553 30
1.305728 9
0.412755 5
0.415483 2
0.013475 80
0.000153 39
24.246206 1
0.106951 1
0.328723 1
0.306153 4
0.197202 1
0.772046 1
0.111267 1
0.213922 1
0.235108 1
0.106679 1
0.338158 1
0.215108 1
0.254995 1
0.163947 1
1.664223 1
0.970310 1
0.085158 1
0.263236 1
0.798693 1
0.074681 1
0.553212 4
0.189481 1
0.158328 1
0.201701 1
0.088126 1
0.865568 1
0.478351 1
0.128678 1
0.117387 1
0.256971 1
0.128168 1
1.264994 1
0.462926 1
0.194702 1
0.133840 1
0.215318 1
0.090575 1
0.225529 1
0.293894 1
0.149305 1
0.079988 1
0.199792 1
16.930019 2
0.185872 54
0.005181 90
0.004387 64
0.001095 23
0.120236 91
0.005269 10
0.006279 55
0.003100 59
0.002490 1149
0.001503 26
0.003719 345
0.000086 1614
0.238164 17
0.008870 66
0.231027 8
0.014822 25
0.009769 58
0.003420 33
0.061556 8
0.004599 61
0.074232 8
0.001719 30
0.058012 8
0.001744 46
0.069999 8
0.003737 36
0.097929 8
0.003450 36
0.064978 8
0.003345 44
0.058460 8
0.004069 25
0.054365 8
0.006651 27
0.046380 8
0.006696 25
0.051846 8
0.006175 28
0.013867 12
0.003584 28
0.059427 8
0.006174 28
0.055698 8
0.005737 30
0.053590 8
0.005658 24
0.049697 8
0.008478 38
0.006851 22
0.063075 8
0.004973 27
0.062782 8
0.005111 31
0.062929 8
0.003370 26
0.066072 8
0.005076 23
0.092808 8
0.004402 27
0.079768 8
0.003675 29
0.067627 8
0.003226 28
0.056432 8
0.005742 39
0.066029 8
0.003625 39
0.064801 8
0.003389 29
0.068731 8
0.003719 26
0.069610 8
0.003275 26
0.052658 8
0.012964 23
0.067131 8
0.002190 26
0.037345 12
0.003614 23
0.034388 12
0.004756 24
0.061572 12
0.003140 36
0.060850 8
0.001900 28
0.043876 12
0.003284 32
0.064162 8
0.003524 25
0.064083 8
0.007123 26
0.039729 12
0.004041 27
0.042733 12
0.003298 25
0.067692 8
0.003495 26
0.064953 8
0.003450 25
0.063321 12
0.003147 34
0.060916 8
0.003396 30
0.077756 8
0.003227 36
0.065108 8
0.003592 26
0.050616 12
0.003468 29
0.064523 8
0.003799 32
0.043136 12
0.003307 27
0.042170 12
0.003287 31
0.071021 8
0.003481 27
0.041583 12
0.004514 40
0.080613 8
0.006200 31
0.063379 12
0.003695 31
0.055905 12
0.007063 27
0.077063 8
0.003590 33
0.064432 8
0.003240 33
0.099062 8
0.005562 29
0.107821 8
0.005144 29
0.075214 8
0.003452 25
0.066833 8
0.003639 26
0.064576 8
0.004107 35
0.041139 12
0.002862 34
0.072255 8
0.008423 25
0.071079 10
0.001779 26
0.071752 10
0.001797 31
0.075629 10
0.001764 28
0.069462 10
0.003757 25
0.059411 8
0.001801 25
0.061300 8
0.001687 29
0.061461 8
0.002283 34
0.068744 10
0.003523 26
0.061635 8
0.001954 26
0.060666 8
0.001663 26
0.060635 8
0.001992 23
0.061473 8
0.002175 26
0.052615 18
0.001984 37
0.048222 16
0.003412 28
0.074974 10
0.004976 27
0.070067 10
0.005716 28
0.067482 10
0.006332 25
0.076001 8
0.003725 31
0.075388 12
0.003370 24
0.063945 8
0.003455 25
0.069516 8
0.004124 26
0.068459 8
0.003355 34
0.079595 12
0.002965 25
0.073949 8
0.004537 30
0.068555 8
0.003332 47
0.061815 8
0.003221 33
0.067857 8
0.003531 27
0.075617 8
0.003232 42
0.077448 8
0.003372 46
0.080087 8
0.004025 39
0.080245 8
0.004793 33
0.071514 12
0.003297 47
0.066495 8
0.004398 42
0.067905 8
0.003235 31
0.070605 8
0.003347 32
0.068177 8
0.003757 36
0.067660 8
0.003221 39
0.049268 12
0.003256 37
0.065351 8
0.003252 46
0.062434 8
0.003645 52
0.064541 8
0.003206 36
0.070317 8
0.003710 30
0.074502 8
0.116602 29
0.090032 8
0.003625 33
0.076475 8
0.008782 29
0.072813 8
0.035502 24
1.864587 179
0.002902 262
0.000086 52
0.005558 141
0.000160 272
0.000379 8
0.007558 23
0.012121 300
0.004526 274
0.000173 184
0.028068 39
122.457781 1
0.069037 1
0.233014 1
0.398193 1
0.322718 4
0.090704 1
0.254655 1
0.384124 2
0.008463 13
0.001052 383
2.679214 5
0.211775 43
0.193499 123
0.401253 91
2.554986 2
0.045574 137
0.012844 43
0.015363 3141
0.021613 3880
3.491773 67
0.500281 68
0.031908 67
0.030972 67
0.028038 67
0.028170 67
0.031191 67
0.029714 67
0.029746 67
0.029817 67
0.031280 67
0.028202 68
0.030308 67
0.030618 67
0.029943 67
0.030041 67
0.029547 67
0.030713 67
0.030007 67
0.030252 67
0.029239 67
0.029643 68
0.030853 67
0.029620 67
0.030066 67
0.184980 67
0.170974 67
0.334541 67
0.173415 67
0.167285 67
1.930419 112
0.291462 72
0.225105 73
0.154288 72
0.184036 72
0.171759 72
0.678822 61
0.199192 60
0.225224 59
1.988263 42
0.100371 53
1.125516 56
0.639973 1
0.107046 1
0.295722 42
0.007427 102
0.746226 28
0.221956 66
0.188163 43
0.259755 123
1.103789 2
0.003012 72
0.000037 39
2.796436 65
0.478755 91
0.734838 66
0.644878 43
0.655921 2
0.076713 54
0.003146 90
0.012778 64
0.000832 23
0.080229 91
0.006748 10
0.004093 55
0.004179 59
0.001643 1149
0.001767 26
0.003671 1951
0.193500 17
0.006015 66
0.071136 8
0.012059 25
0.011730 58
0.002247 33
0.049918 8
0.002493 61
0.053935 8
0.001919 30
0.053834 8
0.001737 46
0.062300 8
0.003459 36
0.064370 8
0.003598 36
0.064039 8
0.003277 44
0.057607 8
0.003584 25
0.059534 8
0.009774 27
0.073325 8
0.009771 25
0.067209 8
0.009020 28
0.022781 12
0.005595 28
0.084470 8
0.013983 28
0.079234 8
0.009708 30
0.057104 8
0.006307 24
0.051731 8
0.006035 38
0.007966 22
0.068814 8
0.005133 27
0.067289 8
0.003131 31
0.064431 8
0.003520 26
0.066551 8
0.005040 23
0.078811 8
0.003142 27
0.067893 8
0.003933 29
0.071388 8
0.003927 28
0.052057 8
0.008563 39
0.077990 8
0.002198 39
0.087488 8
0.004137 29
0.091830 8
0.004220 26
0.067302 8
0.003276 26
0.047727 8
0.010554 23
0.077812 8
0.002324 26
0.048122 12
0.005209 23
0.042078 12
0.005253 24
0.066040 12
0.003461 36
0.063089 8
0.002093 28
0.046134 12
0.003596 32
0.067141 8
0.005471 25
0.075083 8
0.005356 26
0.059365 12
0.005228 27
0.065647 12
0.004950 25
0.073966 8
0.004025 26
0.078042 8
0.003361 25
0.073208 12
0.003643 34
0.062924 8
0.003900 30
0.064947 8
0.003426 36
0.064932 8
0.003562 26
0.040670 12
0.002998 29
0.062573 8
0.003069 32
0.041827 12
0.003191 27
0.037356 12
0.002974 31
0.067423 8
0.003545 27
0.042464 12
0.003366 40
0.064993 8
0.003535 31
0.041076 12
0.003722 31
0.039213 12
0.004899 27
0.068770 8
0.003293 33
0.068945 8
0.003743 33
0.066254 8
0.004824 29
0.066722 8
0.005351 29
0.068111 8
0.003321 25
0.068332 8
0.003404 26
0.066132 8
0.003515 35
0.044816 12
0.002928 34
0.065655 8
0.007642 25
0.069683 10
0.001963 26
0.069833 10
0.001585 31
0.071438 10
0.001763 28
0.068680 10
0.003098 25
0.062500 8
0.001913 25
0.064662 8
0.001799 29
0.062107 8
0.001671 34
0.085235 10
0.005279 26
0.080831 8
0.001861 26
0.062270 8
0.001702 26
0.060363 8
0.001978 23
0.059914 8
0.001881 26
0.052492 18
0.001930 37
0.048208 16
0.005154 28
0.069001 10
0.005173 27
0.066489 10
0.004582 28
0.070489 10
0.006600 25
0.065706 8
0.003260 31
0.065248 12
0.002991 24
0.062837 8
0.003723 25
0.062765 8
0.003388 26
0.071572 8
0.003099 34
0.076039 12
0.003804 25
0.074639 8
0.005406 30
0.065271 8
0.003625 47
0.064624 8
0.003249 33
0.067264 8
0.003421 27
0.075201 8
0.003518 42
0.064994 8
0.003305 46
0.070087 8
0.004077 39
0.072237 8
0.003860 33
0.070571 12
0.003612 47
0.068163 8
0.003748 42
0.097933 8
0.004363 31
0.092372 8
0.004557 32
0.099656 8
0.005620 36
0.077151 8
0.004160 39
0.046935 12
0.003278 37
0.074995 8
0.003831 46
0.066463 8
0.004085 52
0.068177 8
0.004253 36
0.079929 8
0.003638 30
0.101062 8
0.161863 29
0.069621 8
0.003401 33
0.071006 8
0.009415 29
0.066434 8
0.027925 24
1.618218 171
0.001817 262
0.000100 52
0.002755 421
0.002627 23
0.008325 284
0.003038 84
0.005013 358
0.004437 39
13.233644 1
0.053204 1
0.436448 4
0.174898 4
1.055634 1
0.128337 1
2.070620 4
0.286421 4
18.338613 1
0.101139 1
0.249589 1
0.640458 4
0.117126 1
0.270540 48
7.171307 3
0.188069 41
0.210048 123
1.350326 91
1.191338 2
0.040709 40
0.002527 97
0.016205 43
0.010762 3133
0.025366 3872
0.923397 112
1.496722 70
0.215025 70
0.166822 70
0.181428 70
0.206285 59
0.534308 59
0.429567 70
0.133607 59
0.169113 59
0.112367 79
1.458288 42
0.100450 53
0.615930 56
0.520751 1
0.090799 1
0.250756 42
0.009210 102
0.932343 28
0.181016 64
0.402477 41
0.468271 123
0.583291 2
0.003290 72
0.000065 39
1.053537 65
0.246757 91
0.709223 64
0.352072 41
0.658156 2
0.069860 54
0.002429 90
0.013464 64
0.004096 23
0.087604 91
0.004887 10
0.004078 55
0.002915 59
0.001671 1149
0.001285 26
0.003315 1951
0.181494 17
0.007641 66
0.080851 8
0.017013 25
0.017823 58
0.003537 33
0.059591 8
0.002390 61
0.054527 8
0.002112 30
0.052433 8
0.001781 46
0.063770 8
0.003332 36
0.065597 8
0.003322 36
0.062280 8
0.003274 44
0.061228 8
0.003642 25
0.049409 8
0.007881 27
0.051937 8
0.007119 25
0.051837 8
0.007950 28
0.018862 12
0.005739 28
0.050451 8
0.005881 28
0.049058 8
0.006227 30
0.050105 8
0.006610 24
0.052157 8
0.006629 38
0.013142 22
0.068554 8
0.004894 27
0.062906 8
0.003426 31
0.067876 8
0.003772 26
0.063512 8
0.005247 23
0.069585 8
0.003551 27
0.077833 8
0.003463 29
0.085164 8
0.004537 28
0.057331 8
0.008365 39
0.064934 8
0.003386 39
0.072710 8
0.005379 29
0.114985 8
0.006667 26
0.111302 8
0.005726 26
0.081413 8
0.017315 23
0.089508 8
0.003238 26
0.060769 12
0.006056 23
0.059856 12
0.006046 24
0.063309 12
0.003193 36
0.065239 8
0.001831 28
0.041556 12
0.003422 32
0.065460 8
0.004777 25
0.065476 8
0.005208 26
0.039554 12
0.004059 27
0.038148 12
0.003204 25
0.068420 8
0.003692 26
0.072320 8
0.004083 25
0.068629 12
0.003670 34
0.070746 8
0.004422 30
0.066405 8
0.006409 36
0.064880 8
0.003283 26
0.042637 12
0.003766 29
0.062422 8
0.003661 32
0.040470 12
0.002804 27
0.040775 12
0.003382 31
0.064668 8
0.003362 27
0.040575 12
0.003305 40
0.068398 8
0.003538 31
0.042916 12
0.003986 31
0.039880 12
0.003088 27
0.067726 8
0.003614 33
0.066476 8
0.003216 33
0.069944 8
0.003494 29
0.069182 8
0.003469 29
0.071404 8
0.003404 25
0.076937 8
0.004036 26
0.067657 8
0.003698 35
0.043930 12
0.003707 34
0.063612 8
0.008324 25
0.069552 10
0.001684 26
0.073234 10
0.001841 31
0.071875 10
0.001713 28
0.072489 10
0.003395 25
0.065675 8
0.001808 25
0.060780 8
0.001755 29
0.061452 8
0.001969 34
0.072766 10
0.003104 26
0.059842 8
0.002000 26
0.061308 8
0.001923 26
0.057891 8
0.003751 23
0.062501 8
0.001839 26
0.049462 18
0.003019 37
0.050239 16
0.003293 28
0.069573 10
0.004296 27
0.068147 10
0.005792 28
0.069017 10
0.006635 25
0.068529 8
0.003462 31
0.071168 12
0.004288 24
0.077949 8
0.003300 25
0.062396 8
0.003418 26
0.063344 8
0.003117 34
0.064400 12
0.003552 25
0.071310 8
0.007125 30
0.096926 8
0.004840 47
0.096130 8
0.003722 33
0.066508 8
0.003708 27
0.072519 8
0.003631 42
0.073143 8
0.005686 46
0.106879 8
0.004723 39
0.074944 8
0.003313 33
0.061696 12
0.003232 47
0.065141 8
0.003230 42
0.070098 8
0.003532 31
0.067781 8
0.003557 32
0.067096 8
0.003208 36
0.071213 8
0.003686 39
0.042501 12
0.003713 37
0.066191 8
0.003623 46
0.062758 8
0.005798 52
0.061825 8
0.003325 36
0.068933 8
0.003420 30
0.073477 8
0.110818 29
0.067516 8
0.003436 33
0.077098 8
0.007545 29
0.065575 8
0.027833 24
1.767285 171
0.002072 262
0.000136 52
0.002841 421
0.007342 23
0.010064 284
0.048698 42
0.040097 534
0.000055 534
0.119543 534
0.067396 534
0.041245 109
0.916610 24
0.024749 19
0.017600 534
0.161321 1010
0.014407 192
0.020623 534
0.061830 128
0.016671 534
0.064924 136
0.018511 534
0.062698 26
0.009142 66
0.004539 534
0.083602 65
0.001310 680
0.164801 598
0.672369 618
0.154789 594
0.290466 598
0.417349 614
0.189001 105
0.007983 29
0.000977 43
0.006199 634
0.035563 634
0.035802 638
0.201845 634
0.048015 634
0.147237 638
0.045502 634
0.036998 638
0.057389 91
0.005361 534
0.025687 534
0.072613 576
0.010066 95
0.005368 534
0.054364 534
0.161209 580
0.011957 99
0.005593 534
0.053895 534
0.278599 584
0.018860 85
0.005812 534
0.069063 534
0.177048 570
0.015062 85
0.005239 534
0.017998 534
0.029641 570
0.009970 626
0.212553 642
0.110026 642
0.094739 642
0.088585 630
0.065762 638
0.072350 642
0.080134 630
0.254388 638
0.141339 642
0.153218 638
0.065935 638
0.080968 634
0.130829 638
0.758738 642
0.102283 634
0.181385 634
0.089810 638
0.075902 634
0.091255 642
0.109567 646
0.170935 642
0.063941 642
0.214139 666
0.106221 642
0.138882 642
0.149914 642
0.337780 642
0.123505 646
0.129303 642
0.073530 642
0.131750 642
0.095175 634
0.111889 634
0.080819 642
0.077174 630
0.099270 642
0.091244 634
0.089937 634
0.080474 634
0.091984 630
0.085436 634
0.102663 642
0.119041 646
0.114780 638
0.100822 638
0.100040 634
0.083721 634
0.093757 642
0.250946 642
0.174479 642
0.102759 642
0.124773 642
0.271009 642
0.114221 642
0.139324 642
0.108514 638
0.104760 642
0.087841 634
0.087191 638
0.100627 634
0.087314 634
0.088513 630
0.092627 634
0.092207 630
0.087515 674
0.053924 678
0.039397 670
0.044940 634
0.113177 650
0.058939 654
0.098525 634
0.064892 626
0.056141 626
0.149703 634
0.051921 630
0.060963 630
0.173785 630
0.103373 634
0.367030 630
0.107483 634
0.098390 634
0.154361 634
0.127363 634
0.086654 634
0.078641 630
0.076460 634
0.052276 634
0.230577 638
0.101184 638
0.126731 634
0.151788 638
0.139467 642
0.144810 630
0.105239 638
0.126349 634
0.082535 634
0.117381 638
0.070456 638
0.088963 646
0.342339 646
0.279681 654
0.069211 654
0.075503 658
0.136792 626
0.085808 634
0.129962 634
0.066855 626
0.108294 630
0.079576 622
0.074467 626
0.158172 626
0.077302 635
0.420153 630
0.112476 626
0.148345 630
0.437206 638
0.174994 630
0.125649 626
0.311866 626
0.133940 630
0.174844 626
0.108293 626
0.197375 630
0.243334 634
0.179011 634
0.238669 630
0.164278 630
0.109903 634
0.106499 626
0.098013 630
0.101736 626
0.051609 630
0.092603 634
0.089442 77
0.004198 534
0.037631 534
0.100825 562
0.010323 81
0.005708 534
0.019943 534
0.090116 566
0.016008 634
0.197631 81
0.008155 534
0.029205 534
0.025565 566
0.010164 81
0.004525 534
0.025029 534
0.074970 566
0.009605 83
0.005078 534
0.023431 534
0.181956 568
0.011397 646
0.052563 642
0.083046 93
0.003650 534
0.025357 534
0.068170 578
0.010907 658
0.040058 658
0.034192 658
0.031300 662
0.034940 658
0.035014 638
0.046353 630
0.040068 630
0.138859 638
0.050837 634
0.211222 93
0.004311 534
0.072387 534
0.275862 578
0.014979 642
0.086207 642
0.167269 626
0.149157 638
0.134305 634
0.156436 630
0.155504 630
0.177069 634
0.201023 634
0.259816 634
0.071149 634
0.237109 630
0.181089 638
0.189293 634
0.248813 638
0.258221 630
0.480636 642
0.315012 634
0.068818 642
0.075348 642
0.150250 642
0.140038 642
0.366637 642
0.057279 642
0.130007 646
0.097219 642
0.191644 642
0.116902 642
0.137337 618
0.073045 622
0.115009 626
0.116239 626
0.050690 626
0.113296 626
0.169300 638
0.109813 626
0.134918 626
0.187230 642
0.167722 626
0.105572 638
0.107602 610
0.051992 435
0.004053 534
0.005421 631
0.056020 638
0.053465 634
0.071139 638
0.112748 638
0.059335 634
0.115325 634
0.396181 638
0.047421 634
0.052748 630
0.079425 638
0.184485 638
0.057934 638
0.059620 634
0.075520 638
0.100708 638
0.088976 638
0.065682 634
0.121928 634
0.079940 638
0.093967 634
0.353169 630
0.081643 634
0.107745 630
0.067006 626
0.047485 626
0.065734 626
0.115580 626
0.107993 626
0.134658 630
0.088427 634
0.153010 626
0.068798 642
0.072925 642
0.074934 642
0.189080 638
0.096469 638
0.073273 634
0.055662 634
0.205384 634
0.071092 634
0.147014 638
0.095024 638
0.161040 642
0.131564 634
0.083493 638
0.071299 634
0.061594 630
0.048233 642
0.098677 634
0.057259 634
0.117616 650
0.050624 634
0.044538 642
0.054714 614
0.025947 642
0.883929 744
0.136169 720
0.558981 748
0.065740 708
0.114294 724
0.180122 712
0.359003 630
0.117957 634
0.231050 634
0.279534 630
0.271469 634
0.076110 634
0.163256 626
0.072769 626
0.059614 626
0.213973 634
0.136259 626
0.292244 630
0.227803 626
0.088791 634
0.164603 634
0.093259 634
0.080749 638
0.094739 642
0.174100 642
0.083238 638
0.077251 630
0.121460 634
0.110975 634
0.122575 650
0.040464 650
0.029709 650
0.027167 654
0.022501 97
0.006448 534
0.022600 534
0.303162 582
0.021989 650
0.295744 630
0.133266 634
0.368875 634
0.262584 85
0.003881 534
0.018777 534
0.043584 570
0.009173 646
0.088347 646
0.122564 650
0.136595 646
0.140242 646
0.056113 646
0.111643 650
0.116910 646
0.142204 650
0.151623 662
0.155234 650
0.109537 658
0.091700 654
0.128455 654
0.132245 654
0.134565 638
0.162424 654
0.160605 642
0.118576 650
0.160658 654
0.165865 646
0.144798 642
0.120177 618
0.398784 634
0.065727 634
0.071028 634
0.188137 634
0.140947 630
0.103202 630
0.152082 630
0.124837 630
0.092906 642
0.082280 630
0.146942 650
0.449115 697
0.321954 705
0.320107 654
0.286333 622
0.104682 670
0.139165 630
0.101584 682
0.191890 635
0.135907 639
0.164682 630
0.107115 630
0.076531 626
0.077184 626
0.157687 626
0.112705 662
0.138305 626
0.062508 630
0.153153 650
0.135225 638
0.094978 630
0.234010 634
0.111998 634
0.227932 634
0.057870 634
0.127490 634
0.165353 634
0.123136 638
0.108101 626
0.051237 626
0.083663 626
0.090711 646
0.125273 630
0.089363 630
0.085937 638
0.086663 630
0.103845 639
0.089807 638
0.138642 622
0.090847 626
0.119376 634
0.103533 638
0.135946 626
0.086077 626
0.085580 626
0.235868 630
0.095723 630
0.107402 630
0.098794 638
0.114400 646
0.176113 638
0.145307 638
0.130256 642
0.263572 618
0.157840 614
0.063112 642
0.115845 642
0.173150 626
0.142580 630
0.202597 638
0.055687 630
0.035030 638
0.046409 634
0.069866 606
0.165195 622
0.122650 634
0.057980 630
0.126707 638
0.158716 646
0.089216 634
0.136171 638
0.131630 634
0.052603 81
0.004035 534
0.016559 534
0.036492 566
0.009046 638
0.068895 634
0.053939 642
0.053897 642
0.069785 602
0.081741 618
0.060661 618
0.203735 97
0.004036 534
0.033862 534
0.041656 582
0.013050 638
0.098281 638
0.237125 638
0.121700 638
0.110371 638
0.165963 647
0.261632 89
0.003460 534
0.031587 534
0.088391 574
0.010005 638
0.276768 638
0.074565 642
0.103129 638
0.081148 610
0.069154 614
0.053667 618
0.051888 614
0.053266 610
0.100112 614
0.093948 650
0.130900 650
0.262244 650
0.053653 650
0.069043 654
0.090159 642
0.155141 638
0.168660 642
0.061566 642
0.171079 638
0.181637 642
0.140709 642
0.145816 642
0.149936 642
0.210985 638
0.197327 634
0.190308 634
0.058494 638
0.135977 634
0.288554 634
0.087345 634
0.136261 638
0.138501 638
0.088794 638
0.088698 638
0.094077 630
0.246831 646
0.109478 646
0.098925 650
0.100043 650
0.091196 646
0.127864 650
0.104470 650
0.096934 646
0.124240 650
0.139125 650
0.145161 650
0.161407 646
0.088705 646
0.102855 650
0.125499 646
0.152973 646
0.057024 642
0.058892 646
0.133031 646
0.102919 646
0.317982 642
0.176611 646
0.089835 650
0.203591 646
0.056737 101
0.003916 534
0.034749 534
0.134668 586
0.013929 658
0.075701 682
0.080366 682
0.128369 657
0.389935 642
0.222369 642
0.033026 642
0.048696 642
0.214477 646
0.157509 642
0.043347 642
0.062207 642
0.083044 634
0.099475 634
0.041943 638
0.059072 638
0.049582 638
0.044125 89
0.004334 534
0.020221 534
0.068187 574
0.011769 81
0.004818 534
0.019887 534
0.029469 566
0.009425 650
0.243766 646
0.048088 642
0.344031 638
0.120661 634
0.113776 638
0.098265 638
0.079328 634
0.058116 634
0.128766 634
0.173865 638
0.104702 630
0.080789 638
0.069889 638
0.187700 638
0.213945 634
0.118747 642
0.245667 634
0.075332 634
0.140426 638
0.095426 638
0.126676 634
0.110878 638
0.084900 642
0.094590 626
0.333682 642
0.055267 642
0.051538 642
0.049137 642
0.046877 95
0.003653 534
0.014550 534
0.022946 580
0.009904 89
0.004171 534
0.038367 534
0.318573 574
0.014078 83
0.004719 534
0.048517 534
0.300304 568
0.012733 638
0.053316 638
0.070559 93
0.003748 534
0.043834 534
0.370096 578
0.022128 87
0.005171 534
0.069352 534
0.377887 572
0.015282 630
0.099938 87
0.015935 534
0.043219 534
0.312164 572
0.013351 630
0.108997 650
0.095938 674
0.085501 674
0.130600 642
0.165661 634
0.051430 642
0.110583 638
0.134379 626
0.075312 618
0.398006 618
0.186802 634
0.150108 634
0.201198 634
0.160759 658
0.309616 650
0.058123 654
0.089503 650
0.209150 670
0.131664 666
0.082714 638
0.080809 650
0.053454 634
0.039125 630
0.186724 630
0.193234 626
0.052929 626
0.163473 650
0.180291 650
0.242605 650
0.141049 646
0.276914 650
0.167777 654
0.221285 654
0.126890 642
0.147208 626
0.051879 626
0.300312 630
0.082224 642
0.149339 630
0.123413 602
0.054726 89
0.003793 534
0.016902 534
0.037617 574
0.009461 654
0.105909 634
0.160911 638
0.118866 630
0.107318 630
0.130109 634
0.174774 642
0.162351 642
0.194243 638
0.088984 642
0.084244 642
0.053532 642
0.116392 638
0.355828 646
0.177899 642
0.150409 642
0.089675 642
0.132939 642
0.143356 642
0.182343 642
0.093313 638
0.148368 642
0.714103 642
0.229639 642
0.131779 642
0.157982 642
0.086445 642
0.096435 642
0.098829 630
0.200088 642
0.099100 630
0.197782 638
0.089990 634
0.185142 642
0.142771 630
0.098954 634
0.130594 638
0.125953 654
0.135483 650
0.110407 646
0.150156 646
0.152881 650
0.138453 650
0.228464 646
0.490412 650
0.201468 646
0.141836 650
0.102644 642
0.197980 646
0.299925 650
0.120217 650
0.107649 646
0.187603 650
0.215368 646
0.210869 646
0.105797 650
0.111274 646
0.141089 642
0.101428 646
0.129613 642
0.089564 642
0.145204 650
0.217425 642
0.149812 646
0.104266 650
0.155211 642
0.109212 650
0.124920 642
0.147706 646
0.312847 646
0.111687 650
0.139592 646
0.118275 642
0.366237 638
0.057844 71
0.003927 534
0.013093 534
0.020348 560
0.009129 622
0.208402 618
0.085787 87
0.008523 534
0.013077 534
0.043086 572
0.009503 630
0.102213 4095
0.000287 4095
0.000218 4095
0.000271 2571
0.136146 40
0.043207 606
0.182774 602
0.284686 602
0.109601 606
0.114618 606
0.136201 602
0.153156 602
0.128654 654
0.121681 654
0.241099 654
0.464406 650
0.134427 650
0.524020 674
0.211310 602
0.251569 602
0.190332 602
0.380072 602
0.124258 610
0.161613 610
0.327410 610
0.685420 610
0.343639 606
0.068364 610
0.128433 606
1.274176 610
0.188980 606
0.379478 610
0.368411 610
0.165129 606
0.176593 610
0.112522 646
0.489388 666
0.714382 666
0.322118 666
0.720633 630
0.370034 650
1.051549 650
0.479690 646
0.611917 650
0.808231 602
0.201826 602
0.958232 606
0.164078 614
0.279756 606
0.238555 811
0.006282 23
0.007028 37
0.009749 662
0.076004 622
0.057318 638
0.131865 666
0.310030 630
0.135208 670
0.059270 638
0.116652 638
0.158311 642
0.140629 662
0.080864 634
0.571426 666
0.111622 329
0.004346 33
0.001879 47
0.029652 57
0.019187 534
0.241849 157
0.314666 133
0.861180 153
0.192276 137
0.669752 137
0.278167 149
0.159806 141
0.283284 153
0.246241 137
0.243785 157
0.253521 133
0.258338 153
0.344089 137
0.369090 149
0.284899 149
0.202573 149
0.200137 153
0.232974 149
0.187394 141
0.151474 141
0.840107 153
0.479432 149
0.727571 149
0.583815 145
0.252951 145
0.306052 141
0.246639 161
0.214931 153
0.346001 145
0.175803 141
0.202774 149
0.335946 137
0.691835 137
0.270879 149
0.265899 157
1.986888 157
1.542822 149
0.335776 153
0.258625 145
0.303192 145
3.087907 145
0.388243 137
0.304378 157
0.196245 133
0.326248 149
0.172545 153
0.131439 141
0.438433 20
0.006560 743
0.251645 130
0.180381 158
0.066644 22
0.001095 133
0.145671 150
0.096224 27
0.001078 137
0.134429 138
0.065998 24
0.003168 131
0.126388 134
0.074989 23
0.003042 129
0.126467 138
0.111042 24
0.001232 137
0.149628 126
0.115650 21
0.001366 125
0.132157 130
0.062540 22
0.001189 127
0.123013 126
0.089017 21
0.001755 125
0.215903 122
0.087061 20
0.001168 123
0.195685 138
0.175894 24
0.001209 137
0.175033 130
0.118645 22
0.001052 127
0.135526 150
0.040791 22
0.001053 113
0.024864 150
0.115198 22
0.001086 132
0.131086 178
0.088285 29
0.001305 146
0.124889 178
0.161465 29
0.001264 146
0.136976 190
0.104753 31
0.001210 153
0.140770 202
0.084960 35
0.006435 158
0.138808 170
0.129459 27
0.001026 142
0.146207 158
0.199014 158
0.302939 24
0.001627 160
0.223521 150
0.104694 22
0.001002 113
0.124786 166
0.195565 26
0.001035 146
0.158459 138
0.138234 19
0.001197 126
0.138976 182
0.126639 30
0.002433 148
0.155056 162
0.164745 25
0.001524 138
0.141785 178
0.138458 29
0.001049 146
0.156510 162
0.098982 25
0.001429 138
0.129562 138
0.937246 19
0.001074 126
0.156066 69
0.017828 534
0.004297 166
0.034007 28
0.001115 129
0.023713 71
0.006829 534
0.000358 170
0.053926 29
0.001292 131
0.024658 73
0.010170 534
0.000447 174
0.058789 30
0.003206 133
0.025145 73
0.007307 534
0.000224 174
0.036621 30
0.001133 133
0.024019 69
0.006941 534
0.000363 166
0.041139 28
0.001200 129
0.023624 79
0.006708 534
0.000282 186
0.037481 33
0.001146 139
0.021123 67
0.007045 534
0.000578 162
0.041845 27
0.001420 127
0.025223 75
0.007056 534
0.000377 178
0.042969 31
0.001069 135
0.022632 79
0.006722 534
0.000321 186
0.038086 33
0.001101 139
0.021123 71
0.007248 534
0.000532 170
0.033214 29
0.001282 131
0.021323 71
0.008544 534
0.000364 170
0.055633 29
0.001208 131
0.024883 69
0.007659 534
0.000383 166
0.122888 28
0.001004 129
0.025045 71
0.007726 534
0.000303 170
0.040816 29
0.001178 131
0.023853 71
0.008461 534
0.000360 170
0.045925 29
0.001489 131
0.020958 79
0.008168 534
0.000439 186
0.053571 33
0.001106 139
0.025736 75
0.006438 534
0.000349 178
0.042627 31
0.001169 135
0.021623 67
0.007864 534
0.000331 162
0.079858 27
0.001032 127
0.020353 69
0.008594 534
0.000298 166
0.034700 28
0.001248 129
0.021908 67
0.011682 534
0.000371 162
0.049291 27
0.001051 127
0.022999 69
0.006746 534
0.000293 166
0.050732 28
0.001115 129
0.023938 73
0.009142 534
0.000336 174
0.042137 30
0.001079 133
0.026039 73
0.007304 534
0.000343 174
0.033863 30
0.001104 133
0.024622 75
0.006759 534
0.000308 178
0.037688 31
0.001212 135
0.022519 67
0.006655 534
0.000280 162
0.057729 27
0.001218 127
0.024744 71
0.007094 534
0.000517 170
0.054324 29
0.001272 131
0.023420 73
0.007809 534
0.000462 174
0.061230 30
0.005374 133
0.033967 75
0.010046 534
0.000379 178
0.098808 31
0.002211 135
0.027161 69
0.008790 534
0.000386 166
0.063345 28
0.001256 129
0.023220 71
0.009505 534
0.000369 170
0.078168 29
0.001391 131
0.022503 71
0.008744 534
0.000405 170
0.043222 29
0.001354 131
0.026142 69
0.007507 534
0.000248 166
0.044804 28
0.001524 129
0.034424 73
0.009676 534
0.000359 174
0.065920 30
0.001371 133
0.029680 69
0.007762 534
0.000386 166
0.038716 28
0.001199 129
0.026848 69
0.007411 534
0.000434 166
0.041700 28
0.001122 129
0.023959 71
0.008506 534
0.000339 170
0.040098 29
0.001256 131
0.023507 73
0.006623 534
0.000277 174
0.030584 30
0.001272 133
0.025627 77
0.006992 534
0.000433 182
0.032926 32
0.001248 137
0.022542 77
0.006896 534
0.000331 182
0.054723 32
0.001365 137
0.020530 71
0.007774 534
0.000534 170
0.095387 29
0.000991 131
0.021173 79
0.008904 534
0.000774 186
0.032492 33
0.003317 139
0.020285 79
0.007677 534
0.000305 186
0.034201 33
0.001094 139
0.021557 69
0.008651 534
0.000316 166
0.075114 28
0.001180 129
0.020683 71
0.008260 534
0.000396 170
0.039471 29
0.001070 131
0.022495 75
0.007396 534
0.000343 178
0.074634 31
0.001044 135
0.022571 73
0.006739 534
0.000430 174
0.052017 30
0.003382 133
0.021720 71
0.009136 534
0.000300 170
0.036382 29
0.001175 131
0.027149 81
0.007465 534
0.000264 190
0.037268 34
0.001072 141
0.023452 69
0.006853 534
0.000256 166
0.029977 28
0.001294 129
0.024795 69
0.006495 534
0.000261 166
0.038537 28
0.001188 129
0.023325 75
0.006646 534
0.000254 178
0.033778 31
0.001436 135
0.022466 69
0.007119 534
0.000429 166
0.050596 28
0.001182 129
0.021054 81
0.007283 534
0.000500 190
0.034059 34
0.001126 141
0.021324 71
0.007381 534
0.000265 170
0.045008 29
0.001352 131
0.023082 69
0.006576 534
0.000293 166
0.032917 28
0.003077 129
0.025095 69
0.007100 534
0.000332 166
0.047016 28
0.001192 129
0.021377 71
0.009521 534
0.000619 170
0.091608 29
0.003074 131
0.022619 69
0.011497 534
0.000361 166
0.085124 28
0.001193 129
0.020960 71
0.007265 534
0.000288 170
0.030590 29
0.001477 131
0.022361 73
0.009271 534
0.000464 174
0.034009 30
0.001142 133
0.023798 73
0.009368 534
0.000450 174
0.079247 30
0.001104 133
0.021731 79
0.008812 534
0.000504 186
0.035487 33
0.001104 139
0.021139 71
0.008577 534
0.000243 170
0.075391 29
0.001238 131
0.021450 67
0.008687 534
0.000578 162
0.094685 27
0.001148 127
0.020393 75
0.007115 534
0.000305 178
0.047587 31
0.001185 135
0.024681 67
0.006550 534
0.000291 162
0.073830 27
0.001285 127
0.024715 79
0.007344 534
0.000374 186
0.037341 33
0.001020 139
0.022629 71
0.009917 534
0.000462 170
0.072556 29
0.001190 131
0.021274 79
0.007752 534
0.000366 186
0.075723 33
0.001148 139
0.021915 75
0.006826 534
0.000461 178
0.087711 31
0.001064 135
0.027784 146
0.070383 21
0.001169 130
0.124283 198
0.073821 33
0.001100 157
0.146575 198
0.133852 33
0.001043 160
0.173877 178
0.144144 29
0.001248 152
0.174664 174
0.153379 28
0.001258 150
0.171919 174
0.138332 28
0.001118 150
0.154555 174
0.161767 28
0.001464 150
0.161120 146
0.120729 21
0.001687 133
0.137557 154
0.113422 23
0.001075 134
0.173200 182
0.106276 30
0.001084 148
0.139306 186
0.185833 31
0.003074 150
0.137346 142
0.154016 20
0.005941 128
0.139772 142
0.193042 20
0.001025 128
0.159922 194
0.086576 32
0.001068 155
0.132686 227
0.119412 35
0.001599 161
0.135600 146
0.175996 21
0.001973 130
0.235172 146
0.310226 21
0.004546 136
0.190804 142
0.354456 20
0.001331 128
0.144403 138
0.236007 19
0.001826 126
0.158727 181
3.352309 181
0.199217 27
0.002267 164
0.316669 146
0.408802 21
0.001254 133
0.141548 206
0.101372 36
0.001124 160
0.144724 142
0.078937 20
0.000971 128
0.203884 170
0.200688 26
0.001654 164
0.231459 146
0.166882 21
0.001165 154
0.155179 178
0.114073 29
0.001038 152
0.168037 190
0.184744 29
0.001455 149
0.203011 150
0.222107 22
0.020672 132
0.175593 162
0.084559 25
0.001256 138
0.135085 138
0.751439 19
0.001233 126
0.137873 154
0.156734 23
0.001291 134
0.137901 142
0.051281 20
0.001056 128
0.140646 170
0.429017 27
0.001412 142
0.164187 146
0.684813 21
0.001729 130
0.145512 154
0.110737 23
0.003073 134
0.130550 142
0.102048 20
0.001148 128
0.188919 162
0.138791 25
0.001095 162
0.186365 154
0.078878 23
0.001865 134
0.139444 150
0.106102 21
0.001028 154
0.149337 146
0.131769 21
0.001075 130
0.145379 146
0.075395 21
0.001096 130
0.135457 142
0.148883 20
0.001304 128
0.206207 154
0.162806 23
0.001892 134
0.224717 142
0.047040 20
0.001206 128
0.167087 190
0.098785 31
0.001419 150
0.146840 146
0.094723 21
0.001136 130
0.175454 158
0.060235 24
0.001868 136
0.036324 194
0.139731 32
0.001141 155
0.172990 158
0.191590 24
0.001203 136
0.133656 154
0.288378 23
0.001027 134
0.129992 150
0.067123 22
0.001431 132
0.127369 142
0.099069 20
0.001266 128
0.137512 186
0.098279 31
0.001335 150
0.133028 170
0.082904 27
0.001305 142
0.209726 206
0.115614 35
0.044012 161
0.154921 142
0.088092 20
0.002169 128
0.181242 142
0.096298 20
0.001291 128
0.144087 142
0.060393 20
0.001057 128
0.136027 182
0.054667 30
0.001811 151
0.134952 166
0.158598 26
0.001241 164
0.177331 158
0.072723 24
0.001451 108
0.020971 158
0.077311 24
0.001196 136
0.151822 146
0.116347 21
0.001261 130
0.140074 154
0.083249 23
0.001174 134
0.153106 154
0.128189 23
0.001382 134
0.146933 174
0.171145 28
0.001148 168
0.165966 202
0.104622 34
0.001295 159
0.140544 182
0.151949 30
0.001403 151
0.146789 186
0.060956 30
0.001759 151
0.150129 142
0.092813 20
0.000991 128
0.142444 230
0.134651 41
0.001059 170
0.133731 162
0.127297 25
0.001135 144
0.168930 182
0.456600 146
0.202170 162
0.387772 21
0.001657 180
0.165792 182
0.141581 30
0.001095 174
0.156690 158
1.846259 23
0.002734 158
0.350278 166
0.198813 26
0.001198 164
0.157134 170
0.162766 27
0.001380 166
0.174585 162
0.752386 24
0.001146 123
0.235258 154
0.195154 23
0.001778 134
0.203293 170
0.109826 27
0.001389 148
0.172686 150
0.354301 22
0.001535 132
0.162320 158
0.072843 24
0.001141 136
0.130894 178
0.090077 29
0.001133 146
0.135232 162
0.269462 25
0.002315 162
0.237228 194
0.183628 32
0.002246 161
0.230626 149
0.154132 19
0.001106 147
0.164490 134
0.170618 18
0.001221 124
0.132311 154
0.177109 23
0.001064 134
0.136377 182
0.173691 30
0.002458 148
0.154300 146
0.042352 21
0.001422 111
0.026302 158
0.205578 24
0.001218 145
0.146333 214
0.104319 38
0.001112 164
0.142217 186
0.082393 31
0.001072 150
0.147623 190
0.140762 31
0.001022 153
0.152798 170
0.138930 27
0.001281 142
0.154341 142
0.114750 20
0.000940 128
0.139126 100
0.020430 534
0.118846 22
0.005015 103
0.019820 534
0.065427 25
0.005185 108
0.021820 534
0.057766 26
0.007467 116
0.020080 534
0.065719 30
0.006955 65
0.083281 65
0.067858 99
0.014737 66
0.006897 534
0.440866 65
0.094719 179
0.006324 534
0.001126 134
0.003093 34
0.004476 34
0.003936 688
0.008305 102
0.010405 104
0.005293 112
0.005378 110
0.004879 106
0.006132 106
0.005939 112
0.005151 102
0.004779 108
0.005144 112
0.005137 100
0.005373 106
0.006147 108
0.005236 114
0.005220 112
0.005072 104
0.005317 104
0.007003 102
0.005942 108
0.005167 104
0.005255 110
0.005080 104
0.004832 112
0.007121 110
0.005268 108
0.004790 114
0.004896 100
0.004886 106
0.006373 102
0.007500 100
0.004856 106
0.005100 102
0.004530 108
0.005294 106
0.007103 106
0.006135 108
0.005363 100
0.006714 104
0.011102 106
0.006400 106
0.005253 108
0.005360 114
0.005693 102
0.004600 102
0.007100 108
0.005299 104
0.005267 104
0.005337 102
0.006372 108
0.005477 106
0.005722 102
0.005206 102
0.005385 102
0.005870 104
0.005147 106
0.007180 110
0.005502 110
0.006400 116
0.003746 104
0.005384 110
0.005632 118
0.007348 112
0.005536 112
0.005953 102
0.007657 104
0.008970 108
0.008920 108
0.006671 114
0.005581 106
0.005147 112
0.006963 104
0.004997 114
0.007874 110
0.005131 102
0.005030 102
0.007339 102
0.005615 108
0.005596 102
0.004970 108
0.004807 114
0.004965 104
0.007578 102
0.005187 102
0.007027 104
0.007072 102
0.007313 104
0.006351 104
0.005299 108
0.005279 106
0.004754 106
0.004982 112
0.007377 112
0.004505 104
0.005644 100
0.005655 106
0.005153 108
0.005668 100
0.006326 106
0.005720 112
0.005877 104
0.005416 112
0.005148 110
0.006055 108
0.005811 114
0.004760 102
0.006062 104
0.006565 112
0.006317 110
0.008038 106
0.005567 106
0.005700 112
0.005055 102
0.005965 108
0.005699 112
0.005629 100
0.005665 106
0.005340 108
0.005480 114
0.007907 112
0.005933 104
0.006049 104
0.005048 102
0.005632 108
0.009218 104
0.006524 110
0.005549 104
0.005270 112
0.005443 110
0.006988 108
0.005693 114
0.005232 100
0.005914 106
0.006239 102
0.006916 100
0.005540 106
0.005255 102
0.005737 108
0.005506 106
0.006367 106
0.006618 108
0.005300 100
0.005112 104
0.007724 106
0.006911 106
0.006452 108
0.005794 114
0.005289 102
0.005861 102
0.006094 108
0.007934 104
0.006520 104
0.005461 102
0.005023 108
0.005243 106
0.008190 102
0.006355 102
0.005099 102
0.005537 104
0.005625 106
0.007770 110
0.006053 110
0.005687 116
0.005452 104
0.005351 110
0.006914 118
0.005375 112
0.005557 112
0.005515 102
0.006851 104
0.007204 108
0.006081 108
0.005358 114
0.006174 106
0.005547 112
0.005965 104
0.006300 114
0.005192 110
0.007410 102
0.005729 102
0.006354 102
0.006845 108
0.005066 102
0.005212 108
0.005709 114
0.004979 104
0.007914 102
0.004939 102
0.005215 104
0.005532 102
0.005388 104
0.006529 104
0.006313 108
0.005594 106
0.005314 106
0.005139 112
0.005538 112
0.006979 104
0.005995 100
0.005432 106
0.005819 108
0.005202 100
0.006367 106
0.005478 112
0.005963 104
0.005359 112
0.005209 110
0.005741 108
0.009115 114
0.007554 534
0.004130 84
0.109202 78
0.032051 613
0.002672 96
0.007186 90
0.007029 92
0.006679 36
0.032141 66
0.024719 534
0.065298 65
0.029868 182
0.008509 615
0.001935 24
0.002240 37
0.028718 66
0.012330 534
0.100273 65
0.075401 183
0.005935 603
0.002173 33
0.003747 81
0.025745 86
0.004917 65
0.028008 591
0.780406 595
0.368986 601
0.263143 599
0.204634 597
0.179598 597
0.422606 595
0.245568 599
0.206280 613
0.328442 601
0.580372 599
0.236974 609
0.233995 597
0.430558 597
0.390945 599
0.167464 609
0.187570 595
0.286609 597
0.353499 601
0.243014 609
0.255130 597
0.372994 599
0.279801 599
0.218571 609
0.424850 599
0.504073 605
0.190216 601
0.195179 603
0.179929 607
0.436662 601
0.232047 605
1.234571 619
0.453793 599
0.399429 617
0.258871 601
0.247107 601
0.348210 613
0.260733 615
0.252234 615
0.312799 609
0.289220 617
0.241204 611
0.357762 603
0.181028 605
0.177389 605
0.186063 605
0.305593 607
0.212104 603
0.199332 617
0.201909 611
0.189891 603
0.183254 619
0.208629 611
0.179137 629
0.217776 609
0.199966 605
0.183403 609
0.290416 607
0.232593 617
0.242544 619
0.260716 615
0.190344 603
0.179378 607
0.170767 621
0.421283 615
0.176605 631
0.323330 635
0.228842 623
0.191507 611
0.267125 617
0.182173 619
0.180493 613
0.183931 617
1.010389 635
0.611252 599
0.246196 644
0.588718 668
1.094346 678
0.270951 660
0.830373 656
0.565454 682
0.535900 670
0.396046 664
0.659541 658
0.525272 662
1.269503 686
0.388252 666
1.011276 684
0.292001 686
0.294839 704
0.259435 684
0.639019 700
0.353664 698
0.541167 690
0.268562 696
1.065080 704
0.511678 696
0.397886 706
0.225503 702
0.267376 702
0.346655 704
0.402266 682
0.266865 714
0.240375 700
0.307316 656
1.265956 668
0.273260 670
0.227597 680
0.241295 680
0.230009 670
0.251282 688
0.230499 698
0.251780 682
0.473259 694
0.563204 686
0.279939 700
0.251687 688
0.240461 694
0.272529 700
0.271373 696
0.313127 688
0.268176 696
0.312747 694
0.417321 688
0.279265 682
0.513112 682
0.276998 702
0.229469 690
0.303201 690
0.361561 682
0.391685 686
1.202299 690
1.022929 686
0.582208 684
0.494928 684
1.079489 694
0.291484 694
0.220845 690
0.341432 698
0.272698 682
0.335382 682
1.182593 702
0.624830 708
0.438717 714
0.402812 706
0.462221 712
0.476917 702
0.241635 698
0.226109 609
0.322333 633
0.369587 625
0.370645 621
0.452149 631
0.265175 633
0.255755 635
0.262954 633
0.219133 635
0.303227 633
0.234995 635
0.348369 643
0.528339 635
0.427943 637
0.223814 619
0.367540 639
0.439961 633
0.365892 635
0.429911 643
0.403054 641
0.488112 645
0.538289 637
0.301044 661
0.354320 659
0.228047 641
0.357267 647
0.346954 655
0.359254 647
0.232065 641
0.485043 641
0.299133 661
0.218088 647
0.212161 641
0.212797 661
0.332904 673
0.216226 665
0.256531 661
0.218224 657
0.323560 590
0.162856 4095
0.000214 3971
1.172844 216
0.026883 64
0.025128 111
0.009138 1149
0.003255 26
0.004653 345
0.000077 1556
0.207733 17
0.008884 39
0.002001 27
0.162979 8
0.011469 25
0.006022 58
0.005027 33
0.059906 8
0.002550 61
0.061399 8
0.001743 30
0.077984 8
0.002387 46
0.060512 8
0.003582 36
0.066799 8
0.003421 36
0.064804 8
0.003253 44
0.053247 8
0.011083 25
0.048715 8
0.008624 27
0.049926 8
0.010029 25
0.049939 8
0.006078 28
0.015302 12
0.003439 28
0.059719 8
0.005698 28
0.049825 8
0.008684 30
0.048886 8
0.005809 24
0.047268 8
0.008483 38
0.006314 22
0.080394 8
0.005318 27
0.069173 8
0.003417 31
0.064717 8
0.003750 26
0.060918 8
0.005495 23
0.074460 8
0.003379 27
0.068309 8
0.004489 29
0.081494 8
0.003171 28
0.050159 8
0.007517 39
0.080161 8
0.003561 39
0.068047 8
0.004617 29
0.092148 8
0.003344 26
0.073162 8
0.003381 26
0.053959 8
0.009864 23
0.075055 8
0.001948 26
0.034787 12
0.004846 23
0.040985 12
0.004723 24
0.062680 12
0.003273 36
0.067144 8
0.002107 28
0.045106 12
0.004020 32
0.072027 8
0.004007 25
0.086562 8
0.005726 26
0.045883 12
0.003821 27
0.052449 12
0.003266 25
0.076104 8
0.006527 26
0.090387 8
0.004083 25
0.079141 12
0.003741 34
0.072162 8
0.003658 30
0.078710 8
0.004216 36
0.071445 8
0.006554 26
0.056274 12
0.003717 29
0.085929 8
0.005163 32
0.051969 12
0.006015 27
0.046133 12
0.004444 31
0.087559 8
0.004691 27
0.064266 12
0.007992 40
0.077428 8
0.004091 31
0.047022 12
0.003711 31
0.043303 12
0.003278 27
0.068110 8
0.003322 33
0.063398 8
0.003539 33
0.066794 8
0.003375 29
0.066459 8
0.003250 29
0.067339 8
0.003357 25
0.069855 8
0.004424 26
0.065725 8
0.003824 35
0.039848 12
0.003294 34
0.065008 8
0.008547 25
0.074260 10
0.002118 26
0.069823 10
0.001754 31
0.071005 10
0.002013 28
0.074057 10
0.009365 25
0.063026 8
0.001972 25
0.074461 8
0.003156 29
0.083872 8
0.002312 34
0.071449 10
0.003975 26
0.061862 8
0.001807 26
0.065394 8
0.002103 26
0.063681 8
0.002608 23
0.080560 8
0.007655 26
0.063211 18
0.010141 37
0.091990 16
0.005984 28
0.101967 10
0.004931 27
0.084414 10
0.006411 28
0.085873 10
0.007184 25
0.075269 8
0.003412 31
0.076873 12
0.003481 24
0.071123 8
0.004334 25
0.085044 8
0.005294 26
0.085062 8
0.004656 34
0.070045 12
0.003499 25
0.072118 8
0.004819 30
0.069070 8
0.003923 47
0.060582 8
0.003882 33
0.080226 8
0.007010 27
0.094932 8
0.004143 42
0.085571 8
0.003538 46
0.077189 8
0.003938 39
0.064692 8
0.003317 33
0.063388 12
0.002987 47
0.070460 8
0.003251 42
0.069021 8
0.003988 31
0.066465 8
0.003531 32
0.071938 8
0.003846 36
0.074983 8
0.004795 39
0.061800 12
0.003489 37
0.078928 8
0.004060 46
0.068022 8
0.004353 52
0.068834 8
0.005271 36
0.084847 8
0.006394 30
0.120072 8
0.201566 29
0.110676 8
0.004211 33
0.093985 8
0.009541 32
0.233667 8
0.007749 29
0.076675 8
0.025154 24
1.710919 142
0.002241 262
0.000097 52
0.002493 141
0.000168 280
0.003098 23
0.007845 601
0.582349 540
0.304308 546
0.254631 544
0.212191 542
0.207278 542
0.482279 540
0.281607 544
0.223794 558
0.332262 546
0.600148 544
0.227356 554
0.273072 542
0.429556 542
0.405159 544
0.174671 554
0.181312 540
0.271093 542
0.463948 546
0.252263 554
0.279240 542
0.381647 544
0.279137 544
0.204576 554
0.440893 544
0.531606 550
0.204408 546
0.224756 548
0.215329 552
0.501976 546
0.275571 550
1.485829 564
0.469709 544
0.264788 562
0.249367 546
0.283081 546
0.368609 558
0.192839 560
0.203819 560
0.280814 554
0.307313 562
0.260511 556
0.373111 548
0.184107 550
0.189077 550
0.190800 550
0.337900 552
0.271226 548
0.257505 562
0.254366 556
0.181308 548
0.216612 564
0.407498 556
0.263310 574
0.316141 554
0.263585 550
0.229065 554
0.325498 552
0.202102 562
0.191176 564
0.194232 560
0.199838 548
0.177329 552
0.388287 566
0.607654 560
0.254283 576
0.520999 580
0.374067 568
0.267408 556
0.305418 562
0.198284 564
0.220109 558
0.203386 562
1.114512 580
0.644789 544
0.246315 589
0.703345 613
1.169191 623
0.271670 605
0.867612 601
0.571734 627
0.552241 615
0.401142 609
0.785432 603
0.589751 607
1.325122 631
0.375610 611
0.735356 629
0.277286 631
0.291238 649
0.243061 629
0.731000 645
0.368946 643
0.358474 635
0.222120 641
0.931992 649
0.506234 641
0.425155 651
0.245266 647
0.276510 647
0.420404 649
0.382084 627
0.255099 659
0.266344 645
0.325565 601
1.166945 613
0.251196 615
0.199263 625
0.227227 625
0.223173 615
0.251890 633
0.240395 643
0.228259 627
0.383578 639
0.432467 631
0.293290 645
0.268403 633
0.228348 639
0.265057 645
0.243462 641
0.278299 633
0.249567 641
0.329517 639
0.399714 633
0.271833 627
0.497110 627
0.277506 647
0.229046 635
0.292665 635
0.349925 627
0.384729 631
1.067763 635
0.956941 631
0.575278 629
0.515455 629
1.037532 639
0.301003 639
0.212464 635
0.278514 643
0.251203 627
0.231154 627
0.855587 647
0.360744 653
0.229238 659
0.235601 651
0.268014 657
0.271072 647
0.233292 643
0.213736 554
0.275493 578
0.311445 570
0.362391 566
0.398949 576
0.293326 578
0.229126 580
0.242837 578
0.212558 580
0.268594 578
0.225173 580
0.331414 588
0.486183 580
0.406107 582
0.222413 564
0.321954 584
0.406819 578
0.355292 580
0.249849 588
0.338040 586
0.476260 590
0.539329 582
0.300780 606
0.357655 604
0.230043 586
0.353963 592
0.240266 600
0.288682 592
0.233828 586
0.676562 586
0.342027 606
0.215782 592
0.211251 586
0.207166 606
0.343991 618
0.226188 610
0.269241 606
0.222948 602
0.321276 535
0.171569 4095
0.000392 3869
0.822593 216
0.024844 64
0.021560 10
0.062831 57
0.003679 178
0.002661 67
0.001968 37
0.002617 64
0.002011 93
0.001512 107
0.002523 40
0.021181 220
0.003190 157
0.002666 246
0.002004 87
0.008403 159
0.002078 84
0.002890 84
0.006052 84
0.004528 180
0.008892 106
0.001609 188
0.007094 118
0.002237 184
0.013945 110
0.001790 184
0.003905 114
0.002214 182
0.004236 112
0.001758 191
0.003443 106
0.001794 155
0.004130 167
0.005397 166
0.004076 167
0.002980 64
0.000391 92
0.001938 157
0.003383 531
0.001625 96
0.002272 90
0.001746 90
0.001806 92
0.001920 100
0.004724 118
0.003109 146
0.002148 161
0.011191 93
0.002216 91
0.001638 140
0.004796 157
0.005435 163
0.004674 99
0.002096 155
0.004624 167
0.004352 121
0.002201 174
0.004343 184
0.004440 92
0.001924 140
0.005500 153
0.044100 88
0.002527 88
0.001834 88
0.001831 324
0.142702 98
1.400939 104
2.846964 68
0.242807 13
0.037778 32
0.077720 36
0.008312 120
0.000519 29
0.010691 56
0.907087 44
0.026907 36
0.007261 83
0.087385 55
0.002849 141
0.007045 75
0.001919 42
0.003417 17
0.001801 10
0.002676 49
0.183869 1316
0.083984 462
1.108428 67
0.016153 2
1.135206 79
0.009473 55
0.003561 133
0.004359 10
0.065520 20
0.001854 19
8.554913 24
1.110590 2
0.012872 12
0.000905 239
24.339738 21
1.955555 4
9.015716 56
1.598957 2
0.336890 45
1.281246 101
0.449721 101
0.399545 101
1.001354 101
1.015371 101
1.211728 101
0.275598 102
0.400096 101
0.332671 101
0.065547 102
0.565879 101
0.332745 101
0.292778 102
0.014812 101
0.272619 102
0.031547 101
0.457061 101
0.305072 101
0.085622 102
0.427846 101
0.336007 101
0.022223 102
2.029808 82
0.050020 74
1.192854 20
0.001287 19
21.956020 76
0.195173 85
0.721439 96
1.174969 87
4.345742 134
8.046376 99
0.029794 99
0.033392 99
0.038281 99
0.032384 101
0.033625 104
0.029032 104
0.037122 104
0.029156 104
0.032475 104
0.271711 104
0.040230 104
0.019939 104
0.033729 104
0.016695 104
0.033502 104
0.020333 104
0.021922 104
0.286201 104
0.031894 104
0.016130 104
0.017298 104
0.019043 104
0.015343 104
0.384276 104
0.033766 104
0.020802 104
0.026126 104
0.033520 104
0.825025 104
0.043326 104
0.031012 104
0.015692 104
0.017946 104
0.017615 104
0.021702 104
0.017003 104
0.016954 104
0.016539 104
0.018830 104
0.015976 104
0.016739 102
0.031074 99
0.032820 99
0.034107 99
0.034708 99
13.348741 61
0.540995 76
1.516032 4
0.500725 4
0.030450 4
0.029914 4
0.031193 4
0.028056 4
0.029446 4
0.030955 4
0.029765 4
0.029847 4
0.030026 4
0.029915 4
0.030776 4
0.028952 4
0.029826 4
0.030887 4
0.030068 4
0.030199 4
0.029339 4
0.029663 4
0.029949 4
0.030845 4
0.029404 4
0.030291 4
0.030776 4
0.028574 4
0.030707 4
0.030242 4
0.030027 4
0.030125 4
0.029208 4
0.030043 4
0.029942 4
0.029443 4
0.031959 4
0.028728 4
0.030431 4
0.029104 4
0.031285 4
0.029664 4
0.029727 4
0.029881 4
0.029782 4
0.029862 4
0.029654 4
0.031575 4
0.029018 4
0.030366 4
0.029952 4
0.029927 4
0.030341 4
0.029528 4
0.029887 4
0.030328 4
0.029912 4
0.029441 4
0.834935 33
6.243333 2
0.448516 45
2.489327 74
1.634515 59
0.049711 51
1.152638 39
20.535399 53
0.205539 89
0.495102 85
0.862661 96
1.113240 87
0.364663 134
3.600325 156
0.634735 61
0.440869 53
0.301696 89
0.681152 156
0.728886 89
5.588533 4
0.500088 4
0.029293 4
0.030794 4
0.030717 4
0.028362 4
0.030943 4
0.030071 4
0.030159 4
0.029717 4
0.030001 4
0.029366 4
0.031228 4
0.030224 4
0.029623 4
0.028941 4
0.030803 4
0.029524 4
0.030910 4
0.029839 4
0.029854 4
0.029856 4
0.029517 4
0.030618 4
0.029502 4
0.031860 4
0.028234 4
0.029261 4
0.031022 4
0.029505 4
0.030430 4
0.029734 4
0.029952 4
0.987718 4
0.532866 4
0.453385 33
1.782447 2
0.395852 45
2.380383 74
2.251438 24
0.111468 592
0.014334 65
0.034278 27
0.695758 30
0.000745 26
0.450572 29
0.085251 21
0.379680 103
0.000597 3
0.309854 106
0.437936 103
0.057251 103
0.018519 206
0.019551 206
0.043061 309
0.000844 309
0.003054 103
0.001430 103
0.009434 103
0.008905 103
0.033551 618
0.000106 206
0.016664 309
0.024985 309
0.016392 309
0.016280 206
0.016598 206
0.016005 515
0.009817 103
0.031116 106
0.081498 106
0.875989 483
2.414646 106
3.335587 2
0.084023 119
0.000721 11
3.197818 39
6.993953 26
0.530236 2
0.205115 20
0.001963 19
3.638384 26
0.127453 1
0.510640 1
0.031162 1
0.028426 1
0.030777 1
0.030142 1
0.030260 1
0.029872 1
0.595661 3
0.352725 5
0.179827 5
0.692906 5
1.157115 3
0.485210 13
0.057680 13
0.345516 2
0.057002 1024
16.668102 69
0.500111 69
0.031516 69
0.031368 69
0.027554 69
0.028917 69
0.031282 69
0.124256 1473
0.963326 69
0.564662 53
1.555131 37
1.302223 2
0.031711 39
8.492801 87
3.640015 2
0.019258 39
63.667547 258
33.652837 287
0.023046 287
0.032521 289
0.023796 292
0.024855 292
0.017540 292
0.016896 292
0.016184 292
0.017414 292
0.016466 292
0.033244 292
0.302748 292
0.014833 292
0.017206 292
0.017025 292
0.017046 292
1.063402 292
0.047837 292
0.032849 292
5.548990 292
0.016136 294
0.018050 297
0.016295 297
0.017693 297
0.050674 297
0.021821 297
0.011217 297
0.017258 299
0.016277 302
0.523488 302
4.285809 300
0.021452 297
0.012347 297
0.014570 297
0.033259 297
0.316573 297
1.305238 297
0.022136 297
0.033395 297
0.066473 297
0.033345 297
0.016900 297
0.016420 297
0.022683 295
0.010802 292
0.016744 292
0.016605 292
0.017437 292
0.033318 292
0.016999 292
0.016171 292
0.016239 292
0.051504 292
2.131609 292
0.031258 292
0.015121 292
0.018199 292
0.017294 290
0.015982 287
0.017572 287
0.065962 287
0.050359 287
0.049949 287
0.050906 287
0.033321 287
0.016665 287
0.033841 287
0.032738 287
0.033675 287
0.027011 287
0.018111 287
0.016521 287
0.017924 287
0.017762 287
0.018067 287
0.029640 287
0.017876 287
0.017982 287
18.066335 1
0.340916 1
0.270045 484
0.686847 316
0.328943 1
0.552458 484
0.888990 316
1.715380 2
0.025165 200
0.124208 59
0.351629 119
0.076812 12
0.160207 40
0.178514 246
0.225731 115
0.199862 115
0.200978 115
0.144244 289
0.007702 279
0.000441 39
58.428909 1
0.058651 1
0.165860 1
0.174829 1
0.362084 1
0.386515 1
0.731280 27
0.522816 2
0.009251 109
0.000678 39
20.476638 1
0.117878 1
0.181809 1
0.712067 27
0.894861 69
0.728213 1
1.118712 4
0.397107 1
0.121306 1
0.500454 1
0.265098 1
0.271244 1
0.387521 2
0.002368 109
0.000081 67
10.853868 1
0.080224 1
0.223837 2
0.002123 52
0.000080 67
65.101490 182
1.968556 4
15.694731 73
1.422850 2
0.013344 200
0.112690 59
0.001314 119
0.079984 12
0.165831 40
0.157470 273
0.235045 115
0.200255 115
0.201082 115
0.122515 253
0.000085 67
2.635009 1
0.096116 1
0.256497 1
0.338022 4
0.122762 1
0.058974 1
0.247990 1
0.382279 2
0.006131 212
0.000037 67
14.673122 29
1.898875 2
0.007820 212
0.000078 67
16.121601 38
0.955712 2
0.071508 178
0.032407 15
0.038946 67
20.592019 33
0.602417 2
0.057761 140
0.001416 2131
0.011913 2263
14.132772 47
0.055920 46
19.254483 104
0.916098 27
0.330097 27
0.244436 27
12.420614 27
0.499678 27
0.143855 27
0.183146 27
0.539330 28
0.202935 28
0.231240 28
0.189171 28
0.220725 28
0.182647 28
0.188695 28
2.805360 28
0.432080 30
0.173642 29
0.500051 29
0.031677 29
0.031761 29
0.030422 29
0.030717 29
0.026844 29
0.109478 29
0.256324 29
1.313468 30
0.513059 28
2.817435 29
0.500659 29
0.031975 29
0.031197 29
0.027407 29
0.028917 29
0.030006 29
0.029474 29
0.030396 29
0.029526 30
0.030803 29
0.029780 29
0.029374 29
0.030739 29
0.162891 29
0.177582 29
0.172449 29
2.027692 75
1.344464 31
1.364980 34
0.149612 34
0.217999 34
0.450396 34
0.368297 34
0.244092 34
0.133605 34
0.101792 35
0.273735 34
0.316812 33
0.238528 34
0.273802 34
4.373981 34
9.771292 42
0.100608 57
0.763880 56
0.405499 1
0.096147 1
0.264255 47
0.002658 128
2.045376 1
0.100525 1
0.285766 1
0.828815 1
0.900272 14
6.138358 18
1.153070 3
0.195348 3
0.199103 3
0.840957 9
0.589755 35
1.012123 9
0.324486 5
0.524903 9
0.138072 5
0.268417 5
0.101618 5
0.667093 5
0.339341 2
0.008906 37
0.001088 67
1.863730 56
0.304242 1
0.500832 1
0.028781 1
0.031124 1
0.029615 1
0.030321 1
0.030931 1
0.028484 1
0.029601 1
0.030680 1
0.029354 1
0.030683 1
0.029680 1
0.029576 1
0.030566 1
0.029455 1
0.031275 1
0.029028 1
0.030506 1
0.029369 1
0.172034 1
0.574422 5
0.430993 5
0.834041 1
0.499330 1
0.030614 1
0.029847 1
0.029841 1
0.031400 1
0.028069 1
0.030822 1
0.029822 1
0.029965 1
0.029955 1
0.029879 1
5.293707 3
0.500018 3
0.031023 3
0.029710 3
0.029527 3
0.032738 3
0.027317 3
0.030246 3
0.030121 3
0.029952 3
0.029951 3
0.029798 3
0.029910 3
0.029893 3
0.030218 3
0.030193 3
0.029723 3
0.030104 3
0.030100 3
0.029732 3
0.029758 3
0.030065 3
0.029754 3
0.030561 3
0.029348 3
0.030562 3
0.029617 3
0.030301 3
0.029244 3
0.030751 3
0.029468 3
0.219761 3
0.420551 7
0.177468 7
0.168337 7
0.168359 4
0.225119 2
0.003037 33
0.000076 67
8.662377 1
0.249419 1
0.139881 1
0.194368 1
0.080630 1
0.123687 1
0.157142 1
0.177416 1
0.322350 2
0.005488 134
0.000107 67
4.318417 1
0.196756 1
0.145507 1
0.199632 1
0.069661 1
0.122826 1
0.150899 1
0.241339 1
0.304354 1
0.191231 1
0.198842 1
0.158609 1
0.181387 1
0.016326 1
0.096962 1
0.203984 2
0.008216 67
48.542178 22
1.111487 2
0.003160 58
0.002974 67
2.460609 22
3.340979 22
0.257589 45
0.539921 45
0.058378 45
0.183442 45
0.162838 45
0.157505 45
0.129511 45
0.085315 45
0.946405 2
0.018372 554
0.000108 67
16.670762 1
0.569721 1
0.181834 1
0.135641 1
0.128271 1
3.094782 22
1.507035 2
0.006097 32
0.000059 67
53.457283 33
2.241653 1
0.373913 1
0.149754 1
0.128229 1
0.235341 1
0.192482 1
0.136663 1
11.052142 4
3.381408 1
0.389730 1
0.094342 1
0.168418 1
0.134130 1
0.922356 1
6.024290 4
1.380326 1
0.133817 1
0.139103 1
0.085574 1
0.095966 1
1.653404 4
0.096410 1
0.584358 1
0.101621 1
0.178127 1
0.244501 1
1.402597 1
0.260211 1
0.247047 1
0.193504 1
0.199966 1
0.473240 1
1.081084 4
0.603174 1
0.301325 1
0.101507 1
0.150001 1
0.501751 4
0.481269 1
0.349104 4
0.058901 1
0.266941 1
0.101160 1
0.168679 1
1.754110 1
0.397869 1
0.264164 1
0.150727 1
0.155021 1
0.485591 1
0.605982 1
0.166720 1
0.313102 1
0.206435 1
0.114326 1
0.096395 1
0.514252 1
0.766307 1
0.116169 1
0.183523 1
0.166050 1
0.165850 1
0.302167 1
0.166256 1
0.265125 4
0.178956 1
0.074146 1
0.249464 4
0.150579 4
0.158183 4
0.069438 1
0.026997 1
0.314732 1
0.179229 1
2.855926 4
0.797744 1
0.162437 1
0.155231 1
0.498420 1
0.177535 1
0.090815 1
0.199033 1
0.112659 1
0.787758 1
0.326442 1
0.910141 4
0.384341 1
0.107373 1
0.117054 1
0.205249 1
0.127491 1
0.101565 1
0.107274 1
0.269263 1
0.490381 1
0.985085 4
0.603835 1
0.138760 1
0.144551 1
0.329120 2
0.005250 67
6.501058 32
0.338159 2
0.374211 45
0.487014 66
0.070698 67
11.936664 1
0.123093 1
0.267256 1
0.133773 1
0.133408 1
0.236557 1
0.090913 1
0.106927 1
0.096406 1
0.655950 1
0.216870 1
0.122996 1
0.184892 1
0.085574 1
0.120895 1
0.154622 1
0.187569 1
0.117454 1
0.193523 1
0.101920 1
0.199692 2
0.220258 45
12.687231 98
5.802295 153
0.722277 45
0.002486 22
200.761419 20
1.333655 4
0.204304 4
0.152984 4
0.179182 4
0.667912 1
0.212105 1
0.144355 1
0.236000 1
0.075165 1
0.660856 2
0.370074 45
6.000565 306
0.002685 1836
1.303457 45
0.002039 22
10.965877 21
0.857997 1
0.861774 1
0.203111 3
0.176344 3
0.314188 4
0.182782 4
0.169194 4
0.166656 4
0.151533 4
2.381499 1
0.351762 1
0.128495 1
0.317023 1
0.085634 1
0.273840 1
0.096225 1
0.364743 1
0.532235 1
0.186871 1
0.085500 1
0.144426 1
0.123408 1
0.130670 1
0.074906 1
0.292510 2
0.399556 45
6.369096 67
2.112832 31
0.260504 4
0.494599 4
0.031250 4
0.028521 4
0.031098 4
0.030090 4
0.030048 4
0.028936 4
0.030909 4
0.029652 4
1.110978 1
0.064012 1
0.200685 2
0.347078 45
4.924403 153
1.283107 45
0.000162 22
25.374845 12
0.102904 98
0.000512 45
0.002119 51
0.003135 52
0.002379 67
5.834067 1
0.263258 1
0.209773 1
0.112145 1
0.227857 1
0.080109 1
0.295643 1
0.183770 1
0.546530 4
0.179122 4
0.058956 1
0.069673 1
0.187017 1
0.195354 1
6.245660 1
0.485063 27
2.728161 67
1.162353 4
0.492437 4
0.030499 4
0.030021 4
0.029780 4
0.030290 4
0.029116 4
0.164268 4
0.206773 4
0.153735 99
0.663047 99
0.146599 102
0.372067 2
0.011708 12
0.003084 269
0.000123 67
4.373951 27
1.757168 1
0.106870 1
0.245261 1
0.206286 1
0.763664 4
0.228399 4
0.162000 4
0.697757 67
0.255315 98
0.211084 101
0.187702 104
0.112237 55
0.220590 55
0.562756 59
0.080141 55
0.058848 55
0.447122 55
0.091290 55
0.221090 55
0.329998 55
0.202521 55
0.362109 2
0.040632 24
0.000394 101
0.002389 53
0.035164 15
0.030018 67
14.833492 1
0.053654 1
0.217966 1
0.213021 1
0.139037 1
0.190993 1
0.316147 1
0.270629 1
0.238511 1
0.228318 1
0.175451 1
0.101894 1
0.136134 1
0.728473 1
0.201520 1
0.189455 1
0.263790 1
0.090995 1
0.122991 1
0.489865 1
0.166764 1
0.675161 1
0.225144 1
0.080231 1
0.142352 1
0.171249 1
0.189511 1
0.138969 1
0.361991 1
0.512717 4
0.243451 1
0.064117 1
0.568190 1
0.500587 1
0.029757 1
0.029182 1
0.030415 1
0.031083 1
0.029298 1
0.029902 1
0.327417 1
0.489303 5
0.106792 5
0.123531 2
0.243272 45
0.365065 66
0.035698 67
20.558616 1
0.146626 1
0.178473 1
0.683226 1
0.133904 1
0.202465 1
0.058485 1
0.123088 1
0.106860 1
0.615656 1
0.154816 1
0.134634 1
0.196968 1
0.085276 1
0.096228 1
0.090969 1
1.533341 1
0.140657 1
0.222147 1
0.125747 1
0.199604 2
0.111742 43
0.013522 2
8.041879 98
0.017242 98
5.466033 153
1.159916 45
0.001922 22
20.984778 1
0.181040 1
0.221609 1
0.101458 1
0.143956 1
0.163874 1
0.090860 1
0.133936 1
0.117652 1
0.146186 1
0.154562 1
0.096041 1
1.423456 27
0.600532 2
0.354535 45
3.140238 74
2.510964 24
0.066875 945
0.224377 28
0.001236 22
0.004886 18
2.288529 1
0.296069 2
0.001105 23
0.060122 115
0.360639 115
1.039235 115
1.001088 115
0.180812 115
0.127819 231
1.084030 115
0.767387 115
0.715708 115
0.521911 115
0.302730 115
0.637871 115
0.675538 115
0.237441 231
1.149731 115
0.008551 116
0.001774 117
0.017006 117
0.229672 27
0.139671 30
0.000663 26
0.627870 29
0.101462 21
0.230469 115
0.004575 115
0.002166 118
0.346732 115
0.044413 1380
0.000619 575
0.013448 805
0.000994 118
0.052496 118
0.121989 115
0.006726 115
0.022028 1035
0.009928 690
0.004547 115
0.001663 118
0.035413 115
0.035995 115
0.023484 115
0.019171 115
0.026512 115
0.019560 115
0.014659 115
0.011595 115
0.032478 230
0.017270 115
0.013585 115
0.015712 115
0.014572 115
0.043100 115
0.013111 115
0.011184 115
0.016772 115
0.012112 115
0.036418 115
0.009804 115
0.016246 230
0.017155 115
0.013950 115
0.015983 115
0.016265 115
0.016503 115
0.016950 115
0.016543 115
0.033283 115
0.000103 115
0.036968 115
0.013677 115
0.016966 115
0.008264 115
0.027600 115
0.021738 230
0.014548 115
0.007693 115
0.036844 115
0.016341 115
0.033915 115
0.049573 115
0.036499 118
0.087224 118
1.935706 354
2.772761 2
0.130860 129
0.002571 11
1.688280 45
0.003245 22
141.111386 1
0.232386 1
0.284472 1
0.309015 4
0.268599 1
0.111712 1
0.361344 4
0.155121 4
0.221584 1
0.607604 4
0.179290 4
0.163010 4
0.338478 1
0.188232 1
0.085567 1
0.096383 1
0.244159 1
0.080491 1
0.195128 2
0.088443 23
0.003384 22
0.277030 1
0.236243 1
0.069781 1
0.161181 1
0.209696 2
0.005995 8
0.011731 49
0.658456 1
0.359619 1
0.333973 4
0.140295 1
0.101470 1
0.259552 1
1.162291 2
0.000010 9
0.000045 6
