0.001491 8
0.000015 41
1.600981 1
0.223215 1
0.163877 1
0.214435 1
0.098770 1
0.199886 1
0.290179 1
0.120754 1
0.189628 1
0.135454 1
0.115644 1
2.962273 11
2.038073 23
0.000383 22
0.923959 1
0.128259 1
0.198046 1
0.105634 1
0.171950 1
0.349501 1
0.349774 1
0.235138 1
0.253854 1
0.490831 1
0.280845 1
0.078167 1
0.350157 1
0.331032 4
0.054623 1
0.058928 1
0.217359 1
0.075036 1
0.121530 1
0.080231 1
0.629537 1
0.663850 1
0.214901 1
0.187572 1
0.205179 1
0.073353 1
0.238808 1
0.218556 1
0.090988 1
0.360539 2
0.005632 57
0.000483 45
4.872293 27
1.148678 67
0.531194 4
0.207355 4
0.174755 95
0.388228 49
0.858474 49
0.216859 49
0.146270 49
0.260358 49
4.978075 3
0.498802 3
0.030616 3
0.029269 3
1.885876 60
0.638294 4
0.499120 4
0.031620 4
0.027964 4
0.030170 4
0.029674 4
0.030783 4
0.309384 4
5.326858 1
0.169145 1
0.191494 1
0.224078 1
0.064195 1
0.349032 1
0.188787 1
0.086101 1
1.026549 67
0.771191 4
0.174707 4
0.164615 4
0.166089 4
0.179805 95
0.283194 49
0.151408 49
0.244473 49
0.105354 49
0.128880 49
0.341772 2
0.006765 66
0.000577 45
2.789236 1
0.092330 1
0.190355 1
0.064225 1
0.222811 1
0.155838 1
0.221134 1
0.435749 2
0.093134 39
6.067954 1
2.760673 28
0.769125 2
0.002099 39
63.169451 27
1.370853 2
0.001739 39
51.875418 1
0.228707 1
0.994123 1
0.342516 1
0.106844 1
0.209071 1
0.210651 1
0.064223 1
0.195672 1
0.298816 1
0.865564 1
0.191882 2
0.815683 1
0.329481 156
1.007065 1
0.332487 4
0.080267 1
0.231628 1
0.685686 1
0.204314 1
0.293546 1
0.108234 1
0.186724 1
0.726195 1
1.919676 1
0.207639 8
0.785340 2
0.046201 129
0.001480 4095
0.000017 1651
0.011469 4095
0.000200 1772
1.937713 104
1.046570 296
2.223182 38
0.103389 48
0.638246 54
0.851578 1
0.086502 1
0.255610 40
0.001591 17
0.001501 81
1.175675 27
0.173554 85
0.480505 2
0.001578 173
0.000071 39
21.969611 1
0.065635 1
0.223641 1
0.076575 1
0.106856 1
0.100179 1
0.532288 1
0.542756 1
0.144586 1
0.186542 1
0.181473 1
0.363003 1
0.188243 1
0.016202 1
0.248929 1
0.836987 1
0.185268 1
0.164026 1
0.506331 1
0.054814 1
0.290970 1
0.187998 1
0.471847 4
0.153264 1
0.004364 1
0.076823 1
0.382174 4
0.158959 4
0.159992 4
0.053058 1
0.145444 1
0.265773 1
0.545075 1
0.216915 1
0.069005 1
0.279344 2
0.002191 39
3.960595 27
0.838745 58
0.442992 4
0.147782 4
0.147444 4
0.163728 4
0.373007 84
1.185392 84
0.038326 45
0.532783 2
0.015330 127
0.007677 4095
0.000656 1651
0.006404 4095
0.000346 1770
1.415960 104
42.721854 181
0.006488 356
0.001726 274
0.002396 273
0.002796 276
0.003356 279
0.002260 279
0.001914 352
0.002068 279
0.002180 277
0.006674 279
0.001080 279
0.002920 279
0.002015 354
0.001976 279
0.002296 277
0.003142 279
0.003283 279
0.002403 352
0.002164 279
0.002287 279
0.002327 278
0.003574 279
0.004594 279
0.002448 352
0.002236 279
0.002363 277
0.002129 272
0.003475 300
0.003578 300
0.002821 402
0.002656 289
0.003190 288
0.003457 231
0.005801 300
0.002604 300
0.002671 400
0.003895 289
0.005191 288
0.002919 234
0.003301 300
0.002934 407
0.002802 289
0.003728 289
0.003541 226
0.003254 300
0.003917 300
0.006968 404
0.003795 289
0.002997 288
0.003250 229
0.003593 300
0.003925 300
0.003973 400
0.008847 289
0.005096 288
0.003363 232
0.003337 300
0.003390 299
0.004238 399
0.003547 289
0.003554 288
0.006351 235
0.005099 300
0.003799 406
0.003685 289
0.004457 289
0.005241 227
0.003944 300
0.008533 300
0.004421 403
0.003149 289
0.003254 288
0.004196 230
0.004477 300
0.005515 300
0.005013 401
0.003969 289
0.003387 288
0.003472 233
0.003325 300
0.004486 408
0.003843 289
0.004583 289
0.003268 287
0.003886 236
0.004240 300
0.004032 405
0.003484 289
0.003554 288
0.003456 228
0.003450 300
0.004008 300
0.004196 402
0.004181 289
0.003777 288
0.003546 231
0.003567 300
0.003730 300
0.004104 400
0.004553 289
0.005133 288
0.004516 234
0.004243 300
0.005566 407
0.003792 289
0.003672 289
0.004544 226
0.006415 300
0.004153 300
0.004721 404
0.003847 289
0.004031 288
0.003985 229
0.004186 300
0.005080 300
0.004724 400
0.004491 289
0.004601 288
0.003976 232
0.004193 300
0.004104 299
0.006056 399
0.004887 289
0.005441 288
0.004290 235
0.004952 300
0.004587 406
0.004243 289
0.005061 289
0.004239 227
0.004826 300
0.005255 300
0.005199 403
0.004421 289
0.004330 288
0.005619 230
0.006558 300
0.005189 300
0.004608 401
0.004493 289
0.004420 288
0.006485 233
0.005044 300
0.005926 408
0.004606 289
0.004757 289
0.007357 287
0.006509 236
0.004812 300
0.006129 405
0.004576 289
0.004697 288
0.005021 228
0.007604 300
0.004578 300
0.005426 402
0.004056 289
0.004068 288
0.004177 231
0.005967 300
0.005515 300
0.005959 400
0.018645 340
1.971893 4095
0.000309 1633
1.576412 522
0.003645 4095
0.000137 1748
1.244646 4095
0.000011 1633
1.832673 28
0.165772 28
0.184822 28
0.082794 28
0.213659 28
0.375881 38
0.584299 137
1.468469 38
6.437492 237
0.008863 270
0.005847 273
0.003969 273
0.005666 320
2.331302 42
0.101341 52
0.633464 56
0.345869 1
0.099049 1
0.192823 38
0.007567 100
1.684812 1
0.054642 1
0.227537 2
0.002612 30
0.000616 39
1.795052 1
0.101648 1
0.523031 4
0.367661 1
0.302985 2
0.012197 9
0.000370 39
0.951621 1
0.140639 1
0.690912 2
0.001946 39
4.110839 2
0.206230 2
0.320039 4
0.469997 26
2.830660 58
1.163628 4
0.142939 84
2.553639 84
0.127780 45
0.213766 45
1.062710 66
0.952442 4
0.499970 4
0.031278 4
0.029454 4
0.029130 4
0.030893 4
0.030896 4
0.028664 4
0.030052 4
0.029794 4
0.029588 4
0.030914 4
0.029650 4
0.588130 2
0.001686 31
0.000127 39
3.145295 12
1.139957 1
0.499774 1
0.030555 1
0.029387 1
0.030363 1
0.029465 1
0.031252 1
0.029763 1
0.029325 1
0.575969 23
0.164090 23
0.128178 19
0.048556 50
1.686292 1
0.271522 1
0.386582 4
0.193770 1
0.293889 2
0.003566 1573
0.000015 48
34.350714 1
0.069280 1
0.168508 1
0.074769 1
0.080196 1
0.692436 1
0.274374 1
0.326505 1
0.224968 1
0.112954 1
0.253439 1
0.758747 1
0.428183 1
0.243054 1
0.238611 1
0.094084 1
0.274742 1
0.200296 1
0.054704 1
0.213784 1
0.197383 1
0.429148 1
0.381881 2
0.002107 48
2.452656 22
0.652195 22
0.318670 4
0.178750 4
0.168519 4
0.169087 4
0.189458 38
0.615844 35
0.994794 39
0.357233 35
0.134536 35
0.257939 2
0.013821 122
0.018798 4095
0.000269 1651
0.025912 4095
0.000642 1765
1.515708 104
0.280316 559
1.253306 138
1.300906 40
0.100511 50
0.367884 55
0.215420 1
0.474769 1
0.332263 33
0.011410 108
1.730452 19
0.763004 19
0.405897 4
0.156018 38
0.175403 35
0.161189 35
0.160240 35
0.224857 2
0.005271 143
0.000363 48
16.859769 1
0.094878 1
0.191501 1
0.210489 1
0.037231 1
0.303384 1
1.443571 1
0.223627 1
2.455619 1
1.487397 1
0.292721 1
0.335610 1
0.097776 1
0.674743 1
0.338997 1
0.177819 1
0.146322 1
0.328580 1
0.112344 1
0.264945 1
0.227767 1
0.096193 1
0.172404 1
0.231845 1
0.106950 1
0.599817 1
0.499834 1
0.030346 1
0.029248 1
0.030655 1
0.029295 1
0.031193 1
0.029051 1
0.030753 1
0.029529 1
0.326511 1
0.096501 27
0.336792 23
0.536187 2
0.005007 48
24.973004 1
0.080034 1
0.225123 1
0.038008 1
0.111983 1
0.136401 1
0.995189 1
0.486582 4
0.058605 1
0.223915 1
0.071282 1
0.277853 1
0.086669 1
0.643337 1
0.286265 1
0.078654 1
0.171983 1
0.055475 1
0.115279 1
0.302424 1
0.266276 1
1.448344 1
0.117572 1
0.074876 1
0.112267 1
0.089530 1
0.033914 1
0.587739 1
1.841588 1
0.106686 1
0.227114 1
0.636121 4
0.166206 1
0.212671 1
0.057315 1
0.262045 1
0.203316 1
0.085593 1
0.221990 1
0.666993 1
0.083392 1
0.195789 1
0.455319 1
0.085839 1
0.199806 1
0.103562 1
0.404705 2
0.005257 48
1.532184 42
0.342532 64
0.413482 4
0.500643 4
0.028640 4
0.144939 4
0.192486 105
0.404404 105
0.195590 108
0.195032 2
0.035152 142
0.009803 4095
0.000023 1651
0.013798 4095
0.000125 1785
11.347968 464
1.901591 67
3.198250 23
0.100668 58
0.416163 55
0.363365 1
0.134326 1
0.414021 29
0.144954 1
0.251851 53
0.007397 107
1.923838 39
0.442825 64
0.562804 1
0.402391 4
0.140410 105
0.222954 105
0.132062 108
0.149888 111
0.234631 2
0.001807 150
0.000038 48
18.767984 40
0.135555 181
0.148599 184
1.061441 1
0.501846 1
0.028560 1
0.030531 1
0.029689 1
0.029666 1
0.029908 1
0.030125 1
0.029989 1
0.029852 1
0.029754 1
0.029412 1
0.030656 1
0.029347 1
0.030527 1
0.029698 1
0.030519 1
0.029374 1
0.031188 1
0.029523 1
0.029651 1
0.029620 1
0.030378 1
1.200376 3
0.501991 3
0.030642 3
0.027694 3
0.029653 3
0.030834 3
0.030053 3
0.029335 3
0.029477 3
0.030665 3
0.029595 3
0.030509 3
0.029387 3
0.031088 3
0.029260 3
0.029450 3
0.030423 3
0.415643 1
12.714911 16
0.176039 14
0.142063 12
0.157525 10
0.154848 8
0.148680 6
1.039904 3
0.048064 3
0.173435 3
0.704918 3
0.053402 1
0.494112 2
0.001751 48
1.833883 50
0.851188 40
0.642811 64
1.174497 4
0.311585 4
0.171988 4
0.142912 4
0.211838 103
0.794401 103
0.070474 106
0.246991 2
0.015616 4095
0.000072 1791
0.012450 4095
0.000070 1783
9.528434 579
1.883004 70
0.949435 24
0.100391 61
0.528526 56
0.222826 1
0.192286 1
0.378310 29
0.064043 1
0.221561 51
0.017696 108
41.873284 1
0.145191 1
0.069651 1
0.210565 1
0.080027 1
0.096272 1
0.423471 1
0.261218 1
0.037337 1
0.202975 1
0.632296 1
0.197837 1
0.119349 1
0.105863 1
0.173213 1
0.082454 1
0.284056 1
0.191170 1
0.109866 1
0.264090 1
0.048848 1
0.355879 1
0.191978 1
0.094560 1
0.171390 1
0.263266 1
0.063929 1
0.164514 1
0.206089 1
0.050022 1
0.128573 1
0.053521 1
0.314698 2
0.036240 48
2.231783 32
0.160920 1
0.510460 1
0.031799 1
0.027928 1
0.029904 1
0.030499 1
0.029114 1
0.030528 1
0.029384 1
0.030515 1
0.029543 1
0.030696 1
0.029428 1
0.029447 1
0.030504 1
0.029586 1
0.030541 1
0.339617 39
0.147649 39
0.151285 39
0.651250 35
0.149659 35
0.155872 35
0.080893 35
0.235776 2
0.030866 445
0.001206 48
17.479019 33
0.140029 77
1.147852 101
0.828424 178
3.420966 64
0.465894 4
0.190740 4
0.166200 4
0.167315 4
0.263652 103
0.226959 103
0.101375 106
0.199468 109
0.225753 2
0.005388 225
15.419709 38
0.344681 101
0.889385 4
0.170159 4
0.172514 4
0.180922 4
0.176580 4
0.167831 4
0.179983 4
1.376834 4
0.926478 2
0.014512 445
0.000521 48
3.170973 25
18.277314 52
0.373936 1
0.162247 1
0.085747 1
0.184333 1
0.795160 1
0.728472 1
0.079139 1
0.102648 1
0.179154 1
0.745632 1
0.514158 1
0.042718 1
0.159479 1
0.260066 1
0.147775 1
0.089661 1
0.171071 1
0.685615 1
0.106951 1
0.190954 1
0.216380 1
0.520851 1
0.218911 4
0.135863 4
0.069486 1
0.142045 1
0.123471 1
0.108098 1
0.198584 1
0.769076 2
0.006212 753
15.967005 2
0.004372 50
0.523224 25
6.218046 89
1.361917 2
0.014724 445
0.000368 48
40.797080 67
0.385335 45
1.539437 100
0.414971 100
0.416459 100
0.303428 100
0.302319 100
0.300179 100
0.299302 100
0.299865 100
0.299820 100
0.300304 100
0.299883 100
0.300397 100
0.299933 100
0.373457 101
18.134759 100
1.185326 100
0.509602 100
0.334864 100
0.306320 100
0.299803 100
0.299808 100
0.300368 100
0.299658 100
0.300364 100
0.299679 100
0.300211 100
0.299990 100
0.300090 100
0.300682 100
0.310579 100
0.321925 100
0.318281 100
0.322499 100
0.315386 100
0.318278 100
0.318262 100
0.320080 100
0.315479 100
0.318485 100
0.318666 100
0.317842 100
0.318425 100
0.318877 100
0.318533 100
0.253692 101
11.050851 100
0.378997 100
0.217172 101
0.390446 100
0.300204 100
0.087720 101
0.213158 100
0.365442 100
0.431717 100
0.330263 100
0.300351 100
0.299549 100
0.313340 100
0.297220 100
0.300156 100
0.306737 101
11.161312 100
0.309625 100
0.321659 100
0.172625 101
7.044377 60
0.718131 24
0.018846 697
0.177366 27
0.002763 23
0.033796 100
0.471165 100
0.391821 100
0.034383 100
0.079852 201
0.040034 305
0.135653 27
0.303158 30
0.010063 26
0.071492 29
0.093281 21
0.196563 400
0.000671 3
0.027997 103
0.105844 100
0.010311 400
0.002429 100
0.020217 200
0.003185 203
0.004516 116
0.040946 103
0.011007 403
0.017541 303
0.015769 1203
0.022172 103
1.878482 412
2.326148 2
0.097321 115
0.004754 11
3.281241 45
0.475839 46
6.060074 74
5.919579 24
0.084604 2709
0.287864 28
0.000834 22
0.008470 18
2.020273 1
0.632595 2
0.001613 18
2.985630 1
1.361006 2
0.012301 23
0.081997 100
0.302686 100
0.322569 100
0.356174 100
0.227239 100
0.105980 201
0.040018 201
0.023196 201
0.004129 201
0.048755 201
0.002603 201
0.051008 201
0.051542 201
0.006155 201
0.073708 201
0.183284 201
0.295706 100
0.054497 201
0.080893 201
0.023169 201
0.159230 201
0.015266 101
0.002836 102
0.002755 102
0.356756 27
0.337010 30
0.001156 26
0.661093 29
0.171912 21
0.418417 100
0.012054 100
0.001635 100
0.001684 100
0.000832 100
0.000572 100
0.000736 100
0.002686 100
0.000662 100
0.001033 100
0.000606 100
0.002634 100
0.001399 100
0.001657 100
0.028023 100
0.000621 103
0.290989 100
0.059498 100
0.028312 200
0.074240 800
0.001653 1900
0.000217 100
0.021135 100
0.009611 100
0.023050 100
0.010295 103
0.043014 103
0.294974 100
0.002622 300
0.001797 400
0.001973 200
0.001437 203
0.018053 100
0.019798 1200
0.000878 103
0.018207 103
0.047986 100
0.003720 403
0.016372 100
0.003068 203
0.012337 100
0.020520 903
0.013316 103
0.018701 100
0.013620 700
0.005627 100
0.006270 100
0.003119 100
0.005316 203
0.040439 200
0.016385 200
0.021886 100
0.017009 200
0.017070 100
0.017335 100
0.019893 200
0.017011 100
0.010753 100
0.016468 200
0.016144 200
0.021590 200
0.013641 100
0.012698 200
0.011341 100
0.022616 100
0.021357 200
0.016016 100
0.015981 100
0.011015 100
0.021015 200
0.017706 200
0.011212 100
0.013171 100
0.009578 103
0.061862 500
0.002270 203
0.016571 103
0.150985 400
0.002078 503
0.017110 100
0.017472 300
0.036012 300
0.000090 300
0.015909 300
0.015984 200
0.016110 300
0.016780 200
0.016491 300
0.018677 300
0.014360 200
0.012362 200
0.016346 500
0.010042 103
0.052393 103
0.098905 803
0.021769 100
0.018061 900
0.009126 503
0.032067 100
0.128401 100
0.016345 200
0.018976 300
0.013215 100
0.017604 200
0.017932 200
0.016228 300
0.019280 300
0.016155 100
0.016259 200
0.013650 100
0.017028 300
0.013141 200
0.016857 300
0.028149 100
0.017158 100
0.013517 200
0.074814 100
0.099070 103
0.072014 103
0.043604 300
0.025375 600
0.011621 100
0.020098 400
0.016959 300
0.011035 100
0.012640 200
0.021967 300
0.017837 200
0.013497 100
0.012045 300
0.012103 200
0.017353 503
0.031869 300
0.005652 603
0.016802 103
0.429202 103
0.087021 103
0.396512 103
0.973374 1648
1.911994 2
0.166681 1646
0.003589 11
2.872090 27
0.004685 21
36.008824 1
0.096398 1
0.185769 1
0.879337 27
0.062425 40
0.000917 84
0.001428 9
0.007306 4095
0.000117 1081
0.002954 4095
0.000604 1206
5.625311 61
0.503004 61
0.029833 61
0.028010 61
0.030057 61
0.030067 61
0.029730 61
0.029252 67
0.030445 49
0.030024 48
0.030201 48
0.344466 66
1.115995 218
0.421469 61
0.651729 123
228.986277 22
0.100744 55
0.354978 44
3.761799 53
0.478048 1
0.145530 1
0.354788 42
0.009751 107
1.973718 1
0.131793 1
0.152465 1
0.081372 1
0.156336 1
0.607859 1
0.237180 1
0.226677 1
0.301778 1
0.076808 1
0.584637 1
0.110595 1
0.155873 1
0.228645 1
0.116139 1
0.101757 1
0.192317 1
0.419763 2
0.014818 1354
0.000416 48
8.854916 17
0.233742 45
1.424665 64
0.340117 4
0.502667 94
0.225681 94
0.125553 97
0.112259 100
0.511276 2
0.008563 370
0.000062 48
37.126481 42
0.418840 2
0.002256 72
0.000058 48
1.442006 42
0.522883 64
0.668341 4
0.200447 4
0.295704 107
0.783013 107
0.036345 110
0.208745 113
0.064209 116
0.067888 119
0.205814 2
0.009139 48
1.170542 1
0.065614 1
1.461629 46
0.835359 64
0.325822 4
0.136437 4
0.180545 4
0.175825 4
0.229084 107
0.202633 107
0.247508 110
0.210808 2
0.052642 144
0.006930 4095
0.000146 1651
0.028419 4095
0.000349 1787
1.122586 104
5.968634 347
0.002145 355
1.217026 40
0.100247 51
0.674346 55
0.555475 1
0.054201 1
8.065072 55
0.012582 108
21.261170 1
0.139285 1
0.052038 1
0.160823 1
0.086226 1
0.089537 1
0.112202 1
0.199832 1
0.079238 1
0.110731 1
0.779924 1
0.185441 1
0.091512 1
0.118574 1
0.192066 1
0.065705 1
0.170986 1
0.085241 1
0.152239 1
0.575935 1
0.136246 4
0.509419 1
0.354510 16
1.874106 2
0.056729 48
2.136328 35
0.138216 1
0.499905 1
0.030382 1
0.030065 1
0.029442 1
0.030855 1
0.030578 1
0.029197 1
0.030161 1
0.030992 1
0.031383 1
0.028956 1
0.028431 1
0.030969 1
0.028603 1
0.030552 1
0.029627 1
0.031975 1
0.028445 1
0.478149 1
0.458138 5
0.305558 5
0.376347 5
0.178817 5
0.147771 5
0.166660 5
0.325678 5
0.235882 5
0.087545 5
0.257969 2
0.057910 1967
0.000472 48
68.138820 1
0.190740 1
0.122813 1
0.173955 1
0.237890 1
0.143959 1
2.222639 1
0.475110 1
0.225614 1
0.080378 1
0.171196 1
0.167328 1
0.150972 1
0.411300 4
0.500611 4
0.031349 4
0.031016 4
0.025380 4
0.030448 4
0.150800 4
2.774318 1
0.243511 1
0.485079 1
0.085705 1
0.106837 1
0.152637 1
0.106699 1
0.117827 1
2.467685 1
0.325163 1
0.158610 1
0.846210 1
0.216247 1
8.893990 1
0.178013 1
1.027171 1
1.919925 1
0.157976 1
0.155920 1
0.186792 1
0.145637 1
0.313387 2
0.054529 40
0.000883 110
0.003422 10
0.003641 3439
0.026169 3591
29.097104 53
0.666995 1
0.514796 1
0.628646 29
0.303640 70
0.367932 48
7.494897 1
0.055862 1
0.381955 1
5.326632 37
0.837270 2
0.047251 40
0.002810 106
0.010726 3567
0.033670 3795
7.709289 65
0.500249 65
0.031436 61
0.027966 61
0.030052 65
0.029562 65
0.031135 61
0.028141 61
0.168940 68
0.167226 68
0.500160 64
0.036103 68
0.025467 93
76.844503 91
5.530100 64
0.246782 64
1.296468 64
23.760185 68
0.500685 94
0.031638 91
0.029776 64
0.029709 68
4.236258 68
0.235908 64
1.017205 64
0.152576 68
6.567873 66
0.476584 131
0.135236 128
0.179576 29
1.707164 48
0.412433 135
1.103240 110
0.567880 178
0.323203 146
0.606680 85
0.489228 68
0.362300 83
0.369287 68
0.361116 24
0.101652 101
0.333049 67
0.224686 69
0.775174 108
0.563486 29
0.102250 29
0.165471 29
0.086186 29
0.316602 29
0.117321 29
0.222118 29
0.206626 29
0.099169 31
0.098695 30
0.091468 30
0.358848 30
0.085996 30
0.214452 30
0.043121 30
0.308813 60
1.957346 56
0.175598 40
0.190608 40
0.163417 40
0.170732 40
0.187112 30
0.140819 30
0.217196 30
0.017145 30
0.289936 60
2.141772 30
0.177121 30
0.196392 31
0.319147 30
0.876590 30
0.358357 30
0.204943 30
0.091474 30
0.237024 30
0.078579 30
0.240392 30
0.052148 30
0.182054 31
0.129192 30
0.171829 30
0.809257 40
0.384939 30
0.314151 30
0.267352 40
0.219717 30
0.129469 30
0.177419 30
0.247214 30
0.928660 30
0.284229 30
2.266731 30
4.637202 31
7.657190 29
5.823222 29
3.628072 32
1.952570 32
1.957503 32
2.601381 32
0.582894 32
0.413538 59
0.406926 53
42.283308 42
0.100829 52
0.835002 56
0.298171 1
0.650755 29
0.323291 1
0.087465 1
1.334158 54
0.009248 108
80.210704 1
0.117250 1
0.117520 1
0.129454 1
0.542235 1
0.075969 1
0.212174 1
0.103834 1
1.648252 1
0.115016 1
0.434043 4
0.142749 4
0.160213 1
0.135284 1
0.101335 1
0.222920 1
0.092535 1
0.309211 4
0.127756 4
0.060007 1
0.060650 1
0.192609 1
0.085255 1
0.105828 1
0.090270 1
0.457090 1
1.051363 1
0.350938 1
0.116178 1
0.552853 4
0.095002 1
0.095860 1
1.032571 4
0.131098 4
0.184630 4
0.282440 4
0.233765 62
1.266923 1
0.272329 4
0.231585 1
0.142494 1
0.293526 2
0.032582 1671
0.000280 60
7.606392 1
0.102222 1
0.198385 1
0.099675 1
0.136587 1
0.073595 1
0.203778 1
0.214611 1
0.631067 4
0.192982 1
0.225849 1
0.100360 1
0.116159 1
0.179229 1
0.938625 6
0.461393 2
0.012696 372
0.000344 60
19.353319 1
0.069419 1
0.209564 1
0.037611 1
0.143405 1
0.086920 1
1.235221 1
0.101598 1
0.164137 1
0.091070 1
0.190052 1
0.641208 1
0.709824 1
0.155750 1
0.108583 1
0.241593 1
0.527132 4
0.070639 1
0.094947 1
0.497275 2
0.014597 60
0.917383 1
0.346628 1
0.298648 1
0.355469 1
0.129244 1
0.132301 1
0.615665 9
1.101350 2
0.038407 4095
0.000082 1768
0.019755 4095
0.000287 1760
1.150822 104
3.428030 57
1.313793 40
0.100364 50
0.625678 55
0.407206 1
0.053789 1
0.185488 28
0.005654 118
1.416074 15
0.182448 32
1.066895 4
0.147568 4
0.149325 4
0.160608 4
0.161012 4
0.111444 1
0.053403 1
0.214095 1
0.049662 1
0.459213 4
0.079856 1
0.233283 1
0.051040 1
0.276909 2
0.006004 60
1.236918 18
0.714455 18
0.411015 4
0.153463 4
0.156906 4
0.155240 4
0.181718 30
0.340272 27
0.175372 27
0.666126 2
0.012927 118
0.001784 4095
0.000047 1651
0.013399 4095
0.000086 1761
3.902315 138
1.127047 23
0.100291 58
0.478460 55
0.339753 1
0.096090 1
0.214765 29
0.011576 118
1.254711 15
0.765542 15
0.672140 4
0.134644 30
0.930209 27
0.357629 31
0.053221 27
0.074737 27
0.184757 27
0.118210 2
0.001598 29
0.000033 60
2.895823 16
0.549431 4
0.169940 4
0.150204 4
0.132361 4
0.136390 4
0.134425 4
0.138491 1
0.154517 1
0.081658 1
0.164468 1
0.082710 1
0.288134 4
0.715407 4
0.166204 4
0.133746 4
0.257715 1
0.177811 1
0.107070 1
0.257172 4
0.147899 4
0.122945 1
0.101432 1
0.117547 1
0.471514 2
0.001496 28
0.000074 60
204.689624 2
0.164794 2
1.382331 17
0.174527 11
0.501729 61
1.055352 2
0.017263 119
0.004357 4095
0.000226 1681
0.006469 4095
0.000256 1792
0.942170 47
1.104836 47
1.626806 49
1.487987 49
0.263163 48
1.376431 49
0.482224 48
0.501840 64
0.337712 64
0.314621 64
0.160905 64
0.187833 49
0.184419 48
0.405783 47
1.295743 64
0.454566 47
1.036688 23
0.100115 58
1.431225 64
0.297109 49
0.257922 48
0.249596 47
0.457930 46
0.659854 64
0.334083 64
0.334443 49
0.245028 48
0.432970 23
0.100470 58
0.737430 47
0.259819 46
3.909600 66
0.582699 64
0.221330 49
0.179257 48
0.627064 108
0.605876 28
0.326198 28
0.288777 39
0.527372 36
0.657055 135
0.590450 92
2.591945 38
0.100405 48
0.474613 54
0.273699 1
0.345832 1
0.459630 29
0.012175 118
11.891274 27
0.998567 2
0.125090 166
0.001605 60
11.855977 1
0.247628 1
0.247800 1
0.171931 1
0.119353 1
0.128257 1
0.150406 1
0.223988 1
0.250248 1
0.089391 1
0.130062 1
0.198243 1
0.174043 1
0.394678 1
0.106004 1
1.063332 1
0.107204 1
0.173146 1
0.091955 1
0.774971 1
0.241679 1
0.121829 1
0.212495 1
0.058638 1
0.244076 1
0.037195 1
0.904846 4
0.500391 4
0.029621 4
0.029174 4
0.030811 4
0.266824 4
0.174859 1
0.152661 1
0.605180 4
0.227134 1
0.229476 1
0.188103 1
0.123003 1
0.272042 2
0.022107 52
0.000087 60
3.635269 25
2.108614 4
0.498833 4
0.031343 4
0.029665 4
0.028855 4
0.029673 4
0.030934 4
0.029866 4
0.029836 4
0.356968 4
0.125987 2
0.050263 12
0.008698 2663
19.968772 2720
62.490552 43
1.221769 66
2.638525 11
1.107993 49
0.105971 71
4.738307 15
0.185797 10
0.335572 52
0.586128 47
3.188298 2
0.049516 8
0.006715 4095
0.000438 4095
0.000296 2579
0.003693 4095
0.000388 4095
0.000311 1636
0.006239 943
0.975650 68
0.451639 64
0.500863 64
0.030453 64
0.037305 64
0.022825 64
0.031107 64
0.037295 64
0.026224 64
0.024051 67
0.030046 67
0.029572 51
0.540493 51
5.671449 113
1.769901 51
1.298058 111
1.636647 29
2.399954 30
1.103425 41
0.101144 52
0.903274 57
0.284261 1
0.122895 1
0.237805 29
0.012038 118
1.518216 15
0.293363 1
0.504216 1
0.027454 1
0.028956 1
0.152001 3
0.207071 3
0.182245 3
0.177944 3
0.216911 1
0.182493 1
0.188449 4
0.178419 4
0.179471 4
0.126083 4
0.167516 4
0.160784 4
0.164024 4
0.139888 4
0.111395 1
0.430200 1
0.109869 1
0.167591 1
0.128206 1
0.248684 2
0.059207 161
0.001404 4095
0.004691 4095
0.000118 2557
0.000529 445
0.008192 4095
0.004785 4095
0.000082 3155
10.509480 111
0.458770 29
0.409768 40
0.685779 93
0.825531 28
0.276824 28
0.502764 28
0.225397 1
0.708048 28
0.171008 28
0.500198 28
0.029040 28
0.030388 28
0.030479 28
0.029866 28
0.029653 28
0.031061 28
0.030017 30
0.029290 29
0.032382 29
0.027326 29
0.032799 29
0.041403 29
0.015762 29
0.030183 29
0.029430 29
0.031175 29
0.036938 30
0.022421 29
0.030730 29
0.032227 29
0.031003 29
0.025562 29
0.396278 29
0.721001 38
0.184526 37
0.176894 36
0.161604 35
0.157486 34
0.178006 33
0.605518 34
0.141059 34
0.122481 34
0.144584 34
0.133116 34
1.028711 41
0.101064 52
0.694671 57
1.289275 1
0.088297 1
0.290581 28
0.013674 118
0.892212 14
0.397021 11
0.268021 30
0.481213 10
0.548635 52
2.850285 2
0.130225 166
0.007360 60
6.548350 1
0.341395 1
0.064025 1
0.232280 1
0.052697 1
0.129075 1
0.193357 1
0.210733 1
0.101435 1
0.338660 1
0.289932 4
0.064386 1
0.090865 1
0.163384 1
0.010055 1
0.058544 1
0.112742 1
0.183557 1
0.314369 4
0.166201 4
0.168599 4
0.160357 4
0.206682 1
0.107027 1
0.112800 1
0.095446 1
0.107413 1
0.713999 1
0.139596 1
0.138331 1
0.117375 1
0.142818 1
0.670097 1
0.263739 1
0.385616 1
0.170375 12
0.505198 2
0.016857 1392
0.000530 60
15.799451 31
0.003366 31
0.812317 31
0.004675 31
12.980033 1
0.112651 1
0.292352 2
0.008021 555
0.000228 60
23.443996 1
0.643743 1
0.164885 1
0.356131 78
45.736423 3
0.246141 9
0.410273 39
0.625491 43
0.333507 46
0.490172 11
1.987752 2
0.057272 4095
0.000136 1582
0.014731 4095
0.000250 1574
21.853207 23
0.100419 58
0.689097 54
0.628264 1
0.303065 130
48.430023 1
0.233139 1
0.197593 1
0.339013 1
0.224728 1
0.185856 1
0.192508 1
0.324573 1
0.342104 4
0.109280 1
1.254286 1
0.205243 1
0.201170 1
0.251504 1
0.080545 1
0.276591 1
0.038158 1
0.228002 1
1.293165 1
2.231745 1
0.096805 1
0.235102 1
0.134546 1
0.359617 1
0.151497 1
0.157260 1
0.097316 1
0.213583 1
0.800625 1
1.391724 1
0.126854 1
0.257850 1
0.133250 1
3.445659 1
0.512662 1
0.168914 1
0.162368 1
0.139755 1
0.263932 1
1.005568 1
0.223002 1
0.101668 1
0.318455 1
0.085648 1
0.258261 1
0.096476 1
0.357113 2
0.014060 60
35.260505 44
0.212137 1
1.373912 3
0.185781 4
0.188769 4
0.148684 4
0.159734 4
0.202171 4
0.165117 1
0.189400 1
0.214566 1
0.185149 1
0.111960 1
0.434472 1
0.500472 1
0.030072 1
0.031813 1
0.028592 1
0.030652 1
0.029421 1
0.029448 1
0.029187 1
0.029673 1
0.029770 1
0.029667 1
0.030330 1
0.029312 1
0.032100 1
0.029532 1
0.029989 1
0.036358 1
0.024617 1
0.028839 1
0.033306 1
0.026735 1
0.031240 1
0.028675 1
0.034464 1
0.026225 1
0.030132 1
0.030388 1
0.542612 61
0.500298 61
0.040312 61
0.023798 61
0.027100 61
0.249671 61
0.250075 57
0.282626 57
0.101589 57
0.149552 57
0.133727 57
0.516644 2
0.014569 60
27.344336 1
0.236003 1
0.135800 1
0.533080 1
0.187472 1
0.082121 1
0.261807 1
0.115150 1
0.394641 1
0.129178 1
0.148093 1
0.317224 3
0.476325 1
0.796080 1
0.227227 4
0.770010 1
0.256807 1
0.197472 1
0.158043 1
0.189772 13
0.732194 3
0.207285 3
0.180358 3
0.179876 3
0.941242 58
1.118874 1
0.123603 1
0.206788 2
0.008189 228
0.000404 56
4.293675 1
0.226955 1
0.085550 1
0.172602 1
0.320205 4
0.058205 1
0.151033 1
0.026799 1
0.747796 1
0.249677 1
0.048647 1
0.190523 1
0.287569 1
0.128739 1
0.186329 1
0.063410 1
0.163373 1
0.082634 1
0.878911 1
0.074748 1
0.175278 1
0.080094 1
0.198737 1
0.463372 1
0.299004 1
0.285948 1
0.156357 1
0.133923 1
0.115516 1
0.401431 2
0.135855 166
0.001577 56
6.011481 27
0.343869 72
0.221070 20
0.190285 60
0.189322 129
0.220412 87
0.569526 21
0.401846 9
0.389788 39
1.634851 43
1.792076 38
0.311981 72
0.405463 5
0.350587 18
0.416700 59
0.658630 131
0.406760 90
0.555460 23
0.859071 29
3.913389 70
2.888781 27
0.490813 1
0.500350 1
0.030526 1
0.332644 1
0.168139 1
0.841164 15
0.495203 11
0.378827 15
0.111704 11
0.824398 1
0.499990 1
0.032291 1
0.030384 1
0.026994 1
0.030404 1
0.265144 1
0.133790 29
0.500471 29
0.039460 29
0.024195 29
0.026432 29
0.029905 27
0.030236 29
0.029164 29
0.032064 29
0.033593 29
0.034006 29
0.029270 29
0.026982 29
0.024457 29
0.029578 29
0.029641 1
0.029113 1
0.030424 1
0.030511 1
0.030928 1
0.030017 1
0.023678 25
0.162009 25
0.182016 25
0.221817 2
0.005123 77
0.000348 56
13.296251 1
0.133577 1
0.520256 1
3.445969 1
0.410720 1
0.161601 1
0.128090 1
0.149587 1
0.216168 1
1.392837 4
0.101415 1
0.446510 1
0.179061 1
0.128410 1
0.155558 1
0.128002 1
0.117619 1
1.038323 1
0.144805 1
0.177731 1
0.735806 4
0.179490 4
0.159915 4
0.146165 4
0.101076 1
0.352147 4
0.090754 1
0.118023 1
0.126887 1
0.160175 1
0.150941 1
0.123645 1
3.327220 1
0.377730 1
0.120699 1
0.207943 1
0.346485 1
0.288986 2
0.008536 56
0.977704 1
0.145058 1
0.292596 2
0.007826 283
0.000414 56
3.382055 2
0.964495 5
2.204659 2
0.171303 27
0.484189 1
0.502472 1
0.220044 1
0.172669 1
0.157315 1
0.280652 15
0.140259 15
0.150653 15
0.157516 15
0.141704 15
0.096635 11
0.111890 11
0.242332 11
0.284097 11
0.239826 11
0.085365 11
0.696927 1
0.499759 1
0.030946 1
0.034795 1
0.025474 1
0.029207 1
0.030434 1
0.029884 1
0.030254 1
0.605102 4
0.169460 28
0.186726 29
0.166479 29
0.182059 29
0.387169 25
0.489650 25
0.234439 25
0.074744 25
0.531813 29
0.137404 25
0.259663 25
0.099714 25
0.671436 2
0.006946 56
3.619589 1
0.075993 1
0.213638 1
0.607136 1
0.663969 4
0.247311 1
0.155592 1
0.313631 1
0.249139 1
0.503193 1
0.627669 1
0.112262 1
0.144661 1
0.206644 1
0.063700 1
0.236541 1
0.101540 1
1.552453 1
1.689923 1
0.152181 1
0.352164 4
0.150174 4
0.203209 1
0.144290 1
0.112138 1
0.177149 1
0.085119 1
0.405713 1
0.209273 1
0.163690 1
0.138852 1
0.117640 1
0.200827 1
0.332670 1
0.483945 1
0.265577 1
0.123903 1
0.142969 1
0.118341 1
0.229537 2
0.005632 40
1.719899 1
0.335095 2
0.004123 39
0.745198 1
0.125542 58
3.373647 33
0.230762 98
0.393077 72
0.150554 27
0.230496 43
0.346911 42
1.063951 2
0.130969 166
0.007952 56
2.956878 1
0.118250 1
0.142483 1
0.151095 1
0.086204 1
0.154055 1
0.793120 1
0.243621 1
0.090549 1
0.155425 1
0.261791 1
0.101531 1
0.111964 1
0.118236 1
0.166422 1
0.131914 1
0.091048 1
0.551734 1
0.097815 1
0.146945 1
0.166976 1
0.185522 1
0.469324 1
0.587765 1
0.196654 1
0.249741 12
0.505076 2
0.044160 1355
76.161229 70
2.520542 1
0.119741 1
0.201988 1
0.071015 1
0.191948 1
0.279863 10
0.673238 2
0.004433 77
0.000016 56
54.691306 1
0.112365 1
0.225468 1
0.128158 1
0.234410 1
0.180619 1
0.198599 10
0.487159 2
0.005667 80
0.000383 56
11.263269 16
2.340053 39
1.520327 59
2.279601 1
0.500574 1
0.030966 1
0.028983 1
0.029622 1
0.029560 1
0.212952 1
0.147245 1
0.173592 1
0.258560 5
0.168044 5
0.161726 5
0.157450 5
0.150483 5
0.173571 5
0.186343 5
0.215834 5
0.053314 5
0.231210 5
0.074724 5
0.269629 2
0.051573 239
0.003859 56
5.206606 38
0.452187 1
0.500542 1
0.032430 1
0.026971 1
0.030317 1
0.029491 1
0.030727 1
0.029700 1
0.030549 1
0.030516 1
0.028626 1
0.032912 1
0.028121 1
0.030110 1
0.029812 1
0.030606 1
0.029151 1
0.143194 1
0.210805 1
0.168521 1
0.203676 1
0.186663 1
0.267541 5
0.172781 5
0.174725 5
0.152130 5
0.164596 5
0.248044 5
0.523830 5
0.210432 5
0.144929 5
0.114192 5
0.183087 5
0.243071 2
0.165400 168
0.002172 56
6.236658 1
0.179079 1
0.123238 1
0.433853 1
0.361801 1
1.046248 4
0.184692 1
0.134905 1
0.436082 1
0.436802 1
0.252334 1
0.338236 1
0.671401 1
0.562919 4
0.127958 1
0.438405 4
0.620315 1
0.139168 1
0.148156 1
0.192768 1
0.074814 1
0.095826 1
0.133763 1
0.467527 1
0.091562 1
0.143223 1
0.111733 1
0.107172 1
0.080250 1
0.220305 2
0.103906 56
0.968400 23
0.252041 4
0.192843 2
0.047226 56
222.412121 1
0.102222 1
0.170896 1
0.096439 1
0.198948 1
0.184936 1
0.106475 1
0.162930 1
0.042606 1
0.127355 1
0.123252 1
0.153620 1
0.090572 1
0.190336 1
0.079499 1
0.224285 2
0.202192 181
0.021533 56
26.747582 1
0.164248 1
0.085310 1
0.137308 1
0.735355 1
0.193791 1
0.085244 1
0.112554 1
0.187827 1
0.048103 1
0.127981 1
0.162916 1
0.193446 1
0.118902 1
0.096292 1
0.091072 1
0.334815 1
0.137200 1
0.136978 1
0.091521 1
0.144112 1
0.080031 1
0.340826 4
0.249593 2
0.645586 45
1.607922 101
0.415414 101
0.385582 101
0.284130 102
0.417290 101
0.339822 101
0.163301 102
0.640975 101
0.379164 101
0.196728 102
0.020274 101
0.270087 102
0.052963 101
0.464056 101
0.327795 101
0.092107 102
0.760640 101
0.397730 101
0.317865 101
0.034303 102
3.172668 301
1.175357 34
0.002178 22
79.313205 36
1.315925 2
0.578860 45
3.225070 74
4.745216 202
0.004551 69
0.000090 194
0.002537 263
0.003403 799
0.000167 69
1.505286 34
0.003052 22
65.839123 1
0.074948 1
0.126302 1
0.703489 1
0.146656 1
0.202367 1
0.213938 1
0.074607 1
0.403114 1
0.282040 1
0.341686 4
0.430527 1
0.751682 4
0.228831 1
0.244820 1
0.464800 1
0.166194 1
0.228287 4
0.158383 4
0.058720 1
0.128531 1
0.349335 2
0.121865 40
0.008970 132
0.065408 4095
0.000710 4095
0.000155 3058
2.689074 14
0.030368 229
1.249412 324
0.499775 296
0.032333 270
0.027972 270
0.029396 270
0.025742 49
0.026900 48
0.030864 48
1.686875 263
0.197276 263
0.201701 263
1.639904 270
1.480344 46
0.007808 20
0.038683 2031
0.000716 1502
0.982138 61
0.500854 61
0.034110 61
0.023608 61
0.031745 61
0.036365 61
0.023513 61
0.030012 61
0.814711 66
0.501379 64
0.030483 64
0.029360 64
0.029338 64
0.029666 64
0.029734 64
0.492024 205
0.039806 212
0.248356 205
0.024088 213
0.025782 208
0.032667 437
0.184454 694
0.017884 762
0.015403 723
0.024687 854
0.239086 736
0.020060 733
0.005458 710
0.017509 753
0.035540 685
0.319848 698
0.029263 795
0.027529 702
1.167078 692
0.024930 846
0.028036 785
0.213008 746
0.021716 670
0.032063 649
0.232646 700
0.023646 645
0.019692 884
0.031255 721
0.316353 641
0.025187 817
0.028327 762
0.293359 897
0.022835 739
0.031917 726
0.320893 764
0.023785 820
0.031793 781
1.384642 883
0.014449 668
0.017488 752
0.016149 715
0.017837 721
0.020856 747
0.240639 775
0.017842 781
0.007016 792
0.020273 687
0.005764 778
0.029766 754
0.238133 694
0.017557 830
0.015623 671
0.016179 774
0.007200 788
0.031421 751
12.890458 608
0.218173 165
0.014746 48
0.014888 48
0.039365 48
0.632147 49
0.025244 48
0.020721 48
0.033761 48
9.363227 212
0.024086 205
0.017632 213
0.023357 204
0.191611 213
0.016689 208
0.006942 209
0.009860 207
0.016634 629
0.041834 827
0.143053 695
0.016915 763
0.008101 786
0.010470 684
0.013485 697
0.183771 774
0.016205 592
0.008403 941
0.019491 759
0.006179 745
0.015254 818
0.188091 644
0.011064 728
0.017744 883
0.015157 730
0.017301 823
0.179858 687
0.008001 710
0.016779 790
0.006623 717
0.012740 615
0.017093 666
0.194574 633
0.017452 778
0.007512 752
0.018569 806
0.013260 698
0.023124 650
0.465106 797
0.015470 747
0.015541 638
0.018260 697
0.033140 785
0.213532 694
0.017708 707
0.015309 882
0.014142 666
0.031548 786
0.208843 682
0.017208 799
0.006620 666
0.020294 713
0.005642 699
0.028588 851
0.194253 750
0.022115 796
0.022259 999
0.009437 811
0.026679 386
0.242492 74
0.021506 46
0.016263 46
0.027473 46
7.022484 47
0.038134 46
0.049403 46
50.987720 196
0.016603 205
0.027231 204
0.202875 213
0.017763 205
0.025207 212
0.308573 205
0.018780 212
0.027736 630
0.022155 817
0.277268 213
0.236804 213
0.018866 650
0.018842 826
0.030428 708
0.609484 769
0.041381 846
0.293418 711
1.927848 694
0.035834 760
0.252924 754
0.022637 636
0.048364 686
10.614382 839
0.024394 810
0.041385 714
0.248413 698
0.024486 650
0.031458 728
0.207006 679
0.017894 703
0.025359 791
0.270282 741
0.027751 717
0.015592 893
2.956925 781
35.474237 23
0.100520 58
0.249222 44
0.376865 69
0.265940 56
0.611386 1
0.097576 1
0.222847 43
0.008148 21
0.001535 1
0.004773 113
47.843854 18
0.467284 2
0.065440 172
0.026544 2046
0.005162 4095
0.001020 4095
0.000087 1012
2.550113 253
0.703965 224
0.579193 235
3.154911 224
0.423219 207
0.557791 207
1.166486 194
2.013104 200
0.437398 46
0.020296 1183
2.392578 22
0.100693 55
1.305475 53
0.572359 1
0.241206 35
0.010047 83
2.523420 22
0.100916 55
0.787197 53
0.524424 1
0.151066 15
0.006204 127
0.716038 18
0.397008 2
0.019557 172
0.010824 4095
0.000179 1441
0.002013 4095
0.000115 1617
0.857850 253
0.159088 224
0.392862 207
0.265047 3254
4.903661 227
0.119787 227
0.255801 229
0.020771 472
0.031921 829
0.583153 806
0.033869 792
0.020637 694
0.027690 701
0.037681 767
2.447652 733
2.800741 773
0.059526 798
0.071371 773
0.493825 770
0.071722 733
0.351450 718
0.024711 837
0.018645 716
0.037244 752
1.230115 746
0.025043 707
0.896691 893
0.041809 694
0.019697 488
0.541325 115
0.030021 50
36.458160 230
1.177844 230
0.039139 229
0.279402 228
0.024271 229
0.023610 228
0.527713 231
0.021854 225
0.027840 636
0.024548 834
0.246893 707
0.022555 770
0.053877 795
0.166490 694
0.018468 705
0.025203 784
0.021031 601
0.217268 948
0.014798 770
0.021360 754
0.008476 826
0.024675 655
0.968699 737
0.066382 890
0.597953 738
0.035642 834
0.021472 696
0.030421 720
0.961112 798
0.054743 723
0.039293 624
0.049090 675
0.686897 640
0.047366 785
0.026737 759
0.393250 818
0.030757 707
0.022241 662
0.040951 804
0.727685 753
0.040911 645
0.033851 706
0.063941 793
0.703025 700
0.022527 712
0.041849 887
0.039552 673
0.398999 790
0.032461 689
1.231675 804
0.063104 673
4.379418 716
0.052384 705
0.066181 857
57.546000 23
0.100892 58
0.739852 55
0.624774 1
0.724691 15
0.008490 71
0.000076 56
3.440964 1
0.180432 1
0.106029 1
1.023203 1
0.227585 1
0.445366 4
0.170135 4
0.130550 1
0.221899 1
0.153489 1
0.183749 1
0.101943 1
0.520950 1
0.238134 1
0.165953 1
0.280094 1
0.069479 1
0.429309 4
0.158994 4
0.042756 1
0.159186 1
1.437497 4
0.532763 1
1.366212 1
0.863711 1
0.132527 1
0.386653 1
0.177184 1
0.238476 4
0.148801 4
0.168220 4
0.053122 1
0.260834 1
0.064661 1
0.409076 1
0.373663 1
0.236332 9
0.573847 78
4.638222 1
0.102203 1
0.332175 4
0.126667 1
0.274913 2
0.022152 681
0.000351 76
13.281232 1
0.154624 1
0.232449 1
0.085378 1
0.511705 1
0.153628 1
0.617849 1
0.380374 1
0.249864 1
0.190501 7
0.372386 2
0.014559 971
0.001337 76
20.902802 3
2.004308 18
0.825662 1
0.500178 1
0.030954 1
0.030453 1
0.029008 1
0.029092 1
0.030476 1
0.029664 1
0.030378 1
0.029933 1
0.030818 1
0.030163 1
0.030411 1
0.680988 5
0.171306 5
0.167016 5
0.169070 5
0.212358 5
0.402247 2
0.009863 30
0.000402 76
0.654225 15
0.462079 1
0.500623 1
0.030568 1
0.028845 1
0.029920 1
0.030503 1
0.030026 1
0.031863 1
0.027918 1
0.030181 1
0.030726 1
0.161988 1
0.190709 1
0.353312 5
0.372126 5
0.132462 5
0.587127 5
0.358617 2
0.068148 2210
0.000499 2326
0.018948 4095
0.000140 437
1.022923 61
0.228247 61
0.306641 65
0.193649 65
0.193369 61
0.198271 61
0.179523 61
0.196685 61
0.198649 66
0.200558 64
1.642583 168
10.967824 23
0.100702 58
2.287838 54
0.911606 1
0.106789 1
1.165456 28
0.010372 136
8.017963 15
0.193340 54
0.213102 61
0.174903 21
0.364663 31
0.763621 52
0.286897 54
0.214787 123
0.524008 40
0.239951 37
0.450633 1
0.382797 58
1.595251 97
0.642414 120
0.632499 61
0.814695 1
0.500371 1
0.032655 1
0.026131 1
0.030815 1
0.029779 1
0.393425 91
0.564480 1
0.500982 1
0.030166 1
0.028741 1
0.030919 1
0.031634 1
0.027823 1
0.030054 1
0.277210 1
0.272259 5
0.182794 5
0.163792 5
0.166612 5
0.169675 5
0.140227 5
0.145335 5
0.228026 5
0.141459 5
0.187839 5
0.287059 5
0.156577 5
0.142591 5
0.157477 5
0.161628 5
0.112679 5
0.117939 5
0.264514 2
0.318993 166
0.001992 76
10.162188 36
0.841282 2
0.053470 1356
39.981015 90
2.201707 1
0.243151 1
0.215349 1
0.149726 1
0.116679 1
0.142101 1
0.229869 1
0.215570 1
0.092705 1
0.116668 1
0.203735 1
0.189724 1
0.222337 1
1.274425 1
0.093487 1
0.120646 1
0.094510 1
0.232189 1
0.109487 1
0.134399 1
0.117428 1
0.178425 1
0.239863 1
0.409009 1
0.163548 4
0.185051 4
0.156002 1
0.149432 1
0.074721 1
0.206067 1
0.825155 1
0.154861 1
0.137586 1
0.153847 1
0.317101 2
0.091110 45
0.003293 76
6.050551 30
0.583400 1
0.500714 1
0.030885 1
0.029201 1
0.030123 1
0.605125 1
0.188108 1
1.638529 19
0.270659 15
0.694526 15
0.339486 15
0.160071 15
0.183223 17
0.120625 15
0.338968 19
0.151568 17
0.154187 19
0.145345 19
0.123580 15
0.443840 19
0.162819 15
0.440169 19
0.171816 15
0.188891 15
0.122948 17
0.144298 15
0.142820 15
0.650084 19
0.211579 15
0.465416 19
0.302129 15
0.404600 2
0.026284 51
0.008317 76
3.411020 36
0.430772 1
0.505994 1
0.023976 1
0.034117 1
0.028006 1
0.028714 1
0.031896 1
0.027840 1
0.030155 1
0.030070 1
0.034006 1
0.026293 1
0.029627 1
0.030877 1
0.033168 1
0.025690 1
0.029889 1
0.029735 1
0.030913 1
0.289950 1
0.229194 45
0.184273 45
0.151886 45
0.162069 45
0.158663 45
0.176578 45
0.166551 41
0.170230 41
0.133639 41
0.112051 41
0.162473 41
1.569744 2
0.148517 166
0.007954 76
3.106037 35
0.348435 95
0.649940 26
0.291274 46
1.171284 2
0.041732 1355
5.645923 36
0.437557 90
0.432229 1
1.385687 37
0.162312 89
0.139049 95
0.111134 26
0.390951 46
0.303864 46
0.364981 119
1.187696 1
0.500454 1
0.030486 1
0.028892 1
0.029928 1
0.031222 1
0.028523 1
0.028922 1
0.029603 1
0.030396 1
0.031703 1
0.028819 1
0.029935 1
0.361752 5
0.332505 5
0.111962 5
0.096406 5
0.165039 5
0.139002 2
0.005890 970
0.000259 76
90.667966 16
0.826462 52
0.282596 89
0.324376 95
0.326696 26
0.328296 46
0.319871 46
0.260364 119
1.166585 2
0.048127 8
0.015178 4095
0.000135 450
0.027509 4095
0.000443 458
2.443351 68
0.503579 68
0.027253 64
0.030116 64
0.029134 64
0.030100 64
0.744952 64
0.390904 64
0.882968 64
18.531442 64
0.500594 68
0.029856 68
0.030559 65
0.029603 64
0.029859 64
0.185342 64
0.608780 236
1.971441 108
0.928484 30
0.499994 30
0.029978 29
0.030350 28
0.222851 28
0.181372 28
0.364770 28
2.152261 111
1.512242 40
0.101151 50
0.872779 55
0.457009 1
0.080746 1
0.229452 28
0.013306 136
1.323865 15
0.264353 61
0.850447 2
0.005883 971
0.000328 76
1.981831 16
0.192560 61
0.236858 61
0.397444 52
1.685055 89
0.856215 89
0.236714 2
0.049293 1361
1.583337 1843
2.309354 90
1.821638 36
0.460936 1
0.502012 1
0.030436 1
0.027320 1
0.032660 1
0.028520 1
0.030592 1
0.030751 1
0.029862 1
0.028623 1
0.029113 1
0.030837 1
0.029789 1
0.031022 1
0.029968 1
0.029598 1
0.031110 1
0.028722 1
0.029269 1
0.319042 1
0.231301 45
0.167848 45
0.167968 45
0.175586 45
0.161937 45
0.227429 41
0.260696 45
0.148464 45
0.059332 41
0.241615 41
0.154777 41
0.218170 41
0.133428 41
0.107397 41
0.170004 41
0.566202 2
0.135510 166
0.001599 76
116.202526 1
0.096481 1
0.086316 1
0.483083 1
0.302435 4
0.206883 1
0.498286 1
0.147661 1
0.535258 1
0.233410 1
0.425813 1
0.274104 1
0.356876 1
0.399808 1
0.794771 1
0.143202 1
0.147701 1
0.082533 1
0.172189 1
0.334606 2
0.006620 54
0.001143 76
12.722323 17
0.214376 54
0.294847 97
0.318436 118
0.344962 61
3.347721 80
0.315563 1
0.085359 1
0.105105 1
0.135810 105
47.864647 1
0.144436 1
0.111562 1
0.269405 1
0.186296 1
0.117389 1
0.236785 1
0.240475 1
0.080272 1
0.116134 1
0.156934 1
0.262655 4
0.096466 1
0.128265 1
0.107411 1
0.138228 1
0.182541 1
0.086074 1
0.183980 1
0.138946 1
0.164566 1
0.063186 1
0.163863 1
0.070023 1
0.419774 4
0.226625 2
0.387284 181
0.002168 76
8.914134 30
0.762371 2
0.120296 1160
8.282477 1602
0.034341 1604
0.033801 1606
0.027224 1608
0.030545 1613
0.035133 1618
0.032611 1623
0.035700 1628
0.039470 1634
0.026324 1637
0.030285 1639
0.024765 1641
0.026717 1642
0.032150 1644
0.025993 1645
0.025355 1647
0.032852 1649
0.028670 1650
0.022760 1652
0.017082 1654
0.015348 1655
0.016755 1657
0.016526 1659
0.016796 1661
0.015565 1663
0.016803 1665
0.017873 1667
0.018085 1669
0.018070 1671
0.019689 1672
31.385762 90
1.632659 1
0.130356 1
0.065304 1
0.342896 1
0.117717 1
0.128493 1
0.355966 1
0.225463 1
0.318980 1
1.352275 1
0.235377 1
0.210502 1
0.152833 1
0.099494 1
0.112341 1
0.170689 1
0.085191 1
0.426862 1
0.281811 4
0.063888 1
0.217934 1
0.183723 1
0.086274 1
0.134000 1
0.348772 4
0.079692 1
0.210899 2
0.043980 1232
18.673370 1674
0.191608 36
0.230218 36
0.720618 90
0.540302 1
0.252078 1
0.241591 1
0.142425 1
0.134323 1
0.432491 1
0.295052 1
0.264398 1
0.166147 1
0.389440 1
0.480399 78
1.217977 10
0.602707 32
0.693224 2
0.041010 1237
2.364561 90
0.564716 22
0.313671 37
0.514424 32
0.922552 8
0.740403 29
0.869514 2
0.092130 76
1.085684 21
0.309985 33
0.580680 2
0.043187 1373
4.420537 1767
0.821149 90
0.327970 22
0.300572 33
0.214097 33
0.375582 37
0.516208 32
0.855477 8
0.583753 29
0.587965 27
0.480055 20
0.794595 54
0.339176 97
1.426130 97
1.163167 97
1.483465 118
0.457486 61
0.348879 61
0.447136 52
0.758907 89
1.098605 2
0.160173 166
0.008869 76
6.383151 36
0.414209 2
0.041028 1348
0.002957 76
161.935670 36
0.046731 36
0.040360 36
0.045047 36
0.030035 36
0.024539 36
0.026834 36
0.023644 36
0.024859 36
0.048519 36
0.257015 36
0.047411 36
0.031431 36
0.034797 36
0.395523 36
0.036477 36
0.050480 36
41.128243 36
0.753071 89
0.740824 1
0.506224 1
0.024041 1
0.029702 1
0.030203 1
0.030395 1
0.029961 1
0.028802 1
0.035783 1
0.024718 1
0.030758 1
0.030105 1
0.030256 1
0.029035 1
0.028356 1
0.032780 1
0.027841 1
0.031194 1
0.031217 1
0.032440 1
0.503757 45
0.169645 45
0.159796 45
0.162266 45
0.233357 41
0.230101 45
0.155150 45
0.064301 41
0.188672 41
0.095707 41
0.208539 41
0.091843 41
0.127377 41
0.406674 2
0.053243 51
0.004595 76
1.528926 36
0.141980 1
0.500639 1
0.030179 1
0.029758 1
0.029522 1
0.030371 1
0.189855 1
0.308640 19
0.170658 19
0.155761 17
0.162835 19
0.182599 19
0.167938 19
0.167949 19
0.127049 15
0.312268 2
0.307429 76
1.041372 30
0.306232 22
1.378314 92
1.083768 89
0.635169 2
0.243131 166
0.001925 76
24.533548 78
0.790922 35
0.209984 49
0.189261 22
0.449989 92
0.341211 89
0.386335 36
0.527848 33
0.319170 33
0.373476 37
0.728930 32
0.289317 8
0.888715 29
0.491650 27
0.157246 20
0.260647 54
1.645607 97
0.677285 2
0.043555 1366
36.809155 90
0.266336 1
0.088105 1
0.101071 1
0.227721 1
0.106393 1
0.140478 1
1.137506 1
0.291048 1
0.097450 1
0.156182 1
0.229814 1
0.059515 1
0.213830 1
0.076668 1
0.135103 1
0.146878 1
0.230117 1
0.197925 1
0.183951 1
0.110713 1
0.195525 2
0.108897 192
0.013720 76
34.519178 20
0.500934 56
0.030579 89
0.031212 49
0.029410 22
0.027936 92
0.030378 89
0.032189 36
0.034014 33
0.034890 33
0.026770 37
0.028854 32
0.022888 8
0.029832 29
0.030024 27
0.029566 20
0.030095 54
0.035062 97
0.043743 118
0.023629 61
0.016649 61
0.031381 52
0.029656 89
0.029774 95
0.031171 26
0.031070 46
0.034149 46
0.032638 119
0.030651 54
0.340745 61
0.690697 21
0.155892 31
0.178158 52
0.165213 54
0.190736 123
0.186489 40
0.314233 36
0.441258 57
1.176402 2
0.589609 45
3.010238 74
3.898981 177
0.000219 25
0.014402 206
0.001553 69
0.000815 137
0.002740 752
1.298089 44
0.001666 32
247.731130 36
1.052629 122
65.715146 4
0.500071 4
0.030433 4
0.031995 4
0.027266 4
0.029663 4
0.030023 4
0.030347 4
0.029634 4
0.029808 4
0.031171 4
0.028872 4
0.031159 4
0.030264 4
0.032557 4
0.027047 4
0.030524 4
0.028686 4
0.030191 4
0.030183 4
0.029732 1
0.028746 1
8.019612 1
0.080594 1
1.390608 1
13.675547 4
0.166530 4
0.151294 4
0.307770 1
0.091627 1
0.132300 1
0.150384 1
0.127982 1
0.307233 2
0.009522 29
0.000793 23
1.010344 1
0.483338 4
0.212029 1
0.142189 1
0.159384 2
0.036415 611
0.000264 52
1.542509 1
0.106774 1
0.089209 1
0.192751 1
0.191318 1
0.222763 1
0.064040 1
0.539426 4
0.167849 1
0.172971 58
2.130030 1
0.105852 1
0.167953 2
0.022537 226
0.000358 56
3.694016 1
0.069445 1
0.153246 1
0.189594 1
0.130413 1
0.230398 4
0.136373 4
0.192697 1
0.085990 1
0.301947 9
0.396964 2
0.117939 40
0.002688 69
0.001976 13
0.024656 43
0.012166 2467
0.035983 2144
0.000449 488
1.794013 49
3.011520 111
0.201870 29
0.500853 29
0.038532 30
0.018762 29
0.030662 31
0.029219 32
0.030295 29
0.029463 31
0.030525 30
0.030040 32
0.029717 29
0.030697 29
0.029747 30
0.029576 29
0.030408 29
0.031149 29
0.029040 31
0.031777 32
0.028524 29
0.030400 29
0.029597 31
0.029423 32
0.037166 32
0.030962 30
0.025074 31
0.027674 28
0.030818 28
0.029456 28
0.694457 28
0.364985 28
1.037110 30
0.201032 1
0.910206 27
0.566241 2022
0.505965 1990
0.031795 2115
0.011339 2275
0.046689 2030
0.012410 2914
0.027402 4095
0.000049 471
0.030304 13
0.027055 12
0.030130 12
0.029898 12
0.032102 12
0.030364 12
0.028514 12
0.030696 12
0.030174 12
0.227279 101
0.506463 87
0.022039 144
0.032605 110
0.027500 146
0.033032 138
0.026161 146
0.030279 149
0.030938 147
0.030948 87
0.031094 72
0.197748 27
0.500114 27
0.031221 27
0.027460 28
0.029617 29
0.029806 28
0.029263 28
0.032423 28
0.030087 28
0.028291 28
0.029557 28
0.030191 1
5.288260 58
1.234296 69
0.541330 40
0.100294 50
0.340458 55
0.667992 1
0.588098 1
0.348461 1
0.006125 125
7.049574 1
0.111027 1
0.125318 1
1.018239 1
0.123163 1
0.179987 1
0.171647 1
0.154124 1
1.034494 1
0.794912 1
0.045347 1
0.210163 1
0.058234 1
1.017910 1
1.600072 1
0.147227 1
0.122689 1
0.845116 1
0.228348 1
0.309852 1
0.551628 1
0.096413 1
0.232458 1
0.053330 1
0.205690 1
0.526855 1
0.060293 1
0.471502 1
0.133598 1
1.710426 1
0.500813 1
0.028320 1
0.031148 1
0.029297 1
0.139148 1
0.596646 14
0.129849 11
0.415943 2
0.010158 38
1.138806 1
0.140809 2
0.009637 39
0.000337 56
0.236351 1
0.048799 2
0.002998 29
0.000429 56
6.753179 1
0.437144 29
1.831873 1
0.500521 1
0.030834 1
0.028308 1
0.031023 1
0.029834 1
0.029941 1
0.029336 1
0.031159 1
0.030080 1
0.029817 1
0.350672 23
0.287240 23
0.283080 23
0.161443 2
0.006874 59
0.000337 56
2.830794 31
0.489701 1
0.499345 1
0.031059 1
0.030896 1
0.028489 1
0.030870 1
0.030765 1
0.028562 1
0.031297 1
0.029231 1
0.030082 1
0.030719 1
0.030797 1
0.028477 1
0.031466 1
0.156565 5
0.499826 5
0.031130 5
0.031410 5
0.028765 5
0.028569 5
0.030705 5
0.029373 5
0.030209 5
0.030284 5
0.030404 5
0.029872 5
0.029932 5
0.030727 5
0.030055 5
0.031406 5
0.029167 1
0.029197 1
0.027611 1
0.046211 4
0.206173 2
0.004005 39
0.656367 1
0.134289 58
2.608155 1
0.058150 1
0.105965 1
1.834467 1
0.101123 1
0.365591 9
1.157791 1
0.144965 1
0.148940 1
0.144098 1
0.117305 1
0.140088 1
0.271927 4
0.359891 1
0.525998 1
0.074846 1
0.249296 1
0.026820 1
0.491160 2
0.015572 56
1.204378 1
0.053050 1
0.877076 1
0.223498 1
0.184631 1
0.173724 1
0.080011 1
0.209718 1
0.204607 1
0.521862 1
0.058640 1
0.204095 1
0.054946 1
0.099738 1
0.324965 1
0.096074 1
0.501356 1
0.052656 1
0.198051 1
0.044184 1
0.205874 1
0.343064 1
0.049736 1
0.192133 1
0.038845 1
0.235795 2
0.007577 56
2.319437 1
0.052725 1
0.133004 1
0.427025 1
0.104626 1
0.131873 1
0.117419 1
0.128466 1
0.085595 1
0.472442 1
0.070303 1
0.257379 4
0.141893 4
0.122857 1
0.329241 4
0.118470 4
0.115439 1
0.616883 1
0.287278 4
0.091363 1
0.047812 1
0.216430 1
0.037622 1
0.699483 2
0.063270 165
0.007618 2464
0.017592 2629
2.792161 196
0.025612 205
0.031544 204
1.119568 65
0.499753 64
0.030224 64
0.031385 68
0.029335 68
0.028436 64
0.030983 64
0.028985 64
0.032687 64
0.027385 64
0.030575 65
0.032062 64
0.032262 64
0.031408 64
0.034966 64
0.021893 68
0.029326 68
0.028903 64
0.029109 64
0.030740 64
0.033142 65
0.027296 64
0.191926 64
0.155963 64
0.158623 64
0.158082 64
0.163133 68
0.143091 49
0.262981 68
0.239440 64
0.156933 64
0.148167 64
0.146613 64
0.144477 64
0.138109 64
0.157620 64
0.147727 64
0.136767 49
0.868216 28
0.026760 28
1.262578 110
0.860682 30
0.472779 30
0.022095 30
1.640340 75
0.973746 140
15.234434 30
0.016564 31
0.017699 29
0.020980 32
0.031917 32
52.759104 33
0.039656 31
0.279699 29
0.018661 32
0.039337 30
0.232995 103
0.029024 284
0.006984 335
0.021426 246
1.227103 431
0.013711 270
0.015631 274
0.023833 334
0.551999 256
0.039898 243
0.028528 308
1.244037 352
0.022874 229
0.032475 299
0.680392 355
0.072240 301
0.736438 349
0.054276 214
0.040427 245
0.583412 214
0.065043 294
0.877626 349
0.057862 289
0.473464 268
0.094133 394
1.441332 334
0.049010 430
0.830511 289
0.040024 235
0.036720 379
0.043220 292
1.105063 324
0.057785 488
1.021126 197
0.056479 355
0.991581 276
1.200135 269
0.073116 337
0.719472 310
0.047091 290
0.033740 374
0.037680 208
3.105699 357
0.024146 301
0.030776 270
1.144620 389
0.151440 266
0.848158 307
0.560160 285
0.136221 311
1.406153 261
0.039323 30
0.502427 1
1.721803 42
0.101282 53
0.676477 56
0.362005 1
0.305492 122
2.242947 24
0.100958 61
3.101529 24
0.100090 61
3.191729 51
0.015552 50
0.016641 50
0.030833 50
0.400996 50
0.016213 50
0.023345 51
0.016531 50
0.023562 50
0.882138 24
0.100478 61
2.045025 55
0.865104 1
0.266497 122
0.978777 55
0.404653 1
1.144937 29
0.351867 1
0.279575 1
0.507219 27
0.010983 119
2.395298 1
0.101680 1
0.246940 1
0.107018 1
0.320110 1
0.306689 10
0.913475 1
0.246755 1
0.271550 4
0.068951 1
0.068790 1
0.117453 1
0.543975 1
0.323818 1
0.244120 1
0.674044 1
0.236445 1
0.157152 1
0.284339 4
0.137144 4
0.148119 1
0.070020 1
0.273763 1
0.154854 1
0.217812 1
0.318155 4
0.151895 1
0.085615 1
0.863911 2
0.002626 35
0.012864 56
1.287162 29
0.996195 1
0.519724 4
0.654832 4
0.500482 4
0.029792 4
0.031973 4
0.027797 4
0.030479 4
0.029272 4
0.030236 4
0.030402 4
0.030688 4
0.030399 4
0.028564 4
0.030125 4
0.280286 4
0.636737 1
0.448923 1
0.112060 4
0.219074 4
0.085350 1
0.155521 1
0.208252 1
0.183922 1
0.171830 1
0.082277 1
0.114522 1
0.439961 1
0.306670 1
0.222631 1
0.402300 4
0.058699 1
0.599867 1
0.189009 1
0.219839 1
0.063582 1
0.194322 2
0.020066 35
0.000312 56
8.281640 29
0.733936 44
0.426456 85
0.911666 2
0.060198 165
0.004890 2043
0.024218 100
0.007529 2096
0.671706 51
0.494698 67
0.501846 68
0.031483 69
0.025192 69
0.029271 70
0.032728 67
0.029683 69
0.304254 70
0.499918 67
0.032637 69
0.030486 70
0.027504 68
0.340628 69
0.158359 67
2.425458 107
0.819207 30
0.544360 73
1.428821 29
0.269082 29
0.138743 29
0.447278 29
0.106822 29
0.220122 29
0.055098 48
7.290269 1
0.553471 1
0.527571 28
15.438023 55
0.832694 29
0.232835 29
0.156857 29
0.137940 29
0.292046 46
0.152925 45
0.167816 45
0.162945 45
0.135774 45
0.139132 45
0.076461 34
0.200260 34
0.152881 34
0.146539 34
0.125390 34
1.011349 42
0.101042 53
0.441329 62
0.548162 69
0.458218 56
0.803502 1
0.122949 1
1.267263 27
0.009512 119
3.596077 13
1.129703 1
0.207546 1
0.142908 1
0.155408 1
0.361535 1
0.209276 15
0.152919 15
0.142947 15
0.134275 15
0.130768 15
0.131067 11
0.156108 11
0.232338 11
0.063685 11
0.238342 11
0.044758 11
0.378537 15
0.090773 11
0.153615 2
0.053918 123
0.016915 43
0.004781 2464
0.032201 2144
0.004105 486
1.455535 61
0.505547 61
0.026931 61
0.028332 61
0.029864 61
0.030104 61
0.029380 61
0.033389 61
0.033211 66
0.029890 64
0.033316 64
0.027760 64
0.031356 64
0.021400 64
0.030842 64
0.031915 64
0.026320 64
0.031400 64
0.029358 65
0.029236 64
0.030472 64
0.030203 68
0.031707 68
0.028133 64
0.033814 64
0.030371 64
0.035009 64
0.020920 64
0.030428 65
0.029989 64
0.030100 64
0.030611 64
0.029611 64
0.029346 68
0.033057 68
0.031291 64
0.032902 64
0.032980 64
0.028764 65
0.021707 64
0.029885 64
0.029851 64
0.030367 64
0.030166 64
0.029115 68
0.182680 68
0.294231 68
0.238013 68
0.247582 108
0.163537 28
0.162510 28
0.150493 28
0.141291 28
0.156876 28
0.158600 28
0.167153 28
0.137663 28
0.230439 30
0.624512 30
0.055687 30
1.525151 31
0.498041 30
0.031455 32
0.035610 31
0.022482 90
0.033051 99
0.030234 153
0.031516 90
0.037489 122
0.020563 72
0.029910 90
0.030727 158
0.029128 134
0.028379 90
0.029744 157
0.032303 157
0.035428 135
0.034806 90
0.023638 102
0.023962 105
0.029408 74
2.190175 118
0.500410 88
0.479523 158
0.500798 154
0.030721 154
0.032835 153
0.024900 88
0.030483 158
0.037772 154
0.022753 118
0.029994 90
0.029752 72
0.029554 90
0.030847 158
0.037871 159
0.030777 137
0.028422 89
0.023389 118
0.028660 74
0.030358 90
0.029636 166
0.030116 162
0.033770 140
0.027869 89
0.032432 165
0.033646 90
0.031764 119
0.020285 74
0.033256 89
0.027870 156
0.028870 151
0.029396 116
0.029850 89
0.031734 117
0.032505 120
0.031928 120
0.030617 102
0.023607 73
0.030954 91
0.030332 153
0.031139 160
0.035397 157
0.023257 96
0.030114 89
0.031670 75
0.033955 91
0.033009 152
0.028780 160
0.024062 157
0.027804 89
0.030422 128
0.029526 75
0.029558 91
0.030908 132
0.032676 89
0.032690 128
0.032547 118
0.030243 112
0.022437 121
0.062882 103
0.030406 142
0.028691 133
0.029990 95
0.032679 156
0.027686 116
0.029956 169
0.030778 95
0.028235 161
0.030026 119
0.031402 95
0.029651 164
0.030144 148
0.028503 117
0.029518 95
0.029788 138
0.031033 75
0.029633 95
0.030371 168
0.029383 154
0.031434 131
0.029536 93
0.030540 118
0.029236 75
0.032525 95
0.033746 140
0.032418 93
0.031468 121
0.020942 100
0.030840 73
0.001394 30
0.630549 30
0.500723 91
0.041378 157
0.022808 105
0.026343 91
0.029093 125
0.030772 117
0.033316 101
0.025608 75
0.030542 89
0.029560 161
0.030104 115
0.030646 91
0.032243 118
0.036116 118
0.026852 98
0.029858 75
0.025990 89
0.030081 137
0.029769 158
0.029656 153
0.029273 159
0.032595 154
0.028478 91
0.030296 127
0.032419 75
0.034540 91
0.029455 157
0.027960 154
0.024834 105
0.029475 89
0.029682 113
0.032099 75
0.028836 134
0.030029 95
0.032540 160
0.031378 130
0.034656 93
0.029135 183
0.021803 144
0.029050 75
0.031402 129
0.030459 143
0.029161 191
0.030080 101
0.030164 73
0.029465 95
0.034600 166
0.031603 159
0.030952 159
0.026502 156
0.026555 132
0.030518 95
0.030125 129
0.501520 308
0.023932 307
0.025694 307
0.207400 355
0.017542 337
0.007403 415
0.006017 238
0.012805 295
0.019149 264
0.176278 279
0.009695 307
0.007437 331
0.007397 356
0.009998 271
0.013458 257
0.193232 351
0.016902 350
0.005925 214
0.012161 391
0.008413 224
0.011002 291
0.186504 396
0.014092 234
0.008712 220
0.003710 30
0.503481 1
1.630227 30
0.715073 73
1.442973 29
0.258745 29
0.152180 29
0.322601 29
0.131172 29
0.254209 29
0.027953 48
0.897406 28
0.117148 31
4.217852 55
1.244801 1
0.730301 29
0.747636 28
0.502449 28
0.037177 28
0.037092 28
0.015535 28
0.029934 28
0.030097 28
0.030081 28
0.027882 30
0.031995 29
0.520567 65
1.474165 40
0.100347 51
0.399621 55
0.280455 1
0.123098 1
0.523233 28
0.011582 119
7.270459 1
0.077408 1
0.131277 1
0.171618 1
0.200128 1
0.157651 1
0.205399 1
0.206207 1
0.739644 1
0.190474 1
0.069447 1
0.196939 1
0.079717 1
0.197992 1
0.074920 1
0.145360 1
0.112189 1
0.181558 62
1.034273 1
0.173599 1
0.312009 2
0.027106 1671
0.000474 60
14.892597 1
0.113758 1
0.313436 1
0.191393 1
0.350708 1
0.329134 4
0.182302 1
0.241890 1
3.722569 1
0.148465 1
0.136541 1
0.080194 1
0.175700 1
0.429864 1
0.317398 1
0.080241 1
0.145296 1
0.106898 1
0.117762 1
3.239845 2
0.013068 60
2.467488 17
0.276812 5
1.152980 12
0.157137 10
0.142107 8
0.156393 6
0.162561 3
0.322132 1
0.085982 1
0.200110 1
0.038065 1
0.206000 1
0.022455 1
0.212737 2
0.005387 60
4.100528 1
0.058620 1
0.301644 1
0.726057 1
0.310112 2
0.724560 1
0.306975 78
1.085588 1
0.304264 1
0.180641 1
0.319571 1
0.597298 1
0.107638 6
2.324099 2
0.057193 118
0.001433 4095
0.000107 2234
0.010678 4095
0.000086 2344
1.830341 104
3.997318 104
2.688040 38
0.100695 48
0.291143 54
0.290650 1
0.069595 1
0.232532 29
0.012343 118
0.687220 16
0.383527 1
0.456696 7
0.499072 7
0.038712 7
0.031697 7
0.020863 7
0.316373 7
0.142163 3
0.631624 3
0.264855 3
0.135082 3
0.106915 3
0.387312 2
0.055770 4095
0.000253 2351
0.003118 4095
0.000445 2343
1.639363 104
5.369292 102
1.083098 38
0.100309 48
0.528041 54
0.316616 1
0.080224 1
1.267732 28
0.011649 118
4.198431 15
0.606161 19
1.039763 34
1.300768 15
0.345058 22
0.198776 19
0.501014 35
0.039326 25
0.023728 42
0.026236 44
0.451979 100
0.500398 38
0.030030 25
0.035281 43
0.031313 39
0.291492 86
0.500606 29
0.037231 47
0.022858 19
0.029784 9
0.030425 12
0.029075 7
0.360848 41
0.511262 107
0.162897 56
0.141311 89
1.610610 2
0.267775 60
2.004512 35
0.501756 4
0.186169 4
0.298815 4
0.500106 4
0.030311 4
0.032520 4
0.028232 4
0.029478 4
0.030180 4
0.030650 4
0.029137 4
0.265436 4
0.121177 4
0.102017 1
0.095926 1
0.194866 1
0.096598 1
0.227168 1
0.063595 1
0.832217 1
0.298236 1
0.065118 1
0.181468 1
0.175571 1
0.695037 1
0.687336 1
0.146405 1
0.085032 1
0.244983 2
0.132915 168
0.001856 60
12.305717 37
0.350963 2
0.046726 1740
4.690606 2152
0.074733 2156
0.083375 2160
0.066846 2164
0.066360 2163
0.100375 2166
0.018843 2169
0.033190 2172
0.020184 2173
0.019559 2175
0.029915 2181
0.024816 2185
0.023748 2187
0.023311 2189
0.028164 2191
0.035645 2193
0.033877 2186
0.299285 2187
0.083558 2188
0.045388 2189
0.034792 2191
0.033643 2192
0.117173 2193
0.070356 2194
8.848932 74
2.667443 1
0.081158 1
0.174193 1
1.475112 1
10.228701 35
0.030849 35
0.026275 35
0.020721 35
0.028995 35
0.020903 35
0.029823 35
0.025103 35
0.027296 35
0.030579 35
0.022033 35
0.028229 35
0.020783 35
0.028960 35
0.273212 1
0.096261 1
0.266548 1
0.541597 1
0.438925 1
0.214813 1
0.151959 1
0.212352 1
0.257481 1
0.389700 1
0.280920 1
0.117354 1
0.227553 1
0.064078 1
0.240529 58
2.832545 1
0.118292 1
0.259575 1
0.300253 4
0.174290 4
0.147234 4
0.726467 1
0.150492 1
0.098358 1
0.963663 1
3.337502 4
1.716740 1
0.259537 1
0.157831 1
0.265359 1
0.399796 4
0.184863 4
0.149739 4
0.148378 4
1.082603 1
0.377923 1
0.233763 1
0.069432 1
0.330917 8
0.818926 2
0.054389 8
0.016710 158
0.002787 2007
0.021838 2165
1.611973 49
0.310051 48
0.345227 49
0.035989 48
0.034884 48
1.260176 216
0.047273 209
0.512912 209
0.022154 216
0.023355 49
0.247468 48
0.016184 48
0.007686 48
0.009039 48
0.015200 48
0.281987 216
0.024177 209
0.039583 215
0.579307 108
0.321881 29
0.025520 29
0.018750 28
0.025086 1
4.314429 28
0.066012 29
0.040596 29
0.039081 28
0.038097 29
3.290471 28
0.055386 29
0.040289 28
0.051669 246
0.448315 323
0.056162 349
1.488184 308
0.047319 278
0.047948 287
0.904207 271
0.097653 325
0.349781 247
0.465616 414
0.486831 329
0.304114 351
0.058525 310
0.332821 288
0.038904 287
0.018442 428
0.030798 348
0.960649 385
0.054057 211
0.721814 285
0.082328 415
0.452721 217
0.039023 274
0.025552 203
0.065099 238
0.759317 290
0.047571 330
0.040073 377
0.034476 272
0.045820 261
0.672288 347
0.033944 244
0.039264 261
0.038521 293
0.847435 255
0.038299 296
0.035773 287
0.047457 392
0.614544 285
0.048867 308
0.047032 264
0.456708 337
0.041457 306
0.046810 270
0.822949 279
0.065677 401
11.439449 38
0.100610 47
0.612197 54
0.311963 1
0.273009 126
0.893452 22
0.736977 4
0.150365 4
0.158974 4
0.151943 4
0.278648 4
0.346652 1
0.297779 1
0.180991 1
0.128883 1
0.394728 2
0.092474 56
2.191808 21
5.283616 4
0.161369 1
0.298842 2
0.048883 296
20.648389 21
0.187215 2
0.600992 40
0.764865 2
0.048784 8
0.017945 158
0.008201 2468
0.022369 2144
0.002982 490
1.674580 64
0.194793 68
0.156221 68
0.143789 64
0.500130 64
0.031008 64
0.029656 65
0.029699 64
0.030093 64
0.030296 64
0.243649 64
0.161117 64
0.295890 64
0.149532 64
0.157330 64
0.167943 64
0.173384 64
0.332608 64
0.157105 64
0.192484 64
0.156181 67
0.172618 67
0.350189 51
28.731819 124
0.354328 167
1.059087 24
0.100684 61
1.306036 24
0.100038 61
0.550031 56
0.469747 1
1.370700 1
0.383568 126
1.369302 1
0.077152 1
0.210123 1
0.151377 1
0.128207 1
0.080350 1
0.106375 1
0.228465 1
0.152913 1
0.152353 1
0.331214 4
0.161057 4
0.147982 4
0.053238 1
0.157930 1
0.299888 1
0.125490 1
0.112624 1
0.111656 1
0.133723 1
0.139903 1
0.150957 1
0.075297 1
0.227013 2
0.017357 380
0.000351 56
5.494987 1
0.102012 1
0.265100 1
0.269554 1
0.144266 1
0.096749 1
0.123136 1
0.305180 1
0.413139 1
0.394826 1
0.091061 1
0.253313 1
0.279799 1
0.806218 1
0.342005 4
0.713407 1
0.435578 1
0.286525 1
0.094916 1
0.233005 4
0.147618 4
0.207177 4
0.153793 1
0.141942 1
0.555952 1
0.082126 1
0.131203 1
0.542966 1
0.354308 1
0.873022 1
0.182564 1
0.168692 1
0.063975 1
0.310391 2
0.080932 56
1.711814 25
0.479254 4
0.466433 1
0.237944 2
0.040379 175
4.795103 25
0.230172 2
0.400703 28
0.200332 36
0.245315 36
0.693604 2
0.310136 40
0.760305 33
0.204202 55
1.190031 1
0.500640 1
0.030296 1
0.031427 1
0.028396 1
0.028849 1
0.030980 1
0.029801 1
0.029859 1
0.030567 1
0.030163 1
0.029991 1
0.030203 1
0.030102 1
0.029556 1
0.030005 1
0.029716 1
0.716844 2
0.046396 1729
10.451240 70
0.866001 37
0.904818 97
0.210824 2
0.379474 28
0.263772 36
0.777442 1
0.501031 1
0.029617 1
0.032612 1
0.028212 1
0.028558 1
0.029312 1
0.031227 1
0.029668 1
0.030590 1
0.028597 1
0.030976 1
0.028656 1
0.232221 1
0.916848 4
0.409638 5
0.288146 5
0.096320 5
0.193070 5
0.286153 3
0.500080 3
0.037318 3
0.025956 3
0.027298 3
0.030139 3
0.029687 3
0.030371 3
0.029580 3
0.034001 3
0.232088 3
0.127396 3
0.234272 5
0.406683 3
0.172257 5
0.155691 3
0.336902 3
0.389490 3
0.145128 3
0.296694 5
0.300043 4
0.139769 7
0.070137 3
0.217038 5
0.112373 3
0.342633 3
0.265769 7
0.305295 3
0.085330 3
0.129012 3
0.095386 3
0.112313 3
0.292377 2
0.011526 56
6.072571 30
0.839909 1
0.259494 7
0.138213 7
0.145255 7
0.150751 7
0.128287 7
0.243868 3
0.175632 3
0.151529 3
0.080172 3
0.103515 3
0.274996 7
0.281428 3
0.224048 2
0.010834 243
0.000448 56
13.386447 30
0.159384 14
0.409780 104
0.434610 97
0.402410 2
0.375925 28
0.391149 36
0.842395 2
0.063725 166
0.011567 2047
0.011373 2505
0.001471 424
0.811075 190
0.499884 128
0.269746 67
0.694457 67
0.246846 67
0.287237 69
0.170373 69
0.246906 68
0.184406 68
0.255261 70
0.857208 111
0.464619 42
0.652455 31
0.851938 30
0.047812 30
0.816903 42
0.100998 52
0.320873 56
0.247717 1
0.069059 1
0.176787 28
0.004887 119
0.680849 15
0.161352 52
1.244651 2
0.011251 243
0.000329 56
1.839295 30
0.301133 89
0.530688 52
0.501750 14
0.333351 104
0.967406 97
0.456396 2
0.281846 28
0.177435 36
0.254561 36
0.611264 2
0.153798 40
0.197903 33
0.420548 55
0.140748 93
0.551308 93
0.346929 93
0.715746 2
0.221640 168
0.001796 56
1.466292 36
0.151215 101
0.573821 89
0.367725 52
0.471295 14
0.374825 104
1.023928 2
0.044885 1723
9.368738 2290
0.012340 2048
0.000114 208
88.875284 59
4.201493 11
1.020231 73
1.891009 26
0.651690 2
0.070410 4095
0.000303 4095
0.000166 2995
0.000282 159
0.012212 4095
0.000566 4095
0.000119 1636
0.000444 1510
1.203580 49
0.313409 48
0.186832 49
0.177485 48
50.356625 44
0.229789 107
0.108299 31
0.169680 29
0.080131 29
0.096547 29
0.185773 28
0.324776 28
0.189111 37
0.153580 37
0.149403 37
0.134316 37
0.161517 29
0.475789 29
0.141041 29
0.158206 29
0.085258 29
0.136180 47
0.178711 28
0.292710 29
0.266591 31
0.232519 30
0.209891 30
1.013048 41
0.100952 52
0.338133 57
0.372322 1
0.259706 1
0.202871 183
7.996341 307
3.579893 57
0.387299 1
0.075376 1
0.271676 183
0.655807 307
0.676120 24
0.100729 61
1.324054 57
0.588380 1
0.466213 1
0.251726 126
22.234259 22
0.457042 2
0.029466 706
68.184172 1
0.203847 1
0.051107 1
0.187760 1
0.070784 1
0.117292 1
0.211630 1
0.419279 1
0.137851 1
0.143624 1
0.482022 1
0.252328 1
0.096786 1
0.206319 1
0.080376 1
1.765204 1
0.142960 1
0.149066 1
0.096065 1
0.198029 1
0.543814 2
1.298706 56
0.535894 20
0.790586 58
0.709858 2
0.044737 325
0.002530 56
1.197347 22
0.188868 58
0.546619 58
0.172471 48
0.669831 104
0.333598 93
0.883580 2
0.226158 168
0.002124 56
6.291714 37
0.458581 2
0.046944 1848
99.136837 2286
0.790844 70
0.825063 37
0.595537 93
0.344201 96
0.800189 58
0.305447 58
0.503592 48
0.620973 104
0.725174 98
0.741121 104
0.149314 93
0.150389 101
0.316895 89
0.234140 52
0.502659 89
1.193769 2
0.061270 8
0.016428 158
0.004227 2470
0.014701 2636
2.321822 119
0.339818 69
0.162653 67
0.827387 106
0.206987 104
0.186380 113
0.428304 29
1.158652 74
1.099022 71
0.866444 111
0.273379 29
0.424324 30
0.138521 32
0.193245 31
1.138161 31
2.271796 43
0.100995 54
0.533708 58
0.312444 1
0.090762 1
1.196687 28
0.011404 119
0.579307 15
0.168720 52
0.220702 93
0.413769 96
0.501318 58
0.045549 58
0.018590 48
0.024646 104
0.029977 93
0.030160 101
0.232358 89
0.500644 52
0.732498 2
0.016975 244
0.001774 56
1.085869 30
0.301472 89
0.181168 52
0.741550 93
0.843830 2
0.159339 168
0.001671 56
2.123997 36
0.371354 101
0.438825 89
0.325681 52
0.858427 2
0.041478 1848
46.961817 70
1.223811 37
1.314511 93
0.607832 101
1.195199 89
0.838416 2
0.042870 2636
0.024654 2636
1.694013 92
0.279748 70
0.168699 69
0.161215 67
1.679882 111
0.424514 18
1.118658 16
0.443158 31
1.267164 41
0.101230 52
1.323195 65
0.271640 72
0.090159 58
0.438976 1
0.080285 1
0.807455 28
0.009104 119
0.766932 15
0.407042 52
0.847649 93
0.613593 2
0.160385 56
0.899657 36
0.375922 87
11.399688 52
0.290299 93
0.914490 101
8.794455 89
6.082096 52
2.309707 2
0.054079 1705
11.352945 70
0.644100 37
0.241311 93
0.180206 87
0.210190 52
0.444032 93
0.344373 101
0.963618 89
0.585241 52
0.751879 93
1.228777 96
1.469003 2
0.061513 706
4.287023 1
0.167151 1
0.085867 1
0.085475 1
0.198970 1
0.064483 1
0.189588 2
0.206886 23
0.008427 22
0.598192 1
0.206231 1
0.102031 1
0.159262 1
0.132848 2
0.010269 8
0.035670 49
0.850764 1
0.218043 1
0.150163 1
0.107961 1
0.222196 11
0.000155 6
