0.002153 49
2.241065 1
0.181187 1
0.173489 1
0.196502 1
0.101275 1
0.141650 1
0.149916 1
0.327083 1
0.259298 1
0.505276 4
0.159491 4
0.154072 4
0.089750 1
0.105265 1
0.149137 1
0.150691 1
0.085416 1
0.138465 1
0.468783 1
0.090786 1
0.717083 1
0.232208 1
0.277501 11
2.032909 19
0.000290 26
20.477663 1
0.289966 1
0.053938 1
0.150190 1
0.112121 1
0.325560 1
0.854310 1
0.239244 2
0.062812 39
14.300028 1
0.328216 1
0.035187 1
0.314734 1
0.064280 1
0.185586 1
0.262300 4
0.177649 1
0.179877 1
0.184211 1
0.090687 1
0.175032 1
0.165579 1
0.072064 1
0.115126 1
0.132416 1
0.163123 1
0.157666 1
1.290839 1
0.278325 1
0.087201 1
0.188341 1
0.232092 1
0.258971 1
0.558121 4
0.221755 1
0.086768 1
0.108259 1
0.211343 1
0.065698 1
0.148338 2
0.011106 45
0.003017 43
0.003016 45
0.003560 202
3.215913 26
4.445521 1
0.501553 1
0.031080 1
0.027578 1
0.030133 1
0.029637 1
0.029279 1
0.030864 1
0.029867 1
0.029452 1
0.030566 1
0.029578 1
0.030438 1
0.029656 1
0.030818 1
0.029752 1
0.029441 1
0.030352 1
0.030527 1
0.029111 1
0.190616 1
0.333102 5
0.500072 5
0.028675 5
0.030073 5
0.030895 5
0.028110 1
0.031111 1
0.029563 1
0.031943 1
0.252414 2
0.153581 39
0.023267 31
0.046107 29
2.220429 101
0.065762 104
0.014989 104
0.020279 104
0.246607 104
0.043739 104
0.233108 103
0.310110 103
0.309876 103
0.310261 103
0.323284 103
0.311843 103
0.311011 103
0.322118 207
0.088107 104
5.984700 119
0.006755 68
0.625232 36
0.117980 25
0.000837 619
7.069615 1
0.974398 25
0.002247 42
0.215896 320
0.003480 66
0.004074 322
3.435289 1
0.245383 2
0.026802 27
0.096372 26
0.064875 28
0.006227 21
0.131511 101
0.013544 202
0.007619 202
0.004927 202
0.025348 101
0.010996 303
0.004243 101
0.016227 808
0.015989 404
0.004449 101
0.023606 205
0.469387 104
0.224702 104
0.009094 104
0.196356 128
0.079070 16
0.003110 15
18.880949 1
0.154261 1
0.058404 1
0.164817 1
0.067732 1
0.101371 1
0.154034 1
0.221440 1
0.081131 1
0.230096 1
0.433915 1
0.150481 1
0.112518 1
0.195146 1
0.097802 1
0.089417 1
0.107182 1
0.562969 1
0.231314 1
0.057574 1
0.211246 1
0.721672 1
0.189913 1
0.139977 1
0.154577 1
0.117437 1
0.361421 1
0.312606 4
0.100370 1
0.076237 1
0.154430 1
0.053335 1
0.181009 1
0.347782 1
0.342859 2
0.071829 260
0.343994 16
0.000486 15
17.325309 1
0.281659 1
0.048591 1
0.532128 1
0.544595 4
0.064261 1
0.177898 1
0.135273 1
0.186557 1
0.146994 1
1.118262 1
0.408403 1
0.064533 1
0.133439 1
0.805569 1
0.266173 1
0.161340 1
0.147659 1
0.112279 1
0.605655 1
0.286015 1
0.262435 1
0.105518 1
0.157783 1
0.235488 1
0.066063 1
0.140785 1
0.064311 1
1.148546 1
0.636527 4
0.100821 1
1.831494 1
0.132233 1
0.307375 1
0.654464 3
0.151664 3
0.189980 3
0.370242 3
55.209170 2
0.316548 40
0.923104 33
1.404604 1
0.471366 1
1.331500 1
0.172617 1
0.179073 1
0.426584 5
0.173007 5
0.169312 5
0.187614 5
1.301636 5
0.174516 5
0.181199 5
0.178488 5
0.546945 5
0.090977 5
0.230013 5
0.064885 5
0.277371 4
2.870461 1
0.141948 1
0.084045 1
0.139053 1
0.145896 1
0.462716 1
0.150108 1
0.206957 1
0.266283 1
0.086690 1
0.144454 1
0.083754 1
2.089825 1
0.804996 4
0.705293 4
1.994459 1
0.105004 1
0.233698 1
0.753753 3
0.212528 3
0.227784 3
0.201535 3
0.082504 3
1.240615 3
1.847249 2
0.203958 98
0.000423 31
3.391606 57
5.201436 1
0.710859 1
0.170278 1
0.682036 10
0.148903 5
1.642154 1
0.189242 1
0.147151 1
0.160293 1
0.172128 1
0.145041 1
0.125120 17
1.496162 1
0.498344 1
0.030767 1
0.029173 1
0.034397 1
0.028171 1
0.028888 1
0.029461 1
0.029476 1
3.051914 3
0.502019 3
0.028536 3
0.030144 3
0.029223 3
0.030181 3
0.029478 3
1.844539 1
0.500207 1
0.028423 1
0.029916 1
0.030146 1
0.029388 1
0.031287 1
0.028570 1
0.031208 1
0.029232 1
0.783103 44
0.498060 40
0.031240 38
0.030848 38
0.030557 34
0.028861 32
0.027863 30
0.030712 28
0.031245 26
0.029368 24
0.029819 22
0.029650 20
0.030187 18
0.029144 16
0.030647 14
0.029391 12
0.031127 10
0.030097 8
0.029227 6
0.030038 3
0.485379 1
1.067221 4
0.836764 1
0.116396 1
0.164338 1
0.536376 4
0.197157 4
0.166429 4
0.192676 1
0.161316 1
0.219632 1
0.194139 4
0.157353 4
0.164872 4
0.089347 1
0.161686 1
0.189678 1
0.196551 1
0.127490 1
0.268288 1
0.081690 1
0.215950 1
0.194138 1
0.143598 1
0.134584 1
0.065551 1
0.613427 4
0.159420 4
0.179324 4
0.177483 4
0.177491 4
0.171085 4
0.174188 4
0.068427 1
0.183625 1
0.112387 1
0.180020 1
0.188011 1
0.135977 1
0.043032 1
0.132453 1
1.501726 1
0.559236 1
0.142805 1
0.942428 1
10.836298 3
0.216786 3
0.177129 3
0.141351 3
0.469615 3
0.207948 3
7.932233 3
0.130873 1
0.739675 1
0.296421 4
2.313009 1
0.126431 1
0.232152 1
0.092578 1
0.085500 1
0.171520 1
0.117812 1
0.195656 1
0.206668 1
0.156140 1
0.059682 1
0.492332 2
0.352729 40
4.895166 72
0.183980 48
0.366545 37
1.087508 1
0.233000 1
0.127784 1
0.188509 1
0.081365 1
0.164026 1
0.182635 1
0.133222 1
0.471660 1
0.119656 1
0.117783 1
0.067337 1
4.669287 2
0.322565 40
20.974177 1
0.250497 1
0.284823 4
0.176631 1
0.049065 1
0.179274 1
0.080093 1
0.205063 1
0.144497 1
0.158843 1
1.121640 1
0.306259 1
0.076587 1
0.100024 1
0.238847 1
0.113456 1
0.448328 1
0.194720 1
0.117558 1
0.218689 1
0.126197 1
0.111486 1
0.636963 1
0.145333 1
0.142348 1
0.134156 1
0.132248 1
0.114792 1
0.603729 13
0.234583 2
0.528824 40
30.767592 1
0.158067 1
0.125099 1
0.126847 1
0.521283 1
0.447437 4
0.183854 1
0.197617 1
0.104175 1
0.281534 1
0.229322 1
1.467433 1
0.108167 1
0.286566 2
1.191073 1
0.202491 5
0.791810 2
0.002148 1128
24.330615 1
0.645227 1
0.042794 1
0.264611 1
0.660173 4
0.113876 1
0.102386 1
0.137619 1
0.169597 1
0.161828 1
0.878887 1
0.286100 1
0.070835 1
0.159749 1
0.096454 1
0.265453 1
0.179043 1
0.102139 1
0.095720 1
0.183194 1
0.109680 1
0.313731 4
0.194072 4
0.277567 4
0.151843 4
0.141890 4
0.139842 4
0.273834 1
0.117055 1
0.134276 1
0.211859 1
0.100430 1
0.154838 1
0.384465 4
0.065783 1
0.232037 2
0.184316 2
0.000561 4095
0.000188 3031
0.000416 4095
0.000160 3009
0.014633 4095
0.000141 2627
35.384866 19
0.856428 4
0.170653 4
0.158725 4
0.369832 4
0.136536 1
0.127795 1
0.128950 1
0.064346 1
0.089085 1
0.361807 2
0.326523 40
13.207971 20
0.395926 4
0.193406 4
0.130099 4
0.134955 4
0.137406 4
0.129906 1
0.220424 1
0.070692 1
0.206243 1
0.085466 1
0.449202 1
0.487919 1
0.085254 1
0.177872 1
0.116570 1
0.112628 1
0.121832 1
0.176305 2
0.361402 40
47.971350 27
0.155510 21
0.196080 13
0.185997 68
0.859696 67
1.663834 68
0.604717 65
0.247498 9
0.197438 17
0.318703 49
0.515166 1
0.350553 1
0.309631 1
0.238247 1
0.175906 1
0.211055 1
0.436403 1
0.360170 1
0.049340 1
0.159329 1
0.112019 1
0.112445 1
0.133515 1
0.244511 1
0.119303 1
0.263762 1
1.362710 1
0.134435 1
0.101740 1
0.212436 1
0.079932 1
0.080436 1
0.106889 1
0.241498 1
0.048000 1
0.168860 1
0.471675 1
0.300231 1
0.139168 1
0.142380 1
0.141179 1
0.223212 1
0.208986 2
0.033630 132
0.333634 31
20.196700 1
0.174026 1
0.089230 1
0.704834 1
0.889595 1
0.126465 1
0.291485 1
0.567410 1
0.919125 4
0.932221 4
0.831364 1
0.210215 1
0.306581 1
0.501164 2
0.086219 102
0.015972 2065
0.003086 1814
127.534963 9
0.977510 33
3.488033 1
0.500023 1
0.032175 1
0.028406 1
0.029277 1
0.031181 1
0.029334 1
0.031584 1
0.521478 1
0.174204 1
0.136425 5
0.142690 5
0.150813 5
0.152974 5
0.146409 5
0.157314 5
0.169552 5
0.194431 5
0.182810 5
0.182038 5
0.359517 5
0.159265 5
0.194896 5
0.125136 5
0.864197 9
0.645071 5
0.734742 3
0.138683 3
0.137276 3
0.159065 3
0.495795 14
0.499821 14
0.037414 10
0.033919 8
0.023613 6
0.025547 3
0.029687 1
0.029795 1
0.031495 1
0.029184 1
0.029829 1
0.030013 1
0.031595 1
0.119028 2
0.034417 661
0.003001 170
226.401920 1
0.213701 1
0.074909 1
0.142449 1
0.148869 10
0.012988 37
0.631937 1
0.194857 1
0.111187 1
0.160958 1
0.333542 10
0.002980 8
0.000008 41
1.351660 1
0.189359 1
0.093345 1
0.133388 1
0.137595 2
0.000262 15
