0.002030 49
1.950759 1
0.188452 1
0.153789 1
0.246359 1
0.064897 1
0.207687 1
0.133232 1
0.156241 1
0.259880 1
0.118653 1
0.085637 1
0.157534 1
2.068433 1
0.074719 1
0.197283 1
0.183580 1
0.178851 11
1.989918 53
0.036542 45
1.448852 1
0.191003 1
0.213239 1
0.209637 1
0.117373 1
0.117575 1
1.016840 1
0.263462 1
0.934029 4
0.164562 1
1.546895 1
0.708204 1
0.111936 1
0.223457 1
0.238652 1
0.166346 1
0.200150 1
0.412406 1
0.096720 1
0.116708 1
0.133910 1
0.193462 1
0.808058 1
0.085327 1
0.162473 1
0.145062 1
0.028791 1
0.147730 1
0.670207 2
0.007429 101
2.594002 1
0.324994 1
0.049350 1
0.149085 1
0.106956 1
0.493061 1
0.300417 1
0.356112 2
0.102612 39
0.093788 4
0.152798 13
0.916449 17
0.344012 7
0.334168 1
0.277606 1
0.198363 1
7.672243 26
0.783850 2
0.006790 31
8.012723 39
6.256305 2
0.006505 31
6.319937 29
1.293059 4
0.173209 2
0.005438 31
112.493703 1
0.106904 1
0.237314 1
0.096069 1
0.704105 1
0.144145 1
1.082933 1
0.197515 1
0.154887 1
0.551621 1
0.562456 4
0.390774 1
5.850974 1
0.176003 1
0.206789 1
0.244056 1
0.193885 9
0.220012 3
0.178841 3
0.160759 3
0.075518 3
0.284413 3
1.481563 1
0.683698 1
0.183437 1
0.140032 1
0.209066 1
0.195743 1
0.476422 1
0.246780 1
0.128289 1
0.150890 1
0.057851 1
0.393953 1
0.122689 1
0.826186 4
2.357998 1
0.227817 1
0.372552 1
0.188157 1
0.111816 1
1.111737 1
0.138136 1
0.091444 1
0.070577 1
0.171965 1
0.259478 1
0.538734 1
0.395145 1
0.074542 1
0.236075 1
1.107230 1
0.396246 1
0.353506 1
0.309122 1
0.976069 1
0.267748 1
0.347645 1
0.184091 1
0.174319 1
12.638609 1
0.110872 1
0.091866 1
13.084175 1
6.141998 1
0.122641 1
1.239311 1
0.222956 1
0.174213 1
0.214870 1
0.090770 1
0.220871 1
2.869780 1
0.150224 1
0.202079 1
0.053140 1
0.392059 1
0.231829 1
0.252740 1
0.155233 1
0.133581 1
0.178756 1
0.139153 1
0.690879 1
5.615673 4
10.611351 1
0.117448 1
0.128237 1
0.312391 2
0.009907 31
5.258934 1
0.259657 1
0.241900 1
0.195696 1
0.416508 4
0.144108 4
0.079498 1
0.187022 1
0.042390 1
0.169354 1
0.494199 1
0.515854 4
0.096284 1
0.205670 1
0.062539 1
0.394160 1
0.204377 1
0.161027 4
0.162235 4
0.172892 4
0.122031 4
0.048097 1
0.049091 1
0.169875 1
0.128679 1
1.411178 2
0.013117 31
7.193678 1
0.226221 1
0.096194 1
0.167147 1
0.075127 1
0.177856 1
0.201849 1
0.148518 1
0.547258 1
0.106514 1
0.262548 1
0.196458 2
0.006173 140
22.718923 1
0.270623 1
0.170608 1
0.239577 1
0.441699 4
0.358178 4
0.149646 4
0.135022 4
0.142016 1
0.175129 1
0.075190 1
0.340602 1
0.196945 1
0.064104 1
0.248739 39
0.542242 1
0.204392 1
0.110996 1
0.106558 1
0.326492 10
0.005185 49
0.979554 16
1.454519 4
0.068700 1
0.152287 11
1.971697 45
2.215275 1
0.223001 1
0.065782 1
0.139640 1
0.035249 1
0.037487 1
0.501671 4
0.144452 4
0.116773 1
0.189785 1
0.368137 4
0.131299 4
0.075494 1
0.136686 1
0.260834 1
0.308723 2
0.119583 39
4.907519 1
0.095999 1
0.175763 1
0.065580 1
0.132368 1
0.149519 1
0.043052 1
0.107551 1
0.096249 1
0.085452 1
0.148858 1
0.101152 1
1.218853 1
0.044376 1
0.198237 1
0.085672 1
0.422522 1
0.177547 1
0.074610 1
0.201760 1
0.059091 1
0.165139 2
0.245049 39
0.024140 31
0.046302 29
1.480103 76
0.115141 104
1.844919 104
1.137948 104
0.334128 103
0.132734 104
0.185104 103
0.285623 103
0.108676 104
0.642386 103
0.953545 103
0.573846 103
0.954316 103
0.625089 103
0.958389 103
0.321699 103
0.957304 103
0.815420 103
0.954807 103
1.190921 103
0.476006 103
0.955524 103
0.926339 103
0.049588 104
0.957550 103
0.385780 103
0.353768 103
0.925896 103
0.522839 103
0.957019 103
1.172320 103
0.534531 103
0.959274 103
0.745357 103
0.954122 103
0.302891 103
0.957647 103
0.749183 103
0.961248 103
0.625563 103
0.983499 103
0.320266 103
0.982334 103
0.829702 103
0.353934 103
0.946961 103
0.518166 103
0.952015 103
0.462207 103
1.130817 103
0.547070 103
0.955487 103
0.344591 103
0.953345 103
0.343534 103
0.491708 103
0.719249 103
0.432264 103
0.954747 103
0.491254 103
0.956307 103
0.411223 103
0.511221 103
0.858556 103
0.525986 103
0.349079 103
0.927466 103
0.521953 103
0.954961 103
1.169631 103
0.542878 103
0.950496 103
0.353869 103
0.396869 103
0.936480 103
0.322930 103
0.954877 103
0.749251 103
0.962349 103
0.389004 103
0.288916 103
0.927706 103
0.288231 103
1.014378 103
0.835119 103
0.349143 103
0.948342 103
0.520785 103
0.948254 103
0.461632 103
0.711164 103
0.424472 103
0.889262 103
0.610726 103
0.342526 103
0.514181 103
0.442151 103
0.343973 103
0.343960 103
1.074443 103
0.473897 103
0.709232 103
0.484067 103
0.959774 103
0.411595 103
0.506198 103
0.972012 103
0.415599 103
0.869106 103
0.407285 103
0.525596 103
0.482953 103
0.469202 103
1.161024 103
1.095831 103
0.408187 103
0.308689 103
0.440344 103
0.663505 103
0.291830 103
0.304050 103
0.951332 103
0.754631 103
0.472413 103
0.487796 103
0.391231 103
0.702584 103
0.511556 103
0.286646 103
0.730180 103
0.287306 103
0.836040 103
1.007542 103
0.290463 103
0.492009 103
0.972235 103
0.465354 103
0.706534 103
0.358248 103
0.959904 103
0.610280 103
0.341901 103
0.513492 103
0.414063 103
0.371788 103
0.344126 103
0.832204 103
0.469363 103
0.676311 103
0.765653 103
0.738399 103
0.631247 103
0.933727 103
0.543718 103
0.417503 103
0.341463 103
0.528845 103
0.403260 103
0.529845 103
0.481451 103
0.467436 103
1.127189 103
1.127963 103
0.410897 103
0.311117 103
0.440215 103
0.661499 103
0.287423 103
0.307996 103
0.936706 103
0.771772 103
0.939910 103
0.407670 103
0.706899 103
0.506045 103
0.286987 103
0.927486 103
0.294043 103
0.634122 103
1.007490 103
0.289662 103
0.492028 103
0.750419 103
0.367892 103
0.934154 103
0.450834 103
0.965239 103
0.603902 103
0.341812 103
0.515655 103
0.414773 103
0.392449 103
0.320214 103
0.931586 103
0.372643 103
0.287915 103
0.386960 103
0.762933 103
0.323509 103
0.415488 103
0.637530 103
0.931909 103
0.488442 103
0.472591 103
0.341258 103
0.528362 103
0.404005 103
0.529663 103
0.367992 103
1.064288 103
0.337794 103
0.303925 103
1.129519 103
0.410209 103
0.312242 103
0.439858 103
0.663674 103
1.191330 103
0.337989 103
1.088394 103
0.624637 103
0.403505 103
0.825388 103
0.390169 103
1.176515 103
0.331517 103
0.634432 103
0.993905 103
0.303125 103
0.949532 103
0.294264 103
0.364906 103
0.873543 103
0.514132 103
0.964621 103
0.378133 103
0.289033 103
0.795974 103
0.411511 103
0.391411 103
0.948232 103
0.305472 103
0.352799 103
0.299072 103
0.291250 103
0.387218 103
0.482899 103
0.321899 103
0.932478 103
1.053697 103
0.450297 103
0.511613 103
0.339375 103
0.389449 103
0.542524 103
1.110049 103
0.850637 103
0.339269 103
0.381400 103
1.048996 103
0.411525 103
0.314415 103
0.439744 103
0.344198 103
0.317799 103
0.999091 103
0.529551 103
0.433135 103
0.657524 103
0.739633 103
0.290328 103
0.822901 103
0.388868 103
0.446566 103
0.730239 103
0.333430 103
0.357717 103
0.297227 103
0.974493 103
0.493625 103
0.755600 103
0.292743 103
0.366652 103
0.837107 103
1.143202 103
0.373669 103
0.376327 103
0.286759 103
0.290249 103
0.509679 103
0.411621 103
0.390490 103
0.855549 103
0.398143 103
0.352727 103
0.812440 103
0.366773 103
0.535669 103
1.002591 103
1.051168 103
0.448684 103
0.506958 103
0.347113 103
0.388084 103
0.506314 103
1.144981 103
0.463353 103
0.386701 103
0.339857 103
0.385256 103
0.451512 103
0.594527 103
0.412875 103
0.311630 103
0.441200 103
0.347530 103
0.314351 103
0.444509 103
0.555161 103
0.405151 103
0.289721 103
0.297165 103
0.527376 103
0.842999 103
0.718782 103
0.389802 103
0.394461 103
0.439469 103
0.736388 103
0.286749 103
0.400341 103
0.296787 103
0.974598 103
0.497075 103
0.623577 103
0.326905 103
0.325835 103
0.870179 103
0.292269 103
0.951438 103
0.372516 103
0.384021 103
0.295232 103
0.865770 103
0.333449 103
0.389908 103
0.935956 103
0.288888 103
1.118990 103
0.441695 103
0.535971 103
0.815648 103
0.292563 103
0.946383 103
0.447356 103
0.509326 103
0.346116 103
0.388172 103
0.929923 103
0.695547 103
0.491375 103
0.382967 103
0.343664 103
0.382872 103
0.451499 103
0.595322 103
0.411342 103
0.312647 103
0.440746 103
0.348549 103
0.314540 103
0.441830 103
0.555740 103
0.555936 103
0.407743 103
0.955807 103
0.445812 103
0.716429 103
0.388455 103
0.394222 103
1.013756 103
0.294126 103
0.556822 103
0.732580 103
0.541244 103
0.496131 103
0.457755 103
0.292960 103
0.293234 103
0.368590 103
0.731537 103
0.288040 103
0.951819 103
0.377839 103
0.384591 103
0.293710 103
0.379898 103
0.488308 103
0.333203 103
0.389967 103
0.935895 103
0.296403 103
1.110697 103
0.439657 103
0.538531 103
0.812737 103
0.359102 103
0.882176 103
0.446268 103
0.512326 103
0.344255 103
0.387227 103
0.931131 103
0.293824 103
0.400987 103
0.493961 103
0.289445 103
0.434563 103
0.381050 103
0.452055 103
0.595794 103
0.411343 103
0.310660 103
0.440562 103
0.540620 103
0.373487 103
0.750664 103
0.396234 103
1.083512 103
0.438608 103
0.445167 103
0.720068 103
0.376491 103
0.961522 103
0.451476 103
0.297338 103
0.437609 103
0.851979 103
0.523815 103
0.511112 103
0.460007 103
0.290755 103
0.295368 103
0.366322 103
0.735160 103
0.760292 103
0.479650 103
0.736925 103
0.309034 103
0.391798 103
0.487480 103
0.332037 103
0.387415 103
0.941625 103
0.291484 103
1.107840 103
1.113690 103
0.679816 103
0.360707 103
0.983110 103
0.344354 103
0.515965 103
0.341560 103
0.635952 103
0.683577 103
0.293030 103
0.400411 103
0.494404 103
0.286716 103
0.436265 103
0.382923 103
0.449524 103
0.595372 103
0.414178 103
0.311923 103
0.440188 103
0.540869 103
0.410895 103
0.710978 103
0.398792 103
0.672936 103
0.409469 103
0.436903 103
0.445027 103
0.723201 103
0.524212 103
0.813080 103
0.451372 103
0.295786 103
0.439503 103
0.848662 103
0.527907 103
0.507143 103
0.661792 103
0.286980 103
0.330534 103
0.573417 103
0.298447 103
0.757418 103
0.480727 103
0.738893 103
0.304721 103
0.393230 103
0.488237 103
0.331569 103
0.388740 103
0.680908 103
0.367881 103
0.937453 103
0.353778 103
1.109990 103
1.013155 103
0.618259 103
0.394366 103
0.342181 103
0.296097 103
0.564075 103
0.409454 103
0.291310 103
0.619190 103
0.291439 103
0.399869 103
0.491429 103
0.295099 103
0.432840 103
0.382377 103
0.928581 103
0.532096 103
0.285912 103
1.089852 103
0.328597 103
0.708950 103
0.399217 103
0.675720 103
0.407046 103
0.439225 103
0.441106 103
0.632014 103
0.616711 103
0.808986 103
0.457810 103
0.295651 103
0.722598 103
0.565339 103
0.527502 103
0.506555 103
0.291781 103
0.368207 103
0.309220 103
0.309979 103
0.411114 103
0.460758 103
0.758261 103
0.598876 103
0.619508 103
0.717246 103
0.471701 103
0.329853 103
0.384825 103
0.594578 103
1.022978 103
0.369921 103
0.354192 103
0.727901 103
0.386089 103
0.577846 103
0.434533 103
0.618485 103
0.390008 103
0.344058 103
0.295011 103
0.565187 103
0.411962 103
0.287652 103
0.618679 103
0.294594 103
0.385422 103
1.064410 103
0.337853 103
0.922956 103
0.332663 103
0.418201 103
0.339757 103
1.035402 103
0.329462 103
0.706517 103
0.381940 103
1.068121 103
0.472953 103
0.440999 103
0.630517 103
0.619279 103
0.695010 103
1.038110 103
0.553423 103
0.404170 103
0.685721 103
0.506025 103
0.292219 103
0.369305 103
0.743699 103
0.294294 103
1.083404 103
0.390878 103
0.336402 103
0.616827 103
0.719611 103
0.469414 103
0.308391 103
0.409682 103
0.595991 103
0.805632 103
0.292962 103
0.288141 103
0.356853 103
0.330835 103
0.395605 103
0.384972 103
0.581567 103
0.342479 103
0.707100 103
0.391000 103
0.343971 103
0.294844 103
0.375819 103
0.603786 103
0.498442 103
0.407421 103
0.292604 103
0.352112 103
0.978926 103
0.289342 103
0.380755 103
0.709433 103
0.331752 103
0.422514 103
0.337645 103
1.035129 103
0.327608 103
0.708611 103
0.381093 103
1.065402 103
1.154044 103
0.393399 103
0.622493 103
0.602189 103
1.126444 103
0.328141 103
0.630142 103
0.686546 103
0.326905 103
1.186657 103
0.401179 103
0.288382 103
1.088823 103
0.390279 103
0.335656 103
0.877124 103
0.460151 103
0.466373 103
0.308795 103
0.411221 103
0.594691 103
0.805514 103
0.299955 103
0.638099 103
0.330347 103
0.397212 103
0.383748 103
0.583193 103
0.344655 103
0.643393 103
0.450540 103
0.343334 103
0.295295 103
0.378263 103
0.791571 103
0.312066 103
0.406638 103
0.289960 103
0.306358 103
1.024575 103
0.290036 103
0.383190 103
0.708486 103
0.502986 103
0.296290 103
0.288248 103
0.286140 103
0.291555 103
0.296264 103
0.283811 103
0.116113 104
6.476248 119
0.009412 68
0.610776 36
0.175810 25
0.001143 619
5.398472 1
0.350039 2
0.003595 23
0.003619 42
0.351600 103
0.148902 320
0.011768 66
0.001030 322
3.248554 1
0.353719 2
0.023235 27
0.105796 26
0.085726 49
0.142161 101
0.015606 202
0.013024 202
0.011446 202
0.016231 101
0.010809 303
0.021148 909
0.014487 303
0.011166 202
0.012539 101
0.015792 104
0.600304 104
0.329314 104
0.010459 104
0.211436 128
0.093157 31
34.552716 1
0.140418 1
0.085551 1
0.171991 1
0.096190 1
0.099065 1
0.827816 1
0.238974 1
0.074728 1
0.106897 1
0.095675 1
0.324739 4
0.042139 1
0.177365 1
0.080214 1
0.216604 1
0.080229 1
0.102271 1
0.205041 1
0.212623 1
0.289629 1
0.336057 4
0.259706 1
0.085990 1
0.225333 1
0.186449 1
0.385061 4
0.140739 4
0.097452 1
0.380312 4
0.127097 4
0.605863 1
0.237248 1
0.300822 1
0.155383 1
0.157955 1
0.177355 1
0.106875 1
9.228951 1
0.090476 1
0.199341 1
0.270179 1
0.262788 1
0.156636 1
0.591587 2
0.115488 260
0.348474 31
5.042526 1
0.221739 1
0.053605 1
0.183096 1
0.053402 1
0.144120 1
0.160368 1
0.222745 1
0.101451 1
0.101502 1
0.183616 1
0.149893 1
0.142603 1
0.063936 1
0.128179 1
0.107060 1
0.122755 1
0.244842 1
0.170874 1
0.294341 1
0.193597 1
0.145670 1
0.179387 1
0.112120 1
0.192120 1
0.366279 1
0.202820 2
0.042049 436
0.006711 367
15.109545 105
4.897652 5
0.985898 3
0.500233 3
0.030968 3
0.029293 3
0.029279 3
0.030388 3
0.030138 3
0.030128 3
0.030029 3
0.029762 3
0.030694 3
0.029251 3
0.030245 3
0.218273 3
0.161290 3
0.147666 3
0.226631 3
0.433252 1
0.680063 167
0.382296 167
29.016706 36
5.597199 1
0.117785 1
0.087601 1
0.164331 1
0.085444 1
0.128359 1
0.095399 1
0.226531 1
0.125524 1
0.140787 1
0.429653 1
0.168196 1
0.150033 1
0.171585 1
0.260186 1
0.194291 1
0.214203 1
0.138269 1
0.186103 1
0.178769 1
0.288298 4
0.128985 4
0.069798 1
0.080124 1
0.155914 1
0.053179 1
0.091095 1
0.250169 2
0.144911 31
2.425176 1
0.175616 1
0.058383 1
0.190343 1
0.080967 1
0.183337 1
0.144241 1
0.277060 1
0.129395 1
0.305761 1
0.982309 1
0.248374 1
0.179979 1
0.226596 1
0.120109 1
0.161123 1
0.181752 1
0.063763 1
0.254315 1
0.156119 1
0.090800 1
0.209793 1
0.128975 1
0.256398 1
0.243722 1
0.424944 1
0.281570 1
0.257673 1
0.374563 1
0.153586 1
0.107056 1
0.215241 1
0.145275 1
0.080024 1
0.197855 2
0.035088 31
69.266032 1
0.193054 1
0.201642 1
0.176757 1
0.085555 1
0.128402 1
1.331201 1
0.138870 1
0.203867 1
0.224512 1
0.139871 1
0.128321 1
0.767903 1
0.226142 1
0.200212 1
0.090958 1
0.274785 2
0.021984 160
62.712831 1
0.074453 1
0.112219 1
0.380864 1
0.396571 1
0.188531 1
0.058506 1
0.309313 2
0.229620 36
3.820699 7
0.134942 23
0.539483 2
0.027142 426
19.499170 1
1.352010 4
107.862468 1
0.206374 1
0.096414 1
0.124016 1
0.258348 1
0.085734 1
0.224705 2
0.030937 37
0.346115 1
0.185468 1
0.165812 1
0.096380 1
0.253943 10
0.005154 49
0.323873 16
0.888651 4
0.409654 1
0.505112 11
1.953616 53
0.038544 45
0.537722 1
0.063779 1
0.781058 1
0.318387 1
2.332984 1
0.127983 1
0.333495 1
0.191586 1
0.188188 1
0.332172 1
0.152153 1
0.114291 1
0.102761 1
0.215735 1
0.484025 1
0.466367 1
0.231784 1
0.180407 1
0.092035 1
0.100338 1
0.217607 60
5.260429 1
0.106793 1
0.508279 4
0.196715 1
0.227297 1
0.094837 1
0.096347 1
0.125380 1
0.443131 1
0.080216 1
0.074919 1
0.112082 1
0.090804 1
0.335625 1
0.258426 1
0.074997 1
0.201928 4
0.151381 4
0.120845 4
0.121789 1
0.408845 1
0.083652 1
0.176909 1
0.063682 1
8.351382 2
0.006675 58
4.524852 1
0.190954 1
0.903218 4
0.138910 4
1.069905 1
0.205566 1
0.091432 1
0.090709 1
0.210982 10
0.006993 49
0.279984 16
0.180284 2
0.646993 11
2.001223 53
0.044946 19
0.000300 26
1.860444 1
0.085459 1
0.107122 1
0.498266 1
0.304458 1
0.181111 1
0.069566 1
0.207161 1
0.521401 1
0.500309 4
0.204728 1
0.233800 1
0.211962 1
0.171999 1
0.117534 1
0.133583 1
1.176497 2
0.005759 52
0.463314 1
0.101714 1
0.222449 2
0.009274 64
7.409709 1
0.150362 1
0.221995 1
0.044647 1
0.125871 1
0.134651 1
0.258143 1
0.122389 1
0.177298 1
0.063519 1
0.138888 1
0.100965 1
0.260540 1
0.196343 1
0.069250 1
0.227171 1
0.021575 1
4.210266 2
0.014716 52
3.493434 1
0.234415 1
0.063859 1
0.162597 1
0.230370 10
0.005062 8
0.000045 41
0.661792 16
0.178116 2
1.729639 11
1.955493 53
0.037749 45
0.800175 4
0.446265 20
0.790528 36
1.024799 60
0.735919 1
0.074526 1
0.205296 2
0.006911 83
60.828553 1
0.278708 1
0.154892 1
0.210600 1
0.432424 10
0.005225 49
0.747128 16
0.808696 2
0.385592 11
1.918809 53
0.036510 45
0.892655 1
0.106412 1
0.196940 1
0.101523 1
0.159404 1
0.074891 1
0.198381 2
0.270980 149
0.011571 10
7.344742 2
1.533377 72
0.002810 43
0.006066 59
0.003146 37
4.247661 1
0.117493 1
0.040176 1
0.168979 1
0.106959 1
0.166542 1
0.221156 1
0.391997 2
0.113651 39
1.550002 1
0.139781 1
0.187453 1
0.086158 1
0.129354 1
0.074550 1
0.150486 2
0.101169 49
0.002365 49
30.349155 16
0.714351 11
2.041887 53
0.045886 45
11.096818 1
0.095382 1
0.127406 1
0.352520 1
0.304348 1
0.209518 1
0.258994 1
0.126315 1
0.683088 1
0.221663 1
0.192209 1
0.161467 1
0.069443 1
0.112233 1
0.287560 2
0.202629 52
0.622624 1
0.064039 1
0.228025 2
0.012976 77
37.724551 1
0.200322 1
0.163363 1
0.105934 1
0.414841 10
0.007993 49
0.871509 16
0.749907 4
0.134063 1
0.603173 11
1.939189 53
0.037340 45
1.122350 1
0.043457 1
0.353285 4
0.152139 4
0.140332 1
0.193910 1
0.086053 1
0.117668 1
0.117732 1
0.154256 1
0.298849 1
0.308733 2
0.118750 39
0.397406 1
0.055799 1
0.422233 1
0.423305 1
0.142806 1
0.069402 1
0.205551 2
0.113012 49
0.003321 49
19.390982 16
1.101212 11
2.011460 53
0.043898 45
0.334867 1
0.096699 1
0.112000 1
0.215921 1
0.231672 1
0.202432 1
1.206635 1
0.189295 1
0.154828 1
0.236092 1
0.339624 1
0.487211 1
0.226949 1
0.098198 1
0.117196 1
0.095597 1
0.201172 1
0.835188 1
0.112529 1
0.170956 1
0.129907 1
0.052969 1
0.085940 1
0.188498 2
0.010081 161
5.838722 1
0.392997 1
0.115157 1
0.200943 1
0.069226 1
0.153560 1
0.407464 1
0.669174 1
0.153958 1
0.429434 1
0.188326 1
0.167879 1
0.133168 1
0.112331 1
0.111900 1
0.217026 1
0.145829 1
0.463717 1
0.069213 1
0.129152 1
1.302030 2
0.052767 786
34.796750 1
0.353819 1
0.085493 1
0.188175 1
0.069377 1
0.144060 1
0.170923 1
0.242171 1
0.091178 1
0.116986 1
0.257878 1
0.173379 1
0.156443 1
0.216995 1
0.138319 1
0.163019 1
0.126263 1
0.313496 1
0.201066 1
0.308107 4
0.140067 1
0.069421 1
0.249697 1
0.315377 1
0.150438 1
0.128369 1
0.167020 1
0.101166 1
0.217852 2
0.026301 474
4.924309 1
0.273074 1
0.123150 1
0.173525 1
0.074796 1
0.128259 1
0.216467 1
0.145153 1
0.363667 1
0.114797 1
1.158751 1
1.580990 2
0.009666 129
64.672628 1
0.133307 1
0.074824 1
0.165451 1
0.142494 1
0.107156 1
0.251852 1
0.383452 2
0.121543 39
4.548369 1
0.236320 1
0.193385 1
0.225612 1
0.128481 1
0.183386 1
0.314530 1
0.165573 1
0.305430 1
0.095984 1
0.194021 1
0.405139 2
0.006787 140
16.323261 1
1.075434 1
0.318228 1
0.195613 1
0.188270 1
0.231953 1
0.212868 1
0.701647 4
0.193540 1
0.198902 1
0.074781 1
0.171469 1
1.048478 1
0.005018 1
0.524182 4
0.140289 1
0.079896 1
0.669376 1
0.116907 1
0.139582 1
1.133754 1
0.193377 1
0.318106 1
0.125667 1
0.342843 1
0.665414 1
0.248484 1
0.337742 1
0.154806 1
0.418438 1
0.299442 2
0.026917 93
13.947880 1
0.399628 1
0.037976 1
0.201272 1
0.172327 47
1.979348 1
0.546764 1
0.284939 1
0.086136 1
0.286168 10
0.007184 49
0.548525 16
1.351957 4
0.356137 1
11.927259 11
2.010547 53
0.034825 45
3.476836 1
0.362433 1
0.053580 1
0.158278 1
0.117889 1
0.144282 1
0.226709 1
0.450787 2
0.124997 39
7.368375 1
0.133430 1
0.312863 1
0.275325 4
0.107440 1
0.085040 1
0.167005 1
0.048104 1
0.239563 2
0.110565 49
0.002669 49
1.763600 16
3.687307 11
9.003514 53
0.043138 19
0.000285 26
0.760526 1
0.118006 1
0.281828 1
0.181504 1
0.197030 1
0.239610 1
0.238976 1
0.188578 1
0.058591 1
0.128404 1
0.138852 1
0.227825 1
0.117356 1
0.788121 1
0.106672 1
0.214172 1
0.413079 1
0.194055 1
0.251161 1
0.138600 1
1.802901 1
0.376584 1
0.478086 4
0.104093 1
0.189667 1
0.467413 1
0.125231 1
0.133862 1
0.360262 2
0.026367 73
36.653093 1
0.052100 1
0.247877 4
0.149512 4
0.090238 1
0.085844 1
0.085441 1
0.123261 1
0.193331 1
0.827403 1
1.098383 1
0.284015 1
0.170938 1
0.106672 1
0.287719 1
0.305750 4
0.174393 1
0.413299 1
0.217825 1
0.179018 1
0.169067 1
0.142437 1
0.112156 1
0.259712 2
0.229713 161
10.460137 1
0.143824 1
0.067049 1
0.909238 1
0.704633 1
0.592510 4
0.199901 1
0.206740 1
0.091312 1
0.183358 1
0.403783 1
0.298786 1
0.226104 1
0.356501 4
0.484739 54
1.486858 1
0.128348 1
0.232935 1
0.091014 1
0.101620 1
0.163436 1
0.317528 1
0.196890 1
0.203748 1
0.085721 1
0.174449 1
0.572747 4
0.143413 1
0.391756 1
0.271263 1
0.102410 1
0.084681 1
0.091183 1
0.053687 1
2.628133 2
0.011527 52
8.185160 1
0.770491 4
22.859879 1
0.079451 1
0.128380 1
0.132427 1
0.188460 1
3.534136 4
0.500598 4
0.029735 4
0.032269 4
0.028166 4
0.029165 1
0.028557 1
6.352772 1
0.206112 1
0.406064 4
0.152965 4
0.308548 1
0.208372 1
0.106575 1
0.095574 1
0.224636 10
0.006437 49
0.604535 16
1.189800 2
0.893886 11
1.953913 53
0.035350 45
5.380833 1
0.144301 1
0.246799 1
0.090693 1
0.321585 1
0.691484 1
0.922252 1
0.122673 1
0.128337 1
0.225336 1
0.133660 1
1.275327 1
0.181306 1
0.080056 1
0.107017 1
0.106901 1
0.192448 1
0.298775 1
0.221390 1
0.198679 1
0.167151 1
0.053015 1
0.136800 1
0.208295 2
0.009998 219
82.726477 1
0.101058 1
0.091099 1
0.303712 1
0.243476 1
0.162275 1
0.265042 1
0.074479 1
0.253528 1
0.268661 1
0.080522 1
0.120262 1
0.086105 1
0.198182 1
0.349166 1
0.228396 6
0.766782 60
0.591007 1
0.096259 1
0.241628 1
0.080273 1
0.216929 1
0.237617 2
0.008603 240
102.846753 5
0.228856 26
0.818554 44
1.592025 62
0.541583 1
0.240463 1
0.053306 1
0.128737 1
0.127925 1
0.116741 1
0.194205 1
0.283367 2
0.017084 27
0.002586 531
1.745951 7
0.411545 4
0.481792 1
0.434670 2
0.114330 39
1.999251 1
0.074744 1
0.241500 1
0.059060 1
0.114773 1
0.119980 1
0.578243 4
0.500374 4
0.031477 4
0.030680 4
0.027590 4
0.029649 4
0.030338 1
0.028637 1
0.029689 1
0.841963 1
0.104071 1
0.117342 1
2.888356 1
1.994848 1
0.208092 1
0.294567 1
2.453474 1
0.728597 1
0.269848 1
0.130908 1
0.122860 1
0.090862 1
56.582602 20
0.380032 30
0.542592 62
0.476405 21
0.375636 12
0.354048 17
0.271656 4
0.500495 4
0.030392 4
0.030907 4
0.028776 4
0.029738 4
0.029654 4
0.030107 4
0.030071 4
0.030373 4
0.030393 4
0.030944 1
0.027182 1
0.030479 1
0.032093 1
0.028936 1
0.289853 1
0.065904 1
0.105453 1
0.124724 1
0.176415 1
0.077068 1
0.878751 1
0.216183 1
0.096634 1
0.208905 1
0.115967 1
0.310150 1
0.210983 1
0.241779 1
0.353101 1
0.652868 1
0.238894 1
1.450791 1
0.212616 1
0.158578 1
0.600009 8
0.398013 9
0.177381 9
0.139069 5
0.179077 5
0.075126 5
0.068983 5
0.107012 5
0.711883 9
0.143003 9
0.145057 9
0.135648 9
0.256442 5
0.116765 5
0.064559 5
0.508318 5
0.599761 3
0.403305 3
0.150703 3
0.273216 1
1.147005 3
0.159930 4
0.165427 4
0.532477 1
0.188307 1
0.155894 1
0.270913 4
0.513798 2
0.009887 213
2.129622 1
1.199105 4
0.252593 1
0.155219 1
0.075357 1
0.083496 1
0.198527 1
0.080206 1
0.210551 60
3.485428 7
0.263448 2
0.316767 16
0.336291 26
2.414541 60
0.682421 1
0.101528 1
0.106785 1
0.183911 1
0.225948 1
0.306411 2
0.007578 240
31.525405 1
0.230003 1
0.068872 1
0.161841 1
0.204020 10
0.005757 49
1.812362 1
0.199323 1
0.426477 1
0.383125 1
0.205005 1
0.471365 10
1.315601 11
0.024810 80
0.000329 51
0.000049 10
0.003180 83
0.001107 1981
0.000025 2626
0.028306 115
0.000071 156
0.001394 2002
0.000012 2047
0.000069 603
1.102697 21
0.000066 83
16.070452 1378
2.069180 31
1.853745 27
0.287445 27
0.172930 27
5.705664 38
0.100417 16
0.000850 32
0.644547 46
0.290140 1
0.429422 1
0.380744 1
0.002012 34
0.000044 69
0.002116 8
0.000030 41
0.746588 1
0.366599 1
0.090848 11
0.009389 87
0.007545 32
0.000907 78
0.000151 34
0.000136 51
0.001183 51
0.003712 3789
0.000466 51
0.000434 51
0.000541 3872
0.000010 41
1.014122 196
0.500679 192
0.318708 168
1.430426 327
0.003170 8
0.000085 54
0.000018 13
0.000383 58
0.000075 40
0.000358 3
0.000009 124
0.000032 6
0.000009 27
0.000007 87
0.000020 114
0.000022 167
0.000161 5
0.000013 59
0.000018 49
0.000009 32
0.000011 39
0.000007 44
0.000036 37
0.000011 10
0.000056 212
0.000009 151
1.647592 6
0.000085 12
0.000031 4
0.271783 18
0.000043 4
0.322697 6
0.000123 26
0.000028 12
0.000029 5
0.000063 53
0.500652 6
0.000050 12
0.000039 48
0.034767 6
0.000083 12
0.000066 55
0.029308 6
0.000138 12
0.000083 60
0.026533 54
0.029609 6
0.000086 12
0.000066 33
0.029072 6
0.000158 12
0.000060 26
0.030277 6
0.000161 12
0.000090 56
0.029022 6
0.000201 12
0.000036 106
0.029352 6
0.000202 12
0.000036 48
0.029865 6
0.000178 12
0.000204 26
0.030118 6
0.000474 68
0.029956 6
0.000262 12
0.000036 106
0.028219 6
0.000210 12
0.000081 48
0.031230 6
0.000108 12
0.000082 26
0.028284 6
0.000033 12
0.000119 25
0.986170 6
0.000060 7
0.000064 25
0.000601 17
0.000308 12
0.000044 7
0.000035 14
0.000055 23
0.000172 83
1.366756 6
0.001537 70
0.000014 39
0.000076 221
0.000021 32
0.000021 61
0.000009 40
0.000054 203
15.840287 6
0.000111 12
0.000065 6
11.856160 6
0.000144 6
0.000080 165
0.000105 49
1.797369 6
0.000143 36
0.000035 70
0.000073 65
0.000059 104
0.000141 90
1.578708 6
0.000407 13
0.000079 32
0.006801 70
0.000421 9
0.000232 52
0.000839 32
0.000343 51
0.001264 4095
0.000018 1
0.000176 3506
0.001043 29
2.959230 275
0.000925 50
0.000079 8
0.000540 2
0.001876 49
1.047234 1
0.138412 1
0.181449 1
0.085910 1
0.245576 1
0.253708 11
0.615977 11
0.001544 658
0.000380 8
0.000013 41
7.341525 1
0.074631 1
0.220076 1
0.045374 1
0.144656 1
1.034150 1
0.243204 1
0.069842 1
0.167920 1
0.205978 1
0.610361 1
0.462167 1
0.295341 4
0.070221 1
0.079252 1
0.188646 1
0.048667 1
0.225363 1
0.069240 1
0.202248 1
0.211039 1
0.158986 1
0.282073 11
0.003246 8
0.000011 41
2.874374 1
0.074894 1
0.695518 11
0.009929 87
0.007627 32
0.000691 78
0.000100 34
0.000092 51
0.001047 51
0.003739 3822
0.000468 51
0.000422 51
0.000522 3905
0.000019 41
1.763933 202
0.758834 327
0.004106 8
0.000066 54
0.000038 13
0.000493 58
0.000085 39
0.000757 127
0.000060 33
0.000014 87
0.000034 114
0.000026 167
0.000074 17
12.513627 6
0.001025 40
0.001184 5
0.000105 528
0.000061 313
0.000025 68
20.864709 6
0.000184 6
0.000030 117
0.000025 21
0.000116 76
1.193094 6
0.000104 36
0.000019 70
0.000041 65
0.000019 104
0.000081 93
1.300743 6
0.000453 45
0.006996 29
0.000230 41
0.000066 1
0.000099 60
0.000780 32
0.000385 51
0.001294 4095
0.000014 1
0.000209 3542
0.001012 30
3.014789 275
0.001157 58
0.000552 2
0.002216 49
0.889561 2
0.735691 22
1.526258 1
0.360795 1
0.500581 1
0.029738 1
0.031367 1
0.029082 1
0.029501 1
0.030368 1
0.030372 1
0.227747 1
0.192323 25
0.160151 21
0.353589 11
0.002083 8
0.000016 41
1.289192 1
0.106648 1
0.299046 11
0.010939 87
0.007655 32
0.000926 78
0.000155 34
0.000133 51
0.001157 51
0.003901 3855
0.000474 51
0.000430 51
0.000597 3938
0.000087 41
5.870027 202
0.731302 327
0.003998 8
0.000149 54
0.000041 13
0.000469 58
0.000104 39
0.000512 127
0.000082 120
0.000006 114
0.000022 167
0.000098 17
5.137777 6
0.000667 23
0.000022 17
0.000722 34
0.000017 70
0.000012 51
0.000026 42
0.000040 252
0.000009 12
10.740730 6
0.000094 6
0.000017 138
0.000031 53
0.000031 23
1.180171 79
0.000046 178
0.000053 24
0.000063 93
0.770964 6
0.000388 13
0.000072 32
0.006634 7
0.000147 63
0.000857 61
0.001263 32
0.000397 51
0.001392 4095
0.000017 1
0.000336 3608
0.001719 36
3.261976 275
0.001015 58
0.000419 2
0.002126 49
1.386301 2
0.645304 22
0.627508 1
0.500352 1
0.029921 1
0.031078 1
0.029320 1
0.029470 1
0.030084 1
0.030399 1
0.030370 1
0.028819 1
0.032643 1
0.028109 1
0.030323 1
0.029031 1
0.030344 1
0.727396 35
0.169881 35
0.159233 35
0.155956 35
0.162114 35
0.271258 31
0.085583 31
0.225356 31
0.848450 2
0.000034 9
0.002298 283
0.000328 8
0.000012 41
0.689201 18
0.416137 1
0.500202 1
0.030405 1
0.030888 1
0.028890 1
0.029701 1
0.030379 1
0.029722 1
0.029669 1
0.204558 1
0.327099 25
0.130940 21
0.595548 2
0.000075 9
0.002198 433
0.000290 49
69.251773 1
0.202265 1
0.156586 1
0.233452 1
0.047717 1
0.170659 1
0.159989 1
0.274102 1
0.175612 1
0.218398 1
0.112214 1
0.173394 1
0.182616 1
0.061341 1
0.264553 1
0.124034 1
0.139996 1
0.180585 1
0.297494 11
2.708388 45
1.141492 58
1.144019 45
1.162299 58
0.365228 49
1.783884 1
0.218372 1
0.085688 1
0.427347 4
0.096069 1
0.196444 1
0.085069 1
0.150787 1
0.064014 1
0.112056 1
0.186066 1
0.244595 1
0.474755 4
0.188557 1
0.285386 11
1.110672 66
0.000505 66
0.216285 52
1.992250 12
0.000125 21
0.905721 12
0.000103 21
0.805744 12
0.000098 21
1.610632 12
0.000104 21
2.744975 12
0.091308 62
0.137462 81
0.394524 459
0.661302 74
0.405502 69
0.063397 74
0.000282 34
0.000179 37
0.061271 39
0.085000 57
0.319991 59
0.104459 33
0.280442 79
0.259749 47
0.000134 41
0.000123 48
15.975625 165
1.418058 78
0.691133 75
0.721295 85
0.941208 45
0.069391 57
0.118887 461
0.000685 39
1.855171 66
3.993511 75
2.563270 49
0.734263 71
0.308857 52
0.048495 50
7.437331 42
0.000490 44
0.000242 45
89.355755 45
0.008165 52
0.000138 85
0.009565 89
0.580993 57
0.146906 23
0.000139 44
0.001246 23
0.000156 103
0.000170 102
0.000144 103
0.000219 32
0.000078 102
0.000552 23
0.000062 42
0.000168 103
0.000124 41
0.000137 23
0.000141 49
0.000142 44
0.000568 63
0.511121 92
0.001452 166
0.019409 87
0.013685 52
0.000603 105
0.000556 86
0.000369 92
0.001336 74
0.025395 48
0.136123 47
0.071000 49
0.000067 42
0.599670 102
0.216320 102
0.008411 102
0.167954 102
0.000265 23
0.000059 31
0.000613 60
0.000133 23
0.000178 32
0.075653 151
0.000128 151
1.194046 30
0.514764 30
0.008739 153
0.516505 52
2.002263 12
0.000071 21
0.805198 12
0.000161 21
0.804851 12
0.000118 21
1.308323 12
0.000123 21
2.761907 12
0.080225 62
0.158840 81
0.598885 74
0.434138 74
0.079483 69
0.059205 74
0.000253 34
0.003952 37
0.051412 39
0.095832 57
0.209399 59
0.145308 33
0.266038 79
0.205882 47
0.000147 41
0.000180 48
15.895016 165
1.464209 78
0.696945 75
0.697125 85
1.050292 45
0.101655 57
0.172833 461
0.000660 39
1.975004 66
3.891828 75
2.477848 49
0.654268 71
0.311347 52
0.043452 50
2.098128 42
0.000343 44
0.000800 45
21.685710 45
0.000197 52
0.000201 85
0.009581 89
0.570443 57
0.125023 23
0.000216 44
0.000173 23
0.000228 103
0.000223 102
0.000272 103
0.000168 32
0.000153 102
0.000120 23
0.000137 42
0.000131 103
0.000140 41
0.000125 23
0.000125 49
0.000116 44
0.000707 63
0.348600 92
0.000921 166
0.030772 87
0.032963 52
0.000288 105
0.000394 86
0.000090 92
0.000223 74
0.019916 48
0.110563 47
0.065085 49
0.000230 42
0.601915 102
0.221717 102
0.016400 102
0.167962 102
0.000223 23
0.000267 91
0.000161 23
0.000125 32
0.089604 151
0.000229 151
0.360854 82
0.000177 117
0.000159 94
0.000167 50
0.000158 50
0.000135 65
0.000177 102
0.000492 72
0.000151 23
0.000152 103
0.000147 100
0.173074 49
6.341520 1
0.189209 1
0.133804 1
0.194168 1
0.069935 1
0.144329 1
0.133746 1
0.085204 1
0.217473 1
0.141935 1
0.085464 1
1.429889 1
0.604759 1
0.095991 1
0.237168 1
0.355298 1
23.898073 11
2.001796 19
0.002918 26
3.787347 1
0.052234 1
0.112919 1
0.133690 1
0.207376 1
0.150274 1
0.279084 4
0.141305 1
1.146775 1
9.655056 1
0.154337 1
0.223013 1
0.583443 1
0.111207 1
0.246265 1
0.069175 1
0.128586 1
0.058192 1
0.203498 1
1.212800 1
0.302390 1
0.300230 1
0.199167 1
0.309144 4
0.153202 4
0.111333 1
0.205164 1
0.080187 1
0.112310 1
0.210593 2
0.008886 46
26.598589 23
0.574260 55
0.653267 4
0.188284 4
0.169577 4
0.173677 4
0.192853 40
0.712196 37
0.069296 37
0.168587 60
0.461565 1
0.123530 1
0.198586 1
0.213165 1
0.472819 4
0.128318 4
0.070105 1
0.230146 1
0.205862 1
0.425205 2
0.005940 67
15.418516 1
0.122385 1
0.085480 1
0.149466 1
0.178883 1
0.112226 1
0.275383 4
0.090619 1
0.232920 1
0.271372 2
0.120964 39
0.688497 1
0.220863 1
0.172041 1
0.080580 1
0.128537 1
0.112280 1
0.145931 1
0.681998 1
0.377724 1
0.253611 1
0.697545 2
0.002940 65
2.607319 10
1.660673 10
0.276536 9
0.230828 5
0.122817 9
0.222052 5
0.057858 5
0.155595 5
0.271180 5
0.209498 5
0.106946 5
0.117141 5
0.256358 2
0.039198 660
0.003786 170
26.345895 1
0.116317 1
0.223603 1
0.069494 1
0.117120 1
0.162096 1
2.262941 1
0.114787 1
0.047417 1
0.112750 1
0.112384 1
0.292578 1
0.222047 1
0.069178 1
0.276253 4
0.136984 4
0.142469 4
0.078914 1
0.554007 1
0.096191 1
0.206160 1
0.044830 1
3.916660 2
0.006848 31
3.800964 1
0.246929 1
0.095425 1
0.139557 1
0.753900 68
1.607292 1
0.182488 1
0.059945 1
0.119917 1
0.104757 10
0.006551 49
0.488030 16
0.802708 4
0.435746 1
0.169898 11
1.990859 19
0.000328 26
0.444879 1
0.036651 1
0.140157 1
0.855858 1
0.327523 1
0.237210 1
0.058076 1
0.267791 1
1.065053 1
0.237888 1
0.189480 1
0.163695 1
0.044146 1
0.121627 1
0.189437 2
0.256800 52
0.020875 1
0.180811 1
0.524867 1
0.177348 1
0.292342 4
0.138448 4
0.016554 1
0.107314 1
0.409844 1
0.392043 4
0.104483 1
0.226997 2
0.011515 61
13.496504 1
0.199097 1
0.085511 1
0.127390 1
0.173652 1
0.150418 1
0.224323 1
0.410231 2
0.117361 39
1.005575 1
0.059099 1
0.523243 1
0.063413 1
0.284430 4
0.146135 4
0.047812 1
0.107202 1
0.389162 1
0.206198 2
0.012054 159
4.095610 1
0.085614 1
0.101805 1
5.041868 1
0.263391 1
0.112411 1
0.487081 4
0.159417 4
0.148209 4
0.134763 1
0.311463 1
0.177165 1
0.081063 1
0.238763 1
0.349197 1
0.222341 1
0.217579 1
0.201823 1
0.101681 1
0.128280 1
1.092402 2
0.004540 46
1.895115 1
0.076851 1
0.099437 1
0.090598 1
0.183866 1
0.248312 2
0.007553 55
35.986834 1
0.203835 1
0.107014 1
0.148244 1
0.181639 62
2.267029 1
0.188752 1
0.111565 1
0.085666 1
0.186186 10
0.008305 49
0.559298 16
0.198603 2
0.735211 1
0.679773 3
2.232400 11
1.955695 53
0.035251 45
1.346343 1
0.080019 1
0.973144 4
0.204493 4
0.247641 1
0.069301 1
0.311425 1
0.144331 1
2.891609 1
0.117567 1
0.196625 1
0.134639 1
0.174688 1
0.232421 1
0.048047 1
0.101445 1
0.204049 1
0.790119 1
0.511588 7
0.229985 4
1.125821 60
0.792316 1
0.080483 1
0.208320 2
0.005847 58
1.678143 1
0.058975 1
0.200498 1
0.091095 1
0.187741 1
0.239399 2
0.006073 67
6.949899 1
0.085452 1
0.204046 1
0.026879 1
0.112903 1
0.118384 1
0.145138 1
0.147282 1
0.079900 1
0.137334 1
0.080507 1
0.727118 1
0.263955 1
0.090892 1
0.230540 1
0.058639 1
0.556060 2
0.004891 58
2.531050 1
0.128615 1
0.312696 1
0.080329 1
0.203870 1
0.267231 2
0.008816 124
6.684830 1
0.220084 1
0.112188 1
0.128629 1
13.191020 10
0.005308 49
1.609802 16
0.534831 2
0.405976 11
1.936836 53
0.036476 45
0.952371 1
0.085334 1
0.101647 1
0.728725 1
0.337766 1
0.189919 1
0.080214 1
0.204446 1
0.900772 1
0.198092 1
0.178455 1
0.151591 1
0.063885 1
0.109742 1
0.187061 2
0.005311 52
0.544757 1
0.179208 1
0.227058 1
0.296286 4
0.053880 1
0.101389 1
0.236316 1
0.307472 2
0.014773 118
11.011046 1
0.111695 1
0.199007 1
0.021420 1
0.053102 1
0.113108 1
0.342992 4
0.164697 4
0.144707 4
0.048349 1
0.138917 1
0.091698 1
0.317653 1
0.111987 1
0.207438 1
0.250548 1
0.162794 1
0.117483 1
0.389355 1
0.230821 1
0.080087 1
0.219911 1
0.048014 1
0.212296 2
0.014873 52
2.615717 1
0.058238 1
0.107271 1
0.163342 1
0.157279 1
0.205792 2
0.013137 176
6.838462 1
0.171539 1
0.286800 1
0.264688 4
0.059375 1
0.079676 1
0.185307 1
0.058052 1
0.815595 2
0.284353 149
0.010028 10
4.410032 2
1.648479 72
0.004203 43
0.018995 111
2.005972 1
0.667776 1
0.096165 1
0.128038 1
0.116765 1
0.164495 1
0.216896 1
0.334944 2
0.116138 39
1.347560 1
0.117164 1
0.172115 1
0.121668 1
0.146886 1
0.042182 1
0.143956 2
0.150368 49
0.002056 49
8.803179 16
5.036114 11
1.972474 53
0.045628 19
0.000306 26
0.595175 7
0.719838 17
0.583363 15
0.707894 22
0.788391 25
0.654725 19
0.728452 2
0.216900 52
0.505968 14
0.345109 25
0.506399 17
0.479421 15
0.511055 2
0.023835 176
5.597344 1
0.251682 1
0.137433 1
0.121678 1
0.194780 10
0.008510 49
1.392329 16
0.546648 1
1.002448 3
0.318356 4
0.140400 1
6.808371 11
1.947070 53
0.035550 45
1.589540 1
0.212157 1
0.016517 1
0.176470 1
0.112414 1
0.195986 1
0.221895 1
0.303745 2
0.116975 39
0.248295 1
0.107618 1
0.203808 1
0.101584 1
0.157102 1
0.058266 1
0.146468 2
0.157334 49
0.002001 49
11.371154 16
0.405933 11
2.201280 53
0.046894 19
0.000281 26
0.512876 1
0.085410 1
0.117416 1
0.158845 1
0.205663 1
0.136686 1
0.980876 1
0.189756 1
0.155248 1
0.257449 1
0.252229 1
0.675137 1
0.151483 1
0.106694 1
0.080086 1
0.096428 1
0.184813 1
0.378268 1
0.227550 1
0.179361 1
0.155994 1
0.044911 1
0.083803 1
0.180028 2
0.010302 161
2.843079 1
0.133452 1
0.112450 1
0.163285 1
0.090788 1
0.164313 1
0.134443 1
0.362401 4
0.173224 1
0.225882 4
0.048126 1
0.205333 1
0.069045 1
0.123517 1
0.411528 1
0.167199 1
0.141959 1
0.085322 1
0.111400 1
0.134650 1
0.085195 1
0.189572 1
0.128510 1
0.150993 1
0.736101 2
0.051187 786
2.493526 1
0.232545 1
0.053227 1
0.175756 1
0.085260 1
0.133061 1
0.195827 1
0.295532 4
0.053311 1
0.215711 1
0.063602 1
0.238301 1
0.203130 1
0.172648 1
0.152875 1
0.096145 1
0.128431 1
0.096123 1
0.080143 1
0.188004 1
0.188043 1
0.273408 4
0.121422 1
0.064097 1
0.214584 1
0.102004 1
0.401995 1
0.252781 4
0.048377 1
0.090738 1
0.172616 1
0.132549 1
0.394039 4
0.036446 1
1.774227 2
0.035944 469
2.358976 1
0.245214 1
0.140406 1
0.186084 1
0.106676 1
0.196151 1
1.788758 4
0.500624 4
0.030405 4
0.031550 4
0.028083 4
0.030797 4
0.027117 1
0.030586 1
0.031390 1
0.030510 1
0.028505 1
0.086591 1
0.152812 1
0.096019 1
0.145283 1
0.247084 1
0.268722 1
0.766929 1
0.759686 2
0.096677 39
0.495036 1
0.216849 1
0.232895 1
0.175340 1
0.091021 1
0.238501 1
0.239439 1
0.190745 1
0.263145 1
0.108989 1
0.211848 1
0.229680 2
0.002612 140
8.180390 1
0.133555 1
0.234341 1
0.107252 1
0.139063 1
0.201488 1
0.193423 1
0.199010 1
0.204272 1
0.477095 4
0.155941 4
0.137994 4
0.175395 1
0.167507 1
0.045066 1
0.171117 1
1.000916 1
0.422256 1
0.185829 1
0.338734 1
0.268073 1
0.518345 1
0.214756 1
0.479138 4
0.090362 1
0.145038 1
0.635294 1
0.143896 1
0.328747 1
1.269418 1
0.152237 1
0.692914 1
0.096605 1
0.460298 4
0.258359 4
0.145085 4
0.152951 4
0.550000 1
0.358766 1
0.337365 1
0.222002 1
0.251586 1
0.313304 2
0.009625 93
8.636348 1
0.839565 4
0.174506 1
0.185774 1
0.120864 1
0.280594 1
0.176969 1
0.079466 1
0.211568 39
0.968533 1
0.196573 1
0.096502 1
0.112299 1
0.162688 10
0.005603 49
0.891762 16
0.976807 4
0.128807 1
0.868420 2
0.000033 9
1.983277 53
0.034667 45
0.444668 1
0.096069 1
0.074673 1
0.175082 1
0.152104 1
0.605303 1
0.508225 4
0.074799 1
0.264528 1
0.377913 2
0.130760 39
1.572969 1
0.091066 1
0.180286 1
0.069249 1
0.151040 1
0.080059 1
0.176091 2
0.106886 49
0.002246 49
1.748678 16
8.103335 11
9.023107 53
0.048792 19
0.000347 26
1.754773 1
0.371435 1
0.164339 1
0.144538 1
0.146226 1
0.204257 1
0.222751 1
0.182183 1
0.120864 1
0.112372 1
0.397960 1
0.270887 1
0.134178 1
0.494693 1
0.128613 1
0.165336 1
0.243836 1
0.370094 4
0.101089 1
0.148523 1
0.516051 1
0.160868 1
0.277077 1
0.857386 1
0.240027 1
0.405571 1
0.226109 1
0.122881 1
1.918067 2
0.027803 73
2.272068 1
0.642485 1
0.546831 4
0.059573 1
0.450067 1
0.194135 1
0.117752 1
0.058577 1
0.896532 1
0.636705 4
0.651361 1
0.165325 1
0.179500 1
0.222190 1
0.069382 1
0.128685 1
0.937787 1
0.224731 1
0.885712 1
0.085327 1
0.357021 2
0.020711 166
14.767801 1
0.128297 1
0.074821 1
0.241288 1
0.468436 4
0.206305 1
0.374997 1
0.183542 1
0.428960 1
0.227134 1
0.483191 1
0.253995 1
0.186183 1
0.200934 1
0.053668 1
0.106551 1
0.315828 2
0.218008 52
0.895384 14
0.193645 30
0.683868 2
0.024179 442
10.676330 1
0.130798 1
0.300872 1
0.381694 1
0.074934 1
0.555332 1
0.523619 1
0.069324 1
0.195661 1
0.085966 1
0.413257 1
0.484396 4
0.421985 1
0.310905 4
0.195782 1
0.330565 1
0.345068 1
0.168348 1
0.150526 1
0.254374 1
0.106623 1
0.872509 2
0.013373 52
1.638093 1
0.128464 1
0.201075 1
0.092787 1
0.184072 1
0.256532 2
0.023542 234
7.155759 1
0.234814 1
0.091286 1
0.160400 1
1.606411 10
0.011229 8
0.000031 41
0.459312 16
0.875983 4
0.123175 1
0.453413 11
1.921505 53
0.035880 45
1.247153 1
0.085806 1
0.096435 1
0.175041 1
0.426121 1
0.133594 1
0.254048 1
0.106622 1
0.235818 1
0.190536 1
0.112845 1
0.123285 1
0.106555 1
0.244320 1
0.600003 1
0.127376 6
0.463629 60
0.879314 1
0.246916 1
0.203889 1
0.126510 1
0.190263 1
0.231645 2
0.009561 240
2.776510 1
0.217757 1
0.106743 1
0.112567 1
0.225095 10
0.003489 49
0.539794 1
0.242063 1
0.063878 1
0.140251 1
0.189525 11
0.000068 6
